mode: set
terraform-provider-arubacloud/main.go:24.13,37.16 6 0
terraform-provider-arubacloud/main.go:37.16,39.3 1 0
terraform-provider-arubacloud/internal/provider/backup_data_source.go:18.50,20.2 1 0
terraform-provider-arubacloud/internal/provider/backup_data_source.go:38.125,40.2 1 0
terraform-provider-arubacloud/internal/provider/backup_data_source.go:42.119,85.2 1 0
terraform-provider-arubacloud/internal/provider/backup_data_source.go:87.128,88.29 1 0
terraform-provider-arubacloud/internal/provider/backup_data_source.go:88.29,90.3 1 0
terraform-provider-arubacloud/internal/provider/backup_data_source.go:91.2,92.9 2 0
terraform-provider-arubacloud/internal/provider/backup_data_source.go:92.9,98.3 2 0
terraform-provider-arubacloud/internal/provider/backup_data_source.go:99.2,99.19 1 0
terraform-provider-arubacloud/internal/provider/backup_data_source.go:102.113,105.33 3 0
terraform-provider-arubacloud/internal/provider/backup_data_source.go:105.33,107.3 1 0
terraform-provider-arubacloud/internal/provider/backup_data_source.go:108.2,110.56 3 0
terraform-provider-arubacloud/internal/provider/backup_resource.go:40.44,42.2 1 0
terraform-provider-arubacloud/internal/provider/backup_resource.go:44.119,46.2 1 0
terraform-provider-arubacloud/internal/provider/backup_resource.go:48.113,95.2 1 0
terraform-provider-arubacloud/internal/provider/backup_resource.go:97.122,98.29 1 0
terraform-provider-arubacloud/internal/provider/backup_resource.go:98.29,100.3 1 0
terraform-provider-arubacloud/internal/provider/backup_resource.go:101.2,102.9 2 0
terraform-provider-arubacloud/internal/provider/backup_resource.go:102.9,108.3 2 0
terraform-provider-arubacloud/internal/provider/backup_resource.go:109.2,109.19 1 0
terraform-provider-arubacloud/internal/provider/backup_resource.go:112.113,115.33 3 0
terraform-provider-arubacloud/internal/provider/backup_resource.go:115.33,117.3 1 0
terraform-provider-arubacloud/internal/provider/backup_resource.go:119.2,122.39 3 0
terraform-provider-arubacloud/internal/provider/backup_resource.go:122.39,128.3 2 0
terraform-provider-arubacloud/internal/provider/backup_resource.go:131.2,132.51 2 0
terraform-provider-arubacloud/internal/provider/backup_resource.go:132.51,135.34 3 0
terraform-provider-arubacloud/internal/provider/backup_resource.go:135.34,137.4 1 0
terraform-provider-arubacloud/internal/provider/backup_resource.go:141.2,142.16 2 0
terraform-provider-arubacloud/internal/provider/backup_resource.go:142.16,148.3 2 0
terraform-provider-arubacloud/internal/provider/backup_resource.go:150.2,150.57 1 0
terraform-provider-arubacloud/internal/provider/backup_resource.go:150.57,156.3 2 0
terraform-provider-arubacloud/internal/provider/backup_resource.go:158.2,159.45 2 0
terraform-provider-arubacloud/internal/provider/backup_resource.go:159.45,161.3 1 0
terraform-provider-arubacloud/internal/provider/backup_resource.go:161.8,167.3 2 0
terraform-provider-arubacloud/internal/provider/backup_resource.go:170.2,189.69 2 0
terraform-provider-arubacloud/internal/provider/backup_resource.go:189.69,192.3 2 0
terraform-provider-arubacloud/internal/provider/backup_resource.go:194.2,194.69 1 0
terraform-provider-arubacloud/internal/provider/backup_resource.go:194.69,197.3 2 0
terraform-provider-arubacloud/internal/provider/backup_resource.go:200.2,201.16 2 0
terraform-provider-arubacloud/internal/provider/backup_resource.go:201.16,207.3 2 0
terraform-provider-arubacloud/internal/provider/backup_resource.go:209.2,209.68 1 0
terraform-provider-arubacloud/internal/provider/backup_resource.go:209.68,211.34 2 0
terraform-provider-arubacloud/internal/provider/backup_resource.go:211.34,213.4 1 0
terraform-provider-arubacloud/internal/provider/backup_resource.go:214.3,214.35 1 0
terraform-provider-arubacloud/internal/provider/backup_resource.go:214.35,216.4 1 0
terraform-provider-arubacloud/internal/provider/backup_resource.go:217.3,218.9 2 0
terraform-provider-arubacloud/internal/provider/backup_resource.go:221.2,221.45 1 0
terraform-provider-arubacloud/internal/provider/backup_resource.go:221.45,222.39 1 0
terraform-provider-arubacloud/internal/provider/backup_resource.go:222.39,224.4 1 0
terraform-provider-arubacloud/internal/provider/backup_resource.go:225.3,225.40 1 0
terraform-provider-arubacloud/internal/provider/backup_resource.go:225.40,227.4 1 0
terraform-provider-arubacloud/internal/provider/backup_resource.go:227.9,229.4 1 0
terraform-provider-arubacloud/internal/provider/backup_resource.go:230.8,236.3 2 0
terraform-provider-arubacloud/internal/provider/backup_resource.go:240.2,241.55 2 0
terraform-provider-arubacloud/internal/provider/backup_resource.go:241.55,243.17 2 0
terraform-provider-arubacloud/internal/provider/backup_resource.go:243.17,245.4 1 0
terraform-provider-arubacloud/internal/provider/backup_resource.go:246.3,246.80 1 0
terraform-provider-arubacloud/internal/provider/backup_resource.go:246.80,248.4 1 0
terraform-provider-arubacloud/internal/provider/backup_resource.go:249.3,249.24 1 0
terraform-provider-arubacloud/internal/provider/backup_resource.go:253.2,253.106 1 0
terraform-provider-arubacloud/internal/provider/backup_resource.go:253.106,259.3 2 0
terraform-provider-arubacloud/internal/provider/backup_resource.go:261.2,266.56 2 0
terraform-provider-arubacloud/internal/provider/backup_resource.go:269.107,272.33 3 0
terraform-provider-arubacloud/internal/provider/backup_resource.go:272.33,274.3 1 0
terraform-provider-arubacloud/internal/provider/backup_resource.go:276.2,279.39 3 0
terraform-provider-arubacloud/internal/provider/backup_resource.go:279.39,285.3 2 0
terraform-provider-arubacloud/internal/provider/backup_resource.go:288.2,289.16 2 0
terraform-provider-arubacloud/internal/provider/backup_resource.go:289.16,295.3 2 0
terraform-provider-arubacloud/internal/provider/backup_resource.go:297.2,297.68 1 0
terraform-provider-arubacloud/internal/provider/backup_resource.go:297.68,298.33 1 0
terraform-provider-arubacloud/internal/provider/backup_resource.go:298.33,301.4 2 0
terraform-provider-arubacloud/internal/provider/backup_resource.go:302.3,303.34 2 0
terraform-provider-arubacloud/internal/provider/backup_resource.go:303.34,305.4 1 0
terraform-provider-arubacloud/internal/provider/backup_resource.go:306.3,306.35 1 0
terraform-provider-arubacloud/internal/provider/backup_resource.go:306.35,308.4 1 0
terraform-provider-arubacloud/internal/provider/backup_resource.go:309.3,310.9 2 0
terraform-provider-arubacloud/internal/provider/backup_resource.go:313.2,313.45 1 0
terraform-provider-arubacloud/internal/provider/backup_resource.go:313.45,316.32 2 0
terraform-provider-arubacloud/internal/provider/backup_resource.go:316.32,318.4 1 0
terraform-provider-arubacloud/internal/provider/backup_resource.go:319.3,319.33 1 0
terraform-provider-arubacloud/internal/provider/backup_resource.go:319.33,321.4 1 0
terraform-provider-arubacloud/internal/provider/backup_resource.go:321.9,323.4 1 0
terraform-provider-arubacloud/internal/provider/backup_resource.go:324.3,324.34 1 0
terraform-provider-arubacloud/internal/provider/backup_resource.go:324.34,326.4 1 0
terraform-provider-arubacloud/internal/provider/backup_resource.go:327.3,327.46 1 0
terraform-provider-arubacloud/internal/provider/backup_resource.go:327.46,329.4 1 0
terraform-provider-arubacloud/internal/provider/backup_resource.go:332.3,332.41 1 0
terraform-provider-arubacloud/internal/provider/backup_resource.go:332.41,335.22 2 0
terraform-provider-arubacloud/internal/provider/backup_resource.go:335.22,337.5 1 0
terraform-provider-arubacloud/internal/provider/backup_resource.go:339.3,339.45 1 0
terraform-provider-arubacloud/internal/provider/backup_resource.go:339.45,341.4 1 0
terraform-provider-arubacloud/internal/provider/backup_resource.go:342.3,342.45 1 0
terraform-provider-arubacloud/internal/provider/backup_resource.go:342.45,344.4 1 0
terraform-provider-arubacloud/internal/provider/backup_resource.go:347.3,347.36 1 0
terraform-provider-arubacloud/internal/provider/backup_resource.go:347.36,349.45 2 0
terraform-provider-arubacloud/internal/provider/backup_resource.go:349.45,351.5 1 0
terraform-provider-arubacloud/internal/provider/backup_resource.go:352.4,354.36 3 0
terraform-provider-arubacloud/internal/provider/backup_resource.go:354.36,356.5 1 0
terraform-provider-arubacloud/internal/provider/backup_resource.go:357.9,360.36 3 0
terraform-provider-arubacloud/internal/provider/backup_resource.go:360.36,362.5 1 0
terraform-provider-arubacloud/internal/provider/backup_resource.go:364.8,367.3 2 0
terraform-provider-arubacloud/internal/provider/backup_resource.go:369.2,369.56 1 0
terraform-provider-arubacloud/internal/provider/backup_resource.go:372.113,377.33 4 0
terraform-provider-arubacloud/internal/provider/backup_resource.go:377.33,379.3 1 0
terraform-provider-arubacloud/internal/provider/backup_resource.go:381.2,382.33 2 0
terraform-provider-arubacloud/internal/provider/backup_resource.go:382.33,384.3 1 0
terraform-provider-arubacloud/internal/provider/backup_resource.go:387.2,390.39 3 0
terraform-provider-arubacloud/internal/provider/backup_resource.go:390.39,396.3 2 0
terraform-provider-arubacloud/internal/provider/backup_resource.go:399.2,400.16 2 0
terraform-provider-arubacloud/internal/provider/backup_resource.go:400.16,406.3 2 0
terraform-provider-arubacloud/internal/provider/backup_resource.go:408.2,408.51 1 0
terraform-provider-arubacloud/internal/provider/backup_resource.go:408.51,414.3 2 0
terraform-provider-arubacloud/internal/provider/backup_resource.go:416.2,420.46 3 0
terraform-provider-arubacloud/internal/provider/backup_resource.go:420.46,422.3 1 0
terraform-provider-arubacloud/internal/provider/backup_resource.go:423.2,423.23 1 0
terraform-provider-arubacloud/internal/provider/backup_resource.go:423.23,429.3 2 0
terraform-provider-arubacloud/internal/provider/backup_resource.go:432.2,433.51 2 0
terraform-provider-arubacloud/internal/provider/backup_resource.go:433.51,436.34 3 0
terraform-provider-arubacloud/internal/provider/backup_resource.go:436.34,438.4 1 0
terraform-provider-arubacloud/internal/provider/backup_resource.go:439.8,441.3 1 0
terraform-provider-arubacloud/internal/provider/backup_resource.go:444.2,466.16 3 0
terraform-provider-arubacloud/internal/provider/backup_resource.go:466.16,472.3 2 0
terraform-provider-arubacloud/internal/provider/backup_resource.go:474.2,474.68 1 0
terraform-provider-arubacloud/internal/provider/backup_resource.go:474.68,476.34 2 0
terraform-provider-arubacloud/internal/provider/backup_resource.go:476.34,478.4 1 0
terraform-provider-arubacloud/internal/provider/backup_resource.go:479.3,479.35 1 0
terraform-provider-arubacloud/internal/provider/backup_resource.go:479.35,481.4 1 0
terraform-provider-arubacloud/internal/provider/backup_resource.go:482.3,483.9 2 0
terraform-provider-arubacloud/internal/provider/backup_resource.go:487.2,495.45 8 0
terraform-provider-arubacloud/internal/provider/backup_resource.go:495.45,497.39 1 0
terraform-provider-arubacloud/internal/provider/backup_resource.go:497.39,499.4 1 0
terraform-provider-arubacloud/internal/provider/backup_resource.go:500.3,500.40 1 0
terraform-provider-arubacloud/internal/provider/backup_resource.go:500.40,502.4 1 0
terraform-provider-arubacloud/internal/provider/backup_resource.go:503.8,506.58 2 0
terraform-provider-arubacloud/internal/provider/backup_resource.go:506.58,507.40 1 0
terraform-provider-arubacloud/internal/provider/backup_resource.go:507.40,509.5 1 0
terraform-provider-arubacloud/internal/provider/backup_resource.go:509.10,511.5 1 0
terraform-provider-arubacloud/internal/provider/backup_resource.go:512.9,515.4 1 0
terraform-provider-arubacloud/internal/provider/backup_resource.go:518.2,518.56 1 0
terraform-provider-arubacloud/internal/provider/backup_resource.go:521.113,524.33 3 0
terraform-provider-arubacloud/internal/provider/backup_resource.go:524.33,526.3 1 0
terraform-provider-arubacloud/internal/provider/backup_resource.go:528.2,531.39 3 0
terraform-provider-arubacloud/internal/provider/backup_resource.go:531.39,537.3 2 0
terraform-provider-arubacloud/internal/provider/backup_resource.go:541.2,543.31 1 0
terraform-provider-arubacloud/internal/provider/backup_resource.go:543.31,545.4 1 0
terraform-provider-arubacloud/internal/provider/backup_resource.go:552.2,552.16 1 0
terraform-provider-arubacloud/internal/provider/backup_resource.go:552.16,558.3 2 0
terraform-provider-arubacloud/internal/provider/backup_resource.go:560.2,562.4 1 0
terraform-provider-arubacloud/internal/provider/backup_resource.go:565.128,567.2 1 0
terraform-provider-arubacloud/internal/provider/blockstorage_data_source.go:18.56,20.2 1 0
terraform-provider-arubacloud/internal/provider/blockstorage_data_source.go:43.131,45.2 1 0
terraform-provider-arubacloud/internal/provider/blockstorage_data_source.go:47.125,99.2 1 0
terraform-provider-arubacloud/internal/provider/blockstorage_data_source.go:101.134,102.29 1 0
terraform-provider-arubacloud/internal/provider/blockstorage_data_source.go:102.29,104.3 1 0
terraform-provider-arubacloud/internal/provider/blockstorage_data_source.go:105.2,106.9 2 0
terraform-provider-arubacloud/internal/provider/blockstorage_data_source.go:106.9,112.3 2 0
terraform-provider-arubacloud/internal/provider/blockstorage_data_source.go:113.2,113.19 1 0
terraform-provider-arubacloud/internal/provider/blockstorage_data_source.go:116.119,119.33 3 0
terraform-provider-arubacloud/internal/provider/blockstorage_data_source.go:119.33,121.3 1 0
terraform-provider-arubacloud/internal/provider/blockstorage_data_source.go:122.2,124.56 3 0
terraform-provider-arubacloud/internal/provider/blockstorage_resource.go:24.50,26.2 1 0
terraform-provider-arubacloud/internal/provider/blockstorage_resource.go:47.125,49.2 1 0
terraform-provider-arubacloud/internal/provider/blockstorage_resource.go:51.119,109.2 1 0
terraform-provider-arubacloud/internal/provider/blockstorage_resource.go:111.128,112.29 1 0
terraform-provider-arubacloud/internal/provider/blockstorage_resource.go:112.29,114.3 1 0
terraform-provider-arubacloud/internal/provider/blockstorage_resource.go:115.2,116.9 2 0
terraform-provider-arubacloud/internal/provider/blockstorage_resource.go:116.9,122.3 2 0
terraform-provider-arubacloud/internal/provider/blockstorage_resource.go:123.2,123.19 1 0
terraform-provider-arubacloud/internal/provider/blockstorage_resource.go:126.119,129.33 3 0
terraform-provider-arubacloud/internal/provider/blockstorage_resource.go:129.33,131.3 1 0
terraform-provider-arubacloud/internal/provider/blockstorage_resource.go:133.2,134.21 2 0
terraform-provider-arubacloud/internal/provider/blockstorage_resource.go:134.21,140.3 2 0
terraform-provider-arubacloud/internal/provider/blockstorage_resource.go:143.2,143.88 1 0
terraform-provider-arubacloud/internal/provider/blockstorage_resource.go:143.88,144.86 1 0
terraform-provider-arubacloud/internal/provider/blockstorage_resource.go:144.86,150.4 2 0
terraform-provider-arubacloud/internal/provider/blockstorage_resource.go:154.2,155.51 2 0
terraform-provider-arubacloud/internal/provider/blockstorage_resource.go:155.51,158.34 3 0
terraform-provider-arubacloud/internal/provider/blockstorage_resource.go:158.34,160.4 1 0
terraform-provider-arubacloud/internal/provider/blockstorage_resource.go:164.2,182.51 2 0
terraform-provider-arubacloud/internal/provider/blockstorage_resource.go:182.51,185.3 2 0
terraform-provider-arubacloud/internal/provider/blockstorage_resource.go:188.2,188.59 1 0
terraform-provider-arubacloud/internal/provider/blockstorage_resource.go:188.59,191.3 2 0
terraform-provider-arubacloud/internal/provider/blockstorage_resource.go:192.2,192.53 1 0
terraform-provider-arubacloud/internal/provider/blockstorage_resource.go:192.53,195.3 2 0
terraform-provider-arubacloud/internal/provider/blockstorage_resource.go:198.2,199.16 2 0
terraform-provider-arubacloud/internal/provider/blockstorage_resource.go:199.16,205.3 2 0
terraform-provider-arubacloud/internal/provider/blockstorage_resource.go:207.2,207.68 1 0
terraform-provider-arubacloud/internal/provider/blockstorage_resource.go:207.68,209.34 2 0
terraform-provider-arubacloud/internal/provider/blockstorage_resource.go:209.34,211.4 1 0
terraform-provider-arubacloud/internal/provider/blockstorage_resource.go:212.3,212.35 1 0
terraform-provider-arubacloud/internal/provider/blockstorage_resource.go:212.35,214.4 1 0
terraform-provider-arubacloud/internal/provider/blockstorage_resource.go:215.3,216.9 2 0
terraform-provider-arubacloud/internal/provider/blockstorage_resource.go:219.2,219.45 1 0
terraform-provider-arubacloud/internal/provider/blockstorage_resource.go:219.45,220.39 1 0
terraform-provider-arubacloud/internal/provider/blockstorage_resource.go:220.39,222.4 1 0
terraform-provider-arubacloud/internal/provider/blockstorage_resource.go:223.3,223.40 1 0
terraform-provider-arubacloud/internal/provider/blockstorage_resource.go:223.40,225.4 1 0
terraform-provider-arubacloud/internal/provider/blockstorage_resource.go:225.9,227.4 1 0
terraform-provider-arubacloud/internal/provider/blockstorage_resource.go:228.3,228.42 1 0
terraform-provider-arubacloud/internal/provider/blockstorage_resource.go:228.42,230.4 1 0
terraform-provider-arubacloud/internal/provider/blockstorage_resource.go:230.9,232.4 1 0
terraform-provider-arubacloud/internal/provider/blockstorage_resource.go:235.3,235.47 1 0
terraform-provider-arubacloud/internal/provider/blockstorage_resource.go:235.47,237.4 1 0
terraform-provider-arubacloud/internal/provider/blockstorage_resource.go:237.9,240.4 1 0
terraform-provider-arubacloud/internal/provider/blockstorage_resource.go:241.3,241.44 1 0
terraform-provider-arubacloud/internal/provider/blockstorage_resource.go:241.44,243.4 1 0
terraform-provider-arubacloud/internal/provider/blockstorage_resource.go:243.9,245.4 1 0
terraform-provider-arubacloud/internal/provider/blockstorage_resource.go:246.8,252.3 2 0
terraform-provider-arubacloud/internal/provider/blockstorage_resource.go:256.2,257.55 2 0
terraform-provider-arubacloud/internal/provider/blockstorage_resource.go:257.55,259.17 2 0
terraform-provider-arubacloud/internal/provider/blockstorage_resource.go:259.17,261.4 1 0
terraform-provider-arubacloud/internal/provider/blockstorage_resource.go:262.3,262.80 1 0
terraform-provider-arubacloud/internal/provider/blockstorage_resource.go:262.80,264.4 1 0
terraform-provider-arubacloud/internal/provider/blockstorage_resource.go:265.3,265.24 1 0
terraform-provider-arubacloud/internal/provider/blockstorage_resource.go:269.2,269.112 1 0
terraform-provider-arubacloud/internal/provider/blockstorage_resource.go:269.112,275.3 2 0
terraform-provider-arubacloud/internal/provider/blockstorage_resource.go:278.2,279.57 2 0
terraform-provider-arubacloud/internal/provider/blockstorage_resource.go:279.57,281.38 1 0
terraform-provider-arubacloud/internal/provider/blockstorage_resource.go:281.38,283.4 1 0
terraform-provider-arubacloud/internal/provider/blockstorage_resource.go:284.3,284.39 1 0
terraform-provider-arubacloud/internal/provider/blockstorage_resource.go:284.39,286.4 1 0
terraform-provider-arubacloud/internal/provider/blockstorage_resource.go:286.9,288.4 1 0
terraform-provider-arubacloud/internal/provider/blockstorage_resource.go:290.3,290.40 1 0
terraform-provider-arubacloud/internal/provider/blockstorage_resource.go:290.40,292.4 1 0
terraform-provider-arubacloud/internal/provider/blockstorage_resource.go:293.3,293.52 1 0
terraform-provider-arubacloud/internal/provider/blockstorage_resource.go:293.52,295.4 1 0
terraform-provider-arubacloud/internal/provider/blockstorage_resource.go:296.3,296.41 1 0
terraform-provider-arubacloud/internal/provider/blockstorage_resource.go:296.41,298.4 1 0
terraform-provider-arubacloud/internal/provider/blockstorage_resource.go:298.9,300.4 1 0
terraform-provider-arubacloud/internal/provider/blockstorage_resource.go:302.3,302.46 1 0
terraform-provider-arubacloud/internal/provider/blockstorage_resource.go:302.46,304.4 1 0
terraform-provider-arubacloud/internal/provider/blockstorage_resource.go:304.9,306.4 1 0
terraform-provider-arubacloud/internal/provider/blockstorage_resource.go:307.3,307.43 1 0
terraform-provider-arubacloud/internal/provider/blockstorage_resource.go:307.43,309.4 1 0
terraform-provider-arubacloud/internal/provider/blockstorage_resource.go:309.9,311.4 1 0
terraform-provider-arubacloud/internal/provider/blockstorage_resource.go:312.8,312.23 1 0
terraform-provider-arubacloud/internal/provider/blockstorage_resource.go:312.23,315.3 1 0
terraform-provider-arubacloud/internal/provider/blockstorage_resource.go:317.2,322.56 2 0
terraform-provider-arubacloud/internal/provider/blockstorage_resource.go:325.113,328.33 3 0
terraform-provider-arubacloud/internal/provider/blockstorage_resource.go:328.33,330.3 1 0
terraform-provider-arubacloud/internal/provider/blockstorage_resource.go:332.2,338.63 3 0
terraform-provider-arubacloud/internal/provider/blockstorage_resource.go:338.63,341.85 1 0
terraform-provider-arubacloud/internal/provider/blockstorage_resource.go:341.85,348.4 3 0
terraform-provider-arubacloud/internal/provider/blockstorage_resource.go:350.3,351.9 2 0
terraform-provider-arubacloud/internal/provider/blockstorage_resource.go:354.2,354.21 1 0
terraform-provider-arubacloud/internal/provider/blockstorage_resource.go:354.21,356.60 1 0
terraform-provider-arubacloud/internal/provider/blockstorage_resource.go:356.60,359.4 2 0
terraform-provider-arubacloud/internal/provider/blockstorage_resource.go:360.3,364.9 2 0
terraform-provider-arubacloud/internal/provider/blockstorage_resource.go:368.2,369.16 2 0
terraform-provider-arubacloud/internal/provider/blockstorage_resource.go:369.16,375.3 2 0
terraform-provider-arubacloud/internal/provider/blockstorage_resource.go:377.2,377.68 1 0
terraform-provider-arubacloud/internal/provider/blockstorage_resource.go:377.68,378.33 1 0
terraform-provider-arubacloud/internal/provider/blockstorage_resource.go:378.33,381.4 2 0
terraform-provider-arubacloud/internal/provider/blockstorage_resource.go:382.3,383.34 2 0
terraform-provider-arubacloud/internal/provider/blockstorage_resource.go:383.34,385.4 1 0
terraform-provider-arubacloud/internal/provider/blockstorage_resource.go:386.3,386.35 1 0
terraform-provider-arubacloud/internal/provider/blockstorage_resource.go:386.35,388.4 1 0
terraform-provider-arubacloud/internal/provider/blockstorage_resource.go:389.3,390.9 2 0
terraform-provider-arubacloud/internal/provider/blockstorage_resource.go:393.2,393.45 1 0
terraform-provider-arubacloud/internal/provider/blockstorage_resource.go:393.45,396.32 2 0
terraform-provider-arubacloud/internal/provider/blockstorage_resource.go:396.32,398.4 1 0
terraform-provider-arubacloud/internal/provider/blockstorage_resource.go:399.3,399.33 1 0
terraform-provider-arubacloud/internal/provider/blockstorage_resource.go:399.33,401.4 1 0
terraform-provider-arubacloud/internal/provider/blockstorage_resource.go:401.9,403.51 1 0
terraform-provider-arubacloud/internal/provider/blockstorage_resource.go:403.52,406.5 0 0
terraform-provider-arubacloud/internal/provider/blockstorage_resource.go:406.10,406.40 1 0
terraform-provider-arubacloud/internal/provider/blockstorage_resource.go:406.40,410.5 2 0
terraform-provider-arubacloud/internal/provider/blockstorage_resource.go:410.10,412.5 1 0
terraform-provider-arubacloud/internal/provider/blockstorage_resource.go:414.3,414.34 1 0
terraform-provider-arubacloud/internal/provider/blockstorage_resource.go:414.34,416.4 1 0
terraform-provider-arubacloud/internal/provider/blockstorage_resource.go:417.3,417.46 1 0
terraform-provider-arubacloud/internal/provider/blockstorage_resource.go:417.46,419.4 1 0
terraform-provider-arubacloud/internal/provider/blockstorage_resource.go:420.3,423.35 3 0
terraform-provider-arubacloud/internal/provider/blockstorage_resource.go:423.35,425.4 1 0
terraform-provider-arubacloud/internal/provider/blockstorage_resource.go:425.9,428.4 1 0
terraform-provider-arubacloud/internal/provider/blockstorage_resource.go:432.3,432.40 1 0
terraform-provider-arubacloud/internal/provider/blockstorage_resource.go:432.40,434.4 1 0
terraform-provider-arubacloud/internal/provider/blockstorage_resource.go:434.9,437.4 1 0
terraform-provider-arubacloud/internal/provider/blockstorage_resource.go:438.3,438.37 1 0
terraform-provider-arubacloud/internal/provider/blockstorage_resource.go:438.37,440.4 1 0
terraform-provider-arubacloud/internal/provider/blockstorage_resource.go:440.9,442.4 1 0
terraform-provider-arubacloud/internal/provider/blockstorage_resource.go:445.3,445.36 1 0
terraform-provider-arubacloud/internal/provider/blockstorage_resource.go:445.36,447.45 2 0
terraform-provider-arubacloud/internal/provider/blockstorage_resource.go:447.45,449.5 1 0
terraform-provider-arubacloud/internal/provider/blockstorage_resource.go:450.4,452.36 3 0
terraform-provider-arubacloud/internal/provider/blockstorage_resource.go:452.36,454.5 1 0
terraform-provider-arubacloud/internal/provider/blockstorage_resource.go:455.9,458.36 3 0
terraform-provider-arubacloud/internal/provider/blockstorage_resource.go:458.36,460.5 1 0
terraform-provider-arubacloud/internal/provider/blockstorage_resource.go:462.8,465.3 2 0
terraform-provider-arubacloud/internal/provider/blockstorage_resource.go:467.2,467.56 1 0
terraform-provider-arubacloud/internal/provider/blockstorage_resource.go:470.119,475.33 4 0
terraform-provider-arubacloud/internal/provider/blockstorage_resource.go:475.33,477.3 1 0
terraform-provider-arubacloud/internal/provider/blockstorage_resource.go:479.2,480.33 2 0
terraform-provider-arubacloud/internal/provider/blockstorage_resource.go:480.33,482.3 1 0
terraform-provider-arubacloud/internal/provider/blockstorage_resource.go:485.2,488.39 3 0
terraform-provider-arubacloud/internal/provider/blockstorage_resource.go:488.39,494.3 2 0
terraform-provider-arubacloud/internal/provider/blockstorage_resource.go:497.2,498.16 2 0
terraform-provider-arubacloud/internal/provider/blockstorage_resource.go:498.16,504.3 2 0
terraform-provider-arubacloud/internal/provider/blockstorage_resource.go:506.2,506.51 1 0
terraform-provider-arubacloud/internal/provider/blockstorage_resource.go:506.51,512.3 2 0
terraform-provider-arubacloud/internal/provider/blockstorage_resource.go:514.2,517.33 2 0
terraform-provider-arubacloud/internal/provider/blockstorage_resource.go:517.33,519.46 2 0
terraform-provider-arubacloud/internal/provider/blockstorage_resource.go:519.46,525.4 2 0
terraform-provider-arubacloud/internal/provider/blockstorage_resource.go:529.2,530.46 2 0
terraform-provider-arubacloud/internal/provider/blockstorage_resource.go:530.46,532.3 1 0
terraform-provider-arubacloud/internal/provider/blockstorage_resource.go:533.2,533.23 1 0
terraform-provider-arubacloud/internal/provider/blockstorage_resource.go:533.23,539.3 2 0
terraform-provider-arubacloud/internal/provider/blockstorage_resource.go:542.2,543.51 2 0
terraform-provider-arubacloud/internal/provider/blockstorage_resource.go:543.51,546.34 3 0
terraform-provider-arubacloud/internal/provider/blockstorage_resource.go:546.34,548.4 1 0
terraform-provider-arubacloud/internal/provider/blockstorage_resource.go:549.8,551.3 1 0
terraform-provider-arubacloud/internal/provider/blockstorage_resource.go:554.2,555.35 2 0
terraform-provider-arubacloud/internal/provider/blockstorage_resource.go:555.35,557.3 1 0
terraform-provider-arubacloud/internal/provider/blockstorage_resource.go:561.2,562.55 2 0
terraform-provider-arubacloud/internal/provider/blockstorage_resource.go:562.55,564.3 1 0
terraform-provider-arubacloud/internal/provider/blockstorage_resource.go:567.2,568.69 2 0
terraform-provider-arubacloud/internal/provider/blockstorage_resource.go:568.69,570.3 1 0
terraform-provider-arubacloud/internal/provider/blockstorage_resource.go:572.2,592.16 3 0
terraform-provider-arubacloud/internal/provider/blockstorage_resource.go:592.16,598.3 2 0
terraform-provider-arubacloud/internal/provider/blockstorage_resource.go:600.2,600.68 1 0
terraform-provider-arubacloud/internal/provider/blockstorage_resource.go:600.68,602.34 2 0
terraform-provider-arubacloud/internal/provider/blockstorage_resource.go:602.34,604.4 1 0
terraform-provider-arubacloud/internal/provider/blockstorage_resource.go:605.3,605.35 1 0
terraform-provider-arubacloud/internal/provider/blockstorage_resource.go:605.35,607.4 1 0
terraform-provider-arubacloud/internal/provider/blockstorage_resource.go:608.3,609.9 2 0
terraform-provider-arubacloud/internal/provider/blockstorage_resource.go:614.2,614.55 1 0
terraform-provider-arubacloud/internal/provider/blockstorage_resource.go:614.55,616.17 2 0
terraform-provider-arubacloud/internal/provider/blockstorage_resource.go:616.17,618.4 1 0
terraform-provider-arubacloud/internal/provider/blockstorage_resource.go:619.3,619.80 1 0
terraform-provider-arubacloud/internal/provider/blockstorage_resource.go:619.80,621.4 1 0
terraform-provider-arubacloud/internal/provider/blockstorage_resource.go:622.3,622.24 1 0
terraform-provider-arubacloud/internal/provider/blockstorage_resource.go:626.2,626.112 1 0
terraform-provider-arubacloud/internal/provider/blockstorage_resource.go:626.112,632.3 2 0
terraform-provider-arubacloud/internal/provider/blockstorage_resource.go:635.2,640.45 5 0
terraform-provider-arubacloud/internal/provider/blockstorage_resource.go:640.45,642.39 1 0
terraform-provider-arubacloud/internal/provider/blockstorage_resource.go:642.39,644.4 1 0
terraform-provider-arubacloud/internal/provider/blockstorage_resource.go:645.3,645.40 1 0
terraform-provider-arubacloud/internal/provider/blockstorage_resource.go:645.40,647.4 1 0
terraform-provider-arubacloud/internal/provider/blockstorage_resource.go:647.9,649.4 1 0
terraform-provider-arubacloud/internal/provider/blockstorage_resource.go:651.3,651.42 1 0
terraform-provider-arubacloud/internal/provider/blockstorage_resource.go:651.42,653.4 1 0
terraform-provider-arubacloud/internal/provider/blockstorage_resource.go:653.9,655.4 1 0
terraform-provider-arubacloud/internal/provider/blockstorage_resource.go:657.3,659.51 2 0
terraform-provider-arubacloud/internal/provider/blockstorage_resource.go:659.51,661.4 1 0
terraform-provider-arubacloud/internal/provider/blockstorage_resource.go:662.8,665.58 2 0
terraform-provider-arubacloud/internal/provider/blockstorage_resource.go:665.58,667.40 1 0
terraform-provider-arubacloud/internal/provider/blockstorage_resource.go:667.40,669.5 1 0
terraform-provider-arubacloud/internal/provider/blockstorage_resource.go:669.10,671.5 1 0
terraform-provider-arubacloud/internal/provider/blockstorage_resource.go:672.4,672.42 1 0
terraform-provider-arubacloud/internal/provider/blockstorage_resource.go:672.42,674.5 1 0
terraform-provider-arubacloud/internal/provider/blockstorage_resource.go:674.10,676.5 1 0
terraform-provider-arubacloud/internal/provider/blockstorage_resource.go:677.4,678.51 2 0
terraform-provider-arubacloud/internal/provider/blockstorage_resource.go:678.51,680.5 1 0
terraform-provider-arubacloud/internal/provider/blockstorage_resource.go:680.10,682.5 1 0
terraform-provider-arubacloud/internal/provider/blockstorage_resource.go:683.9,689.4 4 0
terraform-provider-arubacloud/internal/provider/blockstorage_resource.go:692.2,692.56 1 0
terraform-provider-arubacloud/internal/provider/blockstorage_resource.go:695.119,698.33 3 0
terraform-provider-arubacloud/internal/provider/blockstorage_resource.go:698.33,700.3 1 0
terraform-provider-arubacloud/internal/provider/blockstorage_resource.go:702.2,705.39 3 0
terraform-provider-arubacloud/internal/provider/blockstorage_resource.go:705.39,711.3 2 0
terraform-provider-arubacloud/internal/provider/blockstorage_resource.go:715.2,717.31 1 0
terraform-provider-arubacloud/internal/provider/blockstorage_resource.go:717.31,719.4 1 0
terraform-provider-arubacloud/internal/provider/blockstorage_resource.go:726.2,726.16 1 0
terraform-provider-arubacloud/internal/provider/blockstorage_resource.go:726.16,732.3 2 0
terraform-provider-arubacloud/internal/provider/blockstorage_resource.go:734.2,736.4 1 0
terraform-provider-arubacloud/internal/provider/blockstorage_resource.go:739.134,741.2 1 0
terraform-provider-arubacloud/internal/provider/cloudserver_data_source.go:37.55,39.2 1 0
terraform-provider-arubacloud/internal/provider/cloudserver_data_source.go:41.130,43.2 1 0
terraform-provider-arubacloud/internal/provider/cloudserver_data_source.go:45.124,101.2 1 0
terraform-provider-arubacloud/internal/provider/cloudserver_data_source.go:103.133,104.29 1 0
terraform-provider-arubacloud/internal/provider/cloudserver_data_source.go:104.29,106.3 1 0
terraform-provider-arubacloud/internal/provider/cloudserver_data_source.go:107.2,108.9 2 0
terraform-provider-arubacloud/internal/provider/cloudserver_data_source.go:108.9,114.3 2 0
terraform-provider-arubacloud/internal/provider/cloudserver_data_source.go:115.2,115.19 1 0
terraform-provider-arubacloud/internal/provider/cloudserver_data_source.go:118.118,121.33 3 0
terraform-provider-arubacloud/internal/provider/cloudserver_data_source.go:121.33,123.3 1 0
terraform-provider-arubacloud/internal/provider/cloudserver_data_source.go:125.2,127.56 3 0
terraform-provider-arubacloud/internal/provider/cloudserver_resource.go:45.49,47.2 1 0
terraform-provider-arubacloud/internal/provider/cloudserver_resource.go:49.124,51.2 1 0
terraform-provider-arubacloud/internal/provider/cloudserver_resource.go:53.118,130.2 1 0
terraform-provider-arubacloud/internal/provider/cloudserver_resource.go:132.127,133.29 1 0
terraform-provider-arubacloud/internal/provider/cloudserver_resource.go:133.29,135.3 1 0
terraform-provider-arubacloud/internal/provider/cloudserver_resource.go:136.2,137.9 2 0
terraform-provider-arubacloud/internal/provider/cloudserver_resource.go:137.9,143.3 2 0
terraform-provider-arubacloud/internal/provider/cloudserver_resource.go:144.2,144.19 1 0
terraform-provider-arubacloud/internal/provider/cloudserver_resource.go:147.118,150.33 3 0
terraform-provider-arubacloud/internal/provider/cloudserver_resource.go:150.33,152.3 1 0
terraform-provider-arubacloud/internal/provider/cloudserver_resource.go:154.2,155.21 2 0
terraform-provider-arubacloud/internal/provider/cloudserver_resource.go:155.21,161.3 2 0
terraform-provider-arubacloud/internal/provider/cloudserver_resource.go:164.2,165.69 2 0
terraform-provider-arubacloud/internal/provider/cloudserver_resource.go:165.69,169.34 4 0
terraform-provider-arubacloud/internal/provider/cloudserver_resource.go:169.34,171.4 1 0
terraform-provider-arubacloud/internal/provider/cloudserver_resource.go:173.3,173.40 1 0
terraform-provider-arubacloud/internal/provider/cloudserver_resource.go:173.40,177.4 1 0
terraform-provider-arubacloud/internal/provider/cloudserver_resource.go:181.2,182.83 2 0
terraform-provider-arubacloud/internal/provider/cloudserver_resource.go:182.83,186.34 4 0
terraform-provider-arubacloud/internal/provider/cloudserver_resource.go:186.34,188.4 1 0
terraform-provider-arubacloud/internal/provider/cloudserver_resource.go:190.3,190.32 1 0
terraform-provider-arubacloud/internal/provider/cloudserver_resource.go:190.32,194.4 1 0
terraform-provider-arubacloud/internal/provider/cloudserver_resource.go:198.2,199.51 2 0
terraform-provider-arubacloud/internal/provider/cloudserver_resource.go:199.51,202.34 3 0
terraform-provider-arubacloud/internal/provider/cloudserver_resource.go:202.34,204.4 1 0
terraform-provider-arubacloud/internal/provider/cloudserver_resource.go:208.2,244.69 6 0
terraform-provider-arubacloud/internal/provider/cloudserver_resource.go:244.69,248.3 1 0
terraform-provider-arubacloud/internal/provider/cloudserver_resource.go:254.2,255.16 2 0
terraform-provider-arubacloud/internal/provider/cloudserver_resource.go:255.16,261.3 2 0
terraform-provider-arubacloud/internal/provider/cloudserver_resource.go:263.2,263.68 1 0
terraform-provider-arubacloud/internal/provider/cloudserver_resource.go:263.68,265.34 2 0
terraform-provider-arubacloud/internal/provider/cloudserver_resource.go:265.34,267.4 1 0
terraform-provider-arubacloud/internal/provider/cloudserver_resource.go:268.3,268.35 1 0
terraform-provider-arubacloud/internal/provider/cloudserver_resource.go:268.35,270.4 1 0
terraform-provider-arubacloud/internal/provider/cloudserver_resource.go:271.3,272.9 2 0
terraform-provider-arubacloud/internal/provider/cloudserver_resource.go:277.2,285.55 4 0
terraform-provider-arubacloud/internal/provider/cloudserver_resource.go:285.55,287.17 2 0
terraform-provider-arubacloud/internal/provider/cloudserver_resource.go:287.17,289.4 1 0
terraform-provider-arubacloud/internal/provider/cloudserver_resource.go:291.3,291.42 1 0
terraform-provider-arubacloud/internal/provider/cloudserver_resource.go:291.42,292.28 1 0
terraform-provider-arubacloud/internal/provider/cloudserver_resource.go:292.28,294.35 2 0
terraform-provider-arubacloud/internal/provider/cloudserver_resource.go:294.35,296.6 1 0
terraform-provider-arubacloud/internal/provider/cloudserver_resource.go:297.5,297.36 1 0
terraform-provider-arubacloud/internal/provider/cloudserver_resource.go:297.36,299.6 1 0
terraform-provider-arubacloud/internal/provider/cloudserver_resource.go:300.5,300.69 1 0
terraform-provider-arubacloud/internal/provider/cloudserver_resource.go:302.4,302.69 1 0
terraform-provider-arubacloud/internal/provider/cloudserver_resource.go:305.3,305.80 1 0
terraform-provider-arubacloud/internal/provider/cloudserver_resource.go:305.80,307.4 1 0
terraform-provider-arubacloud/internal/provider/cloudserver_resource.go:309.3,309.27 1 0
terraform-provider-arubacloud/internal/provider/cloudserver_resource.go:313.2,313.111 1 0
terraform-provider-arubacloud/internal/provider/cloudserver_resource.go:313.111,319.3 2 0
terraform-provider-arubacloud/internal/provider/cloudserver_resource.go:323.2,324.57 2 0
terraform-provider-arubacloud/internal/provider/cloudserver_resource.go:324.57,326.39 1 0
terraform-provider-arubacloud/internal/provider/cloudserver_resource.go:326.39,329.4 2 0
terraform-provider-arubacloud/internal/provider/cloudserver_resource.go:332.3,332.32 1 0
terraform-provider-arubacloud/internal/provider/cloudserver_resource.go:333.8,333.23 1 0
terraform-provider-arubacloud/internal/provider/cloudserver_resource.go:333.23,336.3 1 0
terraform-provider-arubacloud/internal/provider/cloudserver_resource.go:338.2,343.56 2 0
terraform-provider-arubacloud/internal/provider/cloudserver_resource.go:346.112,350.33 4 0
terraform-provider-arubacloud/internal/provider/cloudserver_resource.go:350.33,352.3 1 0
terraform-provider-arubacloud/internal/provider/cloudserver_resource.go:354.2,359.39 4 0
terraform-provider-arubacloud/internal/provider/cloudserver_resource.go:359.39,365.3 2 0
terraform-provider-arubacloud/internal/provider/cloudserver_resource.go:368.2,369.16 2 0
terraform-provider-arubacloud/internal/provider/cloudserver_resource.go:369.16,375.3 2 0
terraform-provider-arubacloud/internal/provider/cloudserver_resource.go:377.2,377.68 1 0
terraform-provider-arubacloud/internal/provider/cloudserver_resource.go:377.68,379.33 1 0
terraform-provider-arubacloud/internal/provider/cloudserver_resource.go:379.33,382.4 2 0
terraform-provider-arubacloud/internal/provider/cloudserver_resource.go:383.3,384.34 2 0
terraform-provider-arubacloud/internal/provider/cloudserver_resource.go:384.34,386.4 1 0
terraform-provider-arubacloud/internal/provider/cloudserver_resource.go:387.3,387.35 1 0
terraform-provider-arubacloud/internal/provider/cloudserver_resource.go:387.35,389.4 1 0
terraform-provider-arubacloud/internal/provider/cloudserver_resource.go:390.3,391.9 2 0
terraform-provider-arubacloud/internal/provider/cloudserver_resource.go:394.2,394.45 1 0
terraform-provider-arubacloud/internal/provider/cloudserver_resource.go:394.45,407.45 7 0
terraform-provider-arubacloud/internal/provider/cloudserver_resource.go:407.45,409.4 1 0
terraform-provider-arubacloud/internal/provider/cloudserver_resource.go:412.3,412.38 1 0
terraform-provider-arubacloud/internal/provider/cloudserver_resource.go:412.38,414.4 1 0
terraform-provider-arubacloud/internal/provider/cloudserver_resource.go:417.3,417.42 1 0
terraform-provider-arubacloud/internal/provider/cloudserver_resource.go:417.42,419.4 1 0
terraform-provider-arubacloud/internal/provider/cloudserver_resource.go:419.9,421.4 1 0
terraform-provider-arubacloud/internal/provider/cloudserver_resource.go:428.3,428.36 1 0
terraform-provider-arubacloud/internal/provider/cloudserver_resource.go:428.36,430.45 2 0
terraform-provider-arubacloud/internal/provider/cloudserver_resource.go:430.45,432.5 1 0
terraform-provider-arubacloud/internal/provider/cloudserver_resource.go:433.4,435.36 3 0
terraform-provider-arubacloud/internal/provider/cloudserver_resource.go:435.36,437.5 1 0
terraform-provider-arubacloud/internal/provider/cloudserver_resource.go:438.9,441.36 3 0
terraform-provider-arubacloud/internal/provider/cloudserver_resource.go:441.36,443.5 1 0
terraform-provider-arubacloud/internal/provider/cloudserver_resource.go:448.8,452.3 2 0
terraform-provider-arubacloud/internal/provider/cloudserver_resource.go:454.2,454.56 1 0
terraform-provider-arubacloud/internal/provider/cloudserver_resource.go:457.118,462.33 4 0
terraform-provider-arubacloud/internal/provider/cloudserver_resource.go:462.33,464.3 1 0
terraform-provider-arubacloud/internal/provider/cloudserver_resource.go:467.2,468.33 2 0
terraform-provider-arubacloud/internal/provider/cloudserver_resource.go:468.33,470.3 1 0
terraform-provider-arubacloud/internal/provider/cloudserver_resource.go:473.2,476.39 3 0
terraform-provider-arubacloud/internal/provider/cloudserver_resource.go:476.39,482.3 2 0
terraform-provider-arubacloud/internal/provider/cloudserver_resource.go:485.2,486.16 2 0
terraform-provider-arubacloud/internal/provider/cloudserver_resource.go:486.16,492.3 2 0
terraform-provider-arubacloud/internal/provider/cloudserver_resource.go:494.2,494.51 1 0
terraform-provider-arubacloud/internal/provider/cloudserver_resource.go:494.51,500.3 2 0
terraform-provider-arubacloud/internal/provider/cloudserver_resource.go:502.2,506.51 3 0
terraform-provider-arubacloud/internal/provider/cloudserver_resource.go:506.51,509.34 3 0
terraform-provider-arubacloud/internal/provider/cloudserver_resource.go:509.34,511.4 1 0
terraform-provider-arubacloud/internal/provider/cloudserver_resource.go:512.8,515.3 1 0
terraform-provider-arubacloud/internal/provider/cloudserver_resource.go:518.2,536.42 3 0
terraform-provider-arubacloud/internal/provider/cloudserver_resource.go:536.42,538.3 1 0
terraform-provider-arubacloud/internal/provider/cloudserver_resource.go:541.2,542.16 2 0
terraform-provider-arubacloud/internal/provider/cloudserver_resource.go:542.16,548.3 2 0
terraform-provider-arubacloud/internal/provider/cloudserver_resource.go:550.2,550.68 1 0
terraform-provider-arubacloud/internal/provider/cloudserver_resource.go:550.68,552.34 2 0
terraform-provider-arubacloud/internal/provider/cloudserver_resource.go:552.34,554.4 1 0
terraform-provider-arubacloud/internal/provider/cloudserver_resource.go:555.3,555.35 1 0
terraform-provider-arubacloud/internal/provider/cloudserver_resource.go:555.35,557.4 1 0
terraform-provider-arubacloud/internal/provider/cloudserver_resource.go:558.3,559.9 2 0
terraform-provider-arubacloud/internal/provider/cloudserver_resource.go:564.2,564.45 1 0
terraform-provider-arubacloud/internal/provider/cloudserver_resource.go:564.45,566.40 1 0
terraform-provider-arubacloud/internal/provider/cloudserver_resource.go:566.40,568.4 1 0
terraform-provider-arubacloud/internal/provider/cloudserver_resource.go:570.3,570.43 1 0
terraform-provider-arubacloud/internal/provider/cloudserver_resource.go:570.43,572.52 2 0
terraform-provider-arubacloud/internal/provider/cloudserver_resource.go:572.52,574.5 1 0
terraform-provider-arubacloud/internal/provider/cloudserver_resource.go:575.4,577.36 3 0
terraform-provider-arubacloud/internal/provider/cloudserver_resource.go:577.36,579.5 1 0
terraform-provider-arubacloud/internal/provider/cloudserver_resource.go:580.9,583.36 3 0
terraform-provider-arubacloud/internal/provider/cloudserver_resource.go:583.36,585.5 1 0
terraform-provider-arubacloud/internal/provider/cloudserver_resource.go:590.2,600.71 10 0
terraform-provider-arubacloud/internal/provider/cloudserver_resource.go:600.71,602.3 1 0
terraform-provider-arubacloud/internal/provider/cloudserver_resource.go:607.2,607.56 1 0
terraform-provider-arubacloud/internal/provider/cloudserver_resource.go:610.118,613.33 3 0
terraform-provider-arubacloud/internal/provider/cloudserver_resource.go:613.33,615.3 1 0
terraform-provider-arubacloud/internal/provider/cloudserver_resource.go:617.2,620.39 3 0
terraform-provider-arubacloud/internal/provider/cloudserver_resource.go:620.39,626.3 2 0
terraform-provider-arubacloud/internal/provider/cloudserver_resource.go:630.2,632.31 1 0
terraform-provider-arubacloud/internal/provider/cloudserver_resource.go:632.31,634.4 1 0
terraform-provider-arubacloud/internal/provider/cloudserver_resource.go:641.2,641.16 1 0
terraform-provider-arubacloud/internal/provider/cloudserver_resource.go:641.16,647.3 2 0
terraform-provider-arubacloud/internal/provider/cloudserver_resource.go:649.2,651.4 1 0
terraform-provider-arubacloud/internal/provider/cloudserver_resource.go:654.133,656.2 1 0
terraform-provider-arubacloud/internal/provider/containerregistry_data_source.go:18.61,20.2 1 0
terraform-provider-arubacloud/internal/provider/containerregistry_data_source.go:40.136,42.2 1 0
terraform-provider-arubacloud/internal/provider/containerregistry_data_source.go:44.130,95.2 1 0
terraform-provider-arubacloud/internal/provider/containerregistry_data_source.go:97.139,98.29 1 0
terraform-provider-arubacloud/internal/provider/containerregistry_data_source.go:98.29,100.3 1 0
terraform-provider-arubacloud/internal/provider/containerregistry_data_source.go:101.2,102.9 2 0
terraform-provider-arubacloud/internal/provider/containerregistry_data_source.go:102.9,108.3 2 0
terraform-provider-arubacloud/internal/provider/containerregistry_data_source.go:109.2,109.19 1 0
terraform-provider-arubacloud/internal/provider/containerregistry_data_source.go:112.124,115.33 3 0
terraform-provider-arubacloud/internal/provider/containerregistry_data_source.go:115.33,117.3 1 0
terraform-provider-arubacloud/internal/provider/containerregistry_data_source.go:118.2,120.56 3 0
terraform-provider-arubacloud/internal/provider/containerregistry_resource.go:45.55,47.2 1 0
terraform-provider-arubacloud/internal/provider/containerregistry_resource.go:49.130,51.2 1 0
terraform-provider-arubacloud/internal/provider/containerregistry_resource.go:53.124,134.2 1 0
terraform-provider-arubacloud/internal/provider/containerregistry_resource.go:136.133,137.29 1 0
terraform-provider-arubacloud/internal/provider/containerregistry_resource.go:137.29,139.3 1 0
terraform-provider-arubacloud/internal/provider/containerregistry_resource.go:140.2,141.9 2 0
terraform-provider-arubacloud/internal/provider/containerregistry_resource.go:141.9,147.3 2 0
terraform-provider-arubacloud/internal/provider/containerregistry_resource.go:148.2,148.19 1 0
terraform-provider-arubacloud/internal/provider/containerregistry_resource.go:151.124,154.33 3 0
terraform-provider-arubacloud/internal/provider/containerregistry_resource.go:154.33,156.3 1 0
terraform-provider-arubacloud/internal/provider/containerregistry_resource.go:158.2,159.21 2 0
terraform-provider-arubacloud/internal/provider/containerregistry_resource.go:159.21,165.3 2 0
terraform-provider-arubacloud/internal/provider/containerregistry_resource.go:168.2,169.51 2 0
terraform-provider-arubacloud/internal/provider/containerregistry_resource.go:169.51,172.34 3 0
terraform-provider-arubacloud/internal/provider/containerregistry_resource.go:172.34,174.4 1 0
terraform-provider-arubacloud/internal/provider/containerregistry_resource.go:178.2,215.69 7 0
terraform-provider-arubacloud/internal/provider/containerregistry_resource.go:215.69,219.3 1 0
terraform-provider-arubacloud/internal/provider/containerregistry_resource.go:221.2,221.61 1 0
terraform-provider-arubacloud/internal/provider/containerregistry_resource.go:221.61,225.3 1 0
terraform-provider-arubacloud/internal/provider/containerregistry_resource.go:227.2,227.73 1 0
terraform-provider-arubacloud/internal/provider/containerregistry_resource.go:227.73,230.3 2 0
terraform-provider-arubacloud/internal/provider/containerregistry_resource.go:233.2,234.28 2 0
terraform-provider-arubacloud/internal/provider/containerregistry_resource.go:234.28,240.3 2 0
terraform-provider-arubacloud/internal/provider/containerregistry_resource.go:242.2,243.27 2 0
terraform-provider-arubacloud/internal/provider/containerregistry_resource.go:243.27,249.3 2 0
terraform-provider-arubacloud/internal/provider/containerregistry_resource.go:251.2,252.16 2 0
terraform-provider-arubacloud/internal/provider/containerregistry_resource.go:252.16,258.3 2 0
terraform-provider-arubacloud/internal/provider/containerregistry_resource.go:260.2,260.68 1 0
terraform-provider-arubacloud/internal/provider/containerregistry_resource.go:260.68,262.34 2 0
terraform-provider-arubacloud/internal/provider/containerregistry_resource.go:262.34,264.4 1 0
terraform-provider-arubacloud/internal/provider/containerregistry_resource.go:265.3,265.35 1 0
terraform-provider-arubacloud/internal/provider/containerregistry_resource.go:265.35,267.4 1 0
terraform-provider-arubacloud/internal/provider/containerregistry_resource.go:268.3,269.9 2 0
terraform-provider-arubacloud/internal/provider/containerregistry_resource.go:272.2,272.45 1 0
terraform-provider-arubacloud/internal/provider/containerregistry_resource.go:272.45,273.39 1 0
terraform-provider-arubacloud/internal/provider/containerregistry_resource.go:273.39,275.4 1 0
terraform-provider-arubacloud/internal/provider/containerregistry_resource.go:276.3,276.40 1 0
terraform-provider-arubacloud/internal/provider/containerregistry_resource.go:276.40,278.4 1 0
terraform-provider-arubacloud/internal/provider/containerregistry_resource.go:278.9,280.4 1 0
terraform-provider-arubacloud/internal/provider/containerregistry_resource.go:281.8,287.3 2 0
terraform-provider-arubacloud/internal/provider/containerregistry_resource.go:291.2,292.55 2 0
terraform-provider-arubacloud/internal/provider/containerregistry_resource.go:292.55,294.17 2 0
terraform-provider-arubacloud/internal/provider/containerregistry_resource.go:294.17,296.4 1 0
terraform-provider-arubacloud/internal/provider/containerregistry_resource.go:297.3,297.80 1 0
terraform-provider-arubacloud/internal/provider/containerregistry_resource.go:297.80,299.4 1 0
terraform-provider-arubacloud/internal/provider/containerregistry_resource.go:300.3,300.24 1 0
terraform-provider-arubacloud/internal/provider/containerregistry_resource.go:304.2,304.119 1 0
terraform-provider-arubacloud/internal/provider/containerregistry_resource.go:304.119,310.3 2 0
terraform-provider-arubacloud/internal/provider/containerregistry_resource.go:312.2,317.56 2 0
terraform-provider-arubacloud/internal/provider/containerregistry_resource.go:320.118,323.33 3 0
terraform-provider-arubacloud/internal/provider/containerregistry_resource.go:323.33,325.3 1 0
terraform-provider-arubacloud/internal/provider/containerregistry_resource.go:327.2,330.41 3 0
terraform-provider-arubacloud/internal/provider/containerregistry_resource.go:330.41,336.3 2 0
terraform-provider-arubacloud/internal/provider/containerregistry_resource.go:338.2,339.28 2 0
terraform-provider-arubacloud/internal/provider/containerregistry_resource.go:339.28,345.3 2 0
terraform-provider-arubacloud/internal/provider/containerregistry_resource.go:347.2,348.27 2 0
terraform-provider-arubacloud/internal/provider/containerregistry_resource.go:348.27,354.3 2 0
terraform-provider-arubacloud/internal/provider/containerregistry_resource.go:357.2,358.16 2 0
terraform-provider-arubacloud/internal/provider/containerregistry_resource.go:358.16,364.3 2 0
terraform-provider-arubacloud/internal/provider/containerregistry_resource.go:366.2,366.68 1 0
terraform-provider-arubacloud/internal/provider/containerregistry_resource.go:366.68,367.33 1 0
terraform-provider-arubacloud/internal/provider/containerregistry_resource.go:367.33,370.4 2 0
terraform-provider-arubacloud/internal/provider/containerregistry_resource.go:371.3,372.34 2 0
terraform-provider-arubacloud/internal/provider/containerregistry_resource.go:372.34,374.4 1 0
terraform-provider-arubacloud/internal/provider/containerregistry_resource.go:375.3,375.35 1 0
terraform-provider-arubacloud/internal/provider/containerregistry_resource.go:375.35,377.4 1 0
terraform-provider-arubacloud/internal/provider/containerregistry_resource.go:378.3,379.9 2 0
terraform-provider-arubacloud/internal/provider/containerregistry_resource.go:382.2,382.45 1 0
terraform-provider-arubacloud/internal/provider/containerregistry_resource.go:382.45,385.34 2 0
terraform-provider-arubacloud/internal/provider/containerregistry_resource.go:385.34,387.4 1 0
terraform-provider-arubacloud/internal/provider/containerregistry_resource.go:388.3,388.35 1 0
terraform-provider-arubacloud/internal/provider/containerregistry_resource.go:388.35,390.4 1 0
terraform-provider-arubacloud/internal/provider/containerregistry_resource.go:390.9,392.4 1 0
terraform-provider-arubacloud/internal/provider/containerregistry_resource.go:393.3,393.36 1 0
terraform-provider-arubacloud/internal/provider/containerregistry_resource.go:393.36,395.4 1 0
terraform-provider-arubacloud/internal/provider/containerregistry_resource.go:396.3,396.48 1 0
terraform-provider-arubacloud/internal/provider/containerregistry_resource.go:396.48,398.4 1 0
terraform-provider-arubacloud/internal/provider/containerregistry_resource.go:399.3,399.45 1 0
terraform-provider-arubacloud/internal/provider/containerregistry_resource.go:399.45,401.4 1 0
terraform-provider-arubacloud/internal/provider/containerregistry_resource.go:402.3,402.40 1 0
terraform-provider-arubacloud/internal/provider/containerregistry_resource.go:402.40,404.4 1 0
terraform-provider-arubacloud/internal/provider/containerregistry_resource.go:405.3,405.43 1 0
terraform-provider-arubacloud/internal/provider/containerregistry_resource.go:405.43,407.4 1 0
terraform-provider-arubacloud/internal/provider/containerregistry_resource.go:408.3,408.50 1 0
terraform-provider-arubacloud/internal/provider/containerregistry_resource.go:408.50,410.4 1 0
terraform-provider-arubacloud/internal/provider/containerregistry_resource.go:411.3,411.49 1 0
terraform-provider-arubacloud/internal/provider/containerregistry_resource.go:411.49,413.4 1 0
terraform-provider-arubacloud/internal/provider/containerregistry_resource.go:414.3,414.58 1 0
terraform-provider-arubacloud/internal/provider/containerregistry_resource.go:414.58,416.4 1 0
terraform-provider-arubacloud/internal/provider/containerregistry_resource.go:417.3,417.51 1 0
terraform-provider-arubacloud/internal/provider/containerregistry_resource.go:417.51,419.4 1 0
terraform-provider-arubacloud/internal/provider/containerregistry_resource.go:420.3,420.49 1 0
terraform-provider-arubacloud/internal/provider/containerregistry_resource.go:420.49,422.4 1 0
terraform-provider-arubacloud/internal/provider/containerregistry_resource.go:425.3,425.38 1 0
terraform-provider-arubacloud/internal/provider/containerregistry_resource.go:425.38,427.47 2 0
terraform-provider-arubacloud/internal/provider/containerregistry_resource.go:427.47,429.5 1 0
terraform-provider-arubacloud/internal/provider/containerregistry_resource.go:430.4,432.36 3 0
terraform-provider-arubacloud/internal/provider/containerregistry_resource.go:432.36,434.5 1 0
terraform-provider-arubacloud/internal/provider/containerregistry_resource.go:435.9,438.36 3 0
terraform-provider-arubacloud/internal/provider/containerregistry_resource.go:438.36,440.5 1 0
terraform-provider-arubacloud/internal/provider/containerregistry_resource.go:442.8,445.3 2 0
terraform-provider-arubacloud/internal/provider/containerregistry_resource.go:447.2,447.56 1 0
terraform-provider-arubacloud/internal/provider/containerregistry_resource.go:450.124,455.33 4 0
terraform-provider-arubacloud/internal/provider/containerregistry_resource.go:455.33,457.3 1 0
terraform-provider-arubacloud/internal/provider/containerregistry_resource.go:459.2,460.33 2 0
terraform-provider-arubacloud/internal/provider/containerregistry_resource.go:460.33,462.3 1 0
terraform-provider-arubacloud/internal/provider/containerregistry_resource.go:465.2,468.41 3 0
terraform-provider-arubacloud/internal/provider/containerregistry_resource.go:468.41,474.3 2 0
terraform-provider-arubacloud/internal/provider/containerregistry_resource.go:476.2,477.28 2 0
terraform-provider-arubacloud/internal/provider/containerregistry_resource.go:477.28,483.3 2 0
terraform-provider-arubacloud/internal/provider/containerregistry_resource.go:485.2,486.27 2 0
terraform-provider-arubacloud/internal/provider/containerregistry_resource.go:486.27,492.3 2 0
terraform-provider-arubacloud/internal/provider/containerregistry_resource.go:495.2,496.16 2 0
terraform-provider-arubacloud/internal/provider/containerregistry_resource.go:496.16,502.3 2 0
terraform-provider-arubacloud/internal/provider/containerregistry_resource.go:504.2,504.51 1 0
terraform-provider-arubacloud/internal/provider/containerregistry_resource.go:504.51,510.3 2 0
terraform-provider-arubacloud/internal/provider/containerregistry_resource.go:512.2,516.46 3 0
terraform-provider-arubacloud/internal/provider/containerregistry_resource.go:516.46,518.3 1 0
terraform-provider-arubacloud/internal/provider/containerregistry_resource.go:519.2,519.23 1 0
terraform-provider-arubacloud/internal/provider/containerregistry_resource.go:519.23,525.3 2 0
terraform-provider-arubacloud/internal/provider/containerregistry_resource.go:528.2,529.51 2 0
terraform-provider-arubacloud/internal/provider/containerregistry_resource.go:529.51,532.34 3 0
terraform-provider-arubacloud/internal/provider/containerregistry_resource.go:532.34,534.4 1 0
terraform-provider-arubacloud/internal/provider/containerregistry_resource.go:535.8,537.3 1 0
terraform-provider-arubacloud/internal/provider/containerregistry_resource.go:540.2,561.69 2 0
terraform-provider-arubacloud/internal/provider/containerregistry_resource.go:561.69,565.3 1 0
terraform-provider-arubacloud/internal/provider/containerregistry_resource.go:565.8,565.63 1 0
terraform-provider-arubacloud/internal/provider/containerregistry_resource.go:565.63,569.3 1 0
terraform-provider-arubacloud/internal/provider/containerregistry_resource.go:572.2,572.73 1 0
terraform-provider-arubacloud/internal/provider/containerregistry_resource.go:572.73,575.3 2 0
terraform-provider-arubacloud/internal/provider/containerregistry_resource.go:575.8,575.54 1 0
terraform-provider-arubacloud/internal/provider/containerregistry_resource.go:575.54,577.3 1 0
terraform-provider-arubacloud/internal/provider/containerregistry_resource.go:580.2,580.49 1 0
terraform-provider-arubacloud/internal/provider/containerregistry_resource.go:580.49,584.3 1 0
terraform-provider-arubacloud/internal/provider/containerregistry_resource.go:587.2,588.16 2 0
terraform-provider-arubacloud/internal/provider/containerregistry_resource.go:588.16,594.3 2 0
terraform-provider-arubacloud/internal/provider/containerregistry_resource.go:596.2,596.68 1 0
terraform-provider-arubacloud/internal/provider/containerregistry_resource.go:596.68,598.34 2 0
terraform-provider-arubacloud/internal/provider/containerregistry_resource.go:598.34,600.4 1 0
terraform-provider-arubacloud/internal/provider/containerregistry_resource.go:601.3,601.35 1 0
terraform-provider-arubacloud/internal/provider/containerregistry_resource.go:601.35,603.4 1 0
terraform-provider-arubacloud/internal/provider/containerregistry_resource.go:604.3,605.9 2 0
terraform-provider-arubacloud/internal/provider/containerregistry_resource.go:609.2,618.45 9 0
terraform-provider-arubacloud/internal/provider/containerregistry_resource.go:618.45,620.39 1 0
terraform-provider-arubacloud/internal/provider/containerregistry_resource.go:620.39,622.4 1 0
terraform-provider-arubacloud/internal/provider/containerregistry_resource.go:623.3,623.40 1 0
terraform-provider-arubacloud/internal/provider/containerregistry_resource.go:623.40,625.4 1 0
terraform-provider-arubacloud/internal/provider/containerregistry_resource.go:626.8,629.58 2 0
terraform-provider-arubacloud/internal/provider/containerregistry_resource.go:629.58,630.40 1 0
terraform-provider-arubacloud/internal/provider/containerregistry_resource.go:630.40,632.5 1 0
terraform-provider-arubacloud/internal/provider/containerregistry_resource.go:632.10,634.5 1 0
terraform-provider-arubacloud/internal/provider/containerregistry_resource.go:635.9,638.4 1 0
terraform-provider-arubacloud/internal/provider/containerregistry_resource.go:642.2,643.57 2 0
terraform-provider-arubacloud/internal/provider/containerregistry_resource.go:643.57,646.35 2 0
terraform-provider-arubacloud/internal/provider/containerregistry_resource.go:646.35,648.4 1 0
terraform-provider-arubacloud/internal/provider/containerregistry_resource.go:648.9,650.4 1 0
terraform-provider-arubacloud/internal/provider/containerregistry_resource.go:652.3,652.45 1 0
terraform-provider-arubacloud/internal/provider/containerregistry_resource.go:652.45,654.4 1 0
terraform-provider-arubacloud/internal/provider/containerregistry_resource.go:654.9,656.4 1 0
terraform-provider-arubacloud/internal/provider/containerregistry_resource.go:657.3,657.40 1 0
terraform-provider-arubacloud/internal/provider/containerregistry_resource.go:657.40,659.4 1 0
terraform-provider-arubacloud/internal/provider/containerregistry_resource.go:659.9,661.4 1 0
terraform-provider-arubacloud/internal/provider/containerregistry_resource.go:662.3,662.43 1 0
terraform-provider-arubacloud/internal/provider/containerregistry_resource.go:662.43,664.4 1 0
terraform-provider-arubacloud/internal/provider/containerregistry_resource.go:664.9,666.4 1 0
terraform-provider-arubacloud/internal/provider/containerregistry_resource.go:667.3,667.50 1 0
terraform-provider-arubacloud/internal/provider/containerregistry_resource.go:667.50,669.4 1 0
terraform-provider-arubacloud/internal/provider/containerregistry_resource.go:669.9,671.4 1 0
terraform-provider-arubacloud/internal/provider/containerregistry_resource.go:672.3,672.49 1 0
terraform-provider-arubacloud/internal/provider/containerregistry_resource.go:672.49,674.4 1 0
terraform-provider-arubacloud/internal/provider/containerregistry_resource.go:674.9,676.4 1 0
terraform-provider-arubacloud/internal/provider/containerregistry_resource.go:678.3,678.36 1 0
terraform-provider-arubacloud/internal/provider/containerregistry_resource.go:678.36,680.4 1 0
terraform-provider-arubacloud/internal/provider/containerregistry_resource.go:681.3,681.48 1 0
terraform-provider-arubacloud/internal/provider/containerregistry_resource.go:681.48,683.4 1 0
terraform-provider-arubacloud/internal/provider/containerregistry_resource.go:684.3,684.100 1 0
terraform-provider-arubacloud/internal/provider/containerregistry_resource.go:684.100,686.4 1 0
terraform-provider-arubacloud/internal/provider/containerregistry_resource.go:686.9,688.4 1 0
terraform-provider-arubacloud/internal/provider/containerregistry_resource.go:689.3,689.91 1 0
terraform-provider-arubacloud/internal/provider/containerregistry_resource.go:689.91,691.4 1 0
terraform-provider-arubacloud/internal/provider/containerregistry_resource.go:691.9,693.4 1 0
terraform-provider-arubacloud/internal/provider/containerregistry_resource.go:694.3,694.49 1 0
terraform-provider-arubacloud/internal/provider/containerregistry_resource.go:694.49,696.4 1 0
terraform-provider-arubacloud/internal/provider/containerregistry_resource.go:696.9,698.4 1 0
terraform-provider-arubacloud/internal/provider/containerregistry_resource.go:700.3,700.38 1 0
terraform-provider-arubacloud/internal/provider/containerregistry_resource.go:700.38,702.47 2 0
terraform-provider-arubacloud/internal/provider/containerregistry_resource.go:702.47,704.5 1 0
terraform-provider-arubacloud/internal/provider/containerregistry_resource.go:705.4,707.36 3 0
terraform-provider-arubacloud/internal/provider/containerregistry_resource.go:707.36,709.5 1 0
terraform-provider-arubacloud/internal/provider/containerregistry_resource.go:710.9,713.36 3 0
terraform-provider-arubacloud/internal/provider/containerregistry_resource.go:713.36,715.5 1 0
terraform-provider-arubacloud/internal/provider/containerregistry_resource.go:717.8,725.3 6 0
terraform-provider-arubacloud/internal/provider/containerregistry_resource.go:727.2,727.56 1 0
terraform-provider-arubacloud/internal/provider/containerregistry_resource.go:730.124,733.33 3 0
terraform-provider-arubacloud/internal/provider/containerregistry_resource.go:733.33,735.3 1 0
terraform-provider-arubacloud/internal/provider/containerregistry_resource.go:737.2,740.41 3 0
terraform-provider-arubacloud/internal/provider/containerregistry_resource.go:740.41,746.3 2 0
terraform-provider-arubacloud/internal/provider/containerregistry_resource.go:748.2,749.28 2 0
terraform-provider-arubacloud/internal/provider/containerregistry_resource.go:749.28,755.3 2 0
terraform-provider-arubacloud/internal/provider/containerregistry_resource.go:757.2,758.27 2 0
terraform-provider-arubacloud/internal/provider/containerregistry_resource.go:758.27,764.3 2 0
terraform-provider-arubacloud/internal/provider/containerregistry_resource.go:768.2,770.31 1 0
terraform-provider-arubacloud/internal/provider/containerregistry_resource.go:770.31,772.4 1 0
terraform-provider-arubacloud/internal/provider/containerregistry_resource.go:779.2,779.16 1 0
terraform-provider-arubacloud/internal/provider/containerregistry_resource.go:779.16,785.3 2 0
terraform-provider-arubacloud/internal/provider/containerregistry_resource.go:787.2,789.4 1 0
terraform-provider-arubacloud/internal/provider/containerregistry_resource.go:792.139,794.2 1 0
terraform-provider-arubacloud/internal/provider/database_data_source.go:18.52,20.2 1 0
terraform-provider-arubacloud/internal/provider/database_data_source.go:32.127,34.2 1 0
terraform-provider-arubacloud/internal/provider/database_data_source.go:36.121,54.2 1 0
terraform-provider-arubacloud/internal/provider/database_data_source.go:56.130,57.29 1 0
terraform-provider-arubacloud/internal/provider/database_data_source.go:57.29,59.3 1 0
terraform-provider-arubacloud/internal/provider/database_data_source.go:60.2,61.9 2 0
terraform-provider-arubacloud/internal/provider/database_data_source.go:61.9,67.3 2 0
terraform-provider-arubacloud/internal/provider/database_data_source.go:68.2,68.19 1 0
terraform-provider-arubacloud/internal/provider/database_data_source.go:71.115,74.33 3 0
terraform-provider-arubacloud/internal/provider/database_data_source.go:74.33,76.3 1 0
terraform-provider-arubacloud/internal/provider/database_data_source.go:77.2,79.56 3 0
terraform-provider-arubacloud/internal/provider/database_resource.go:33.46,35.2 1 0
terraform-provider-arubacloud/internal/provider/database_resource.go:37.121,39.2 1 0
terraform-provider-arubacloud/internal/provider/database_resource.go:41.115,67.2 1 0
terraform-provider-arubacloud/internal/provider/database_resource.go:69.124,70.29 1 0
terraform-provider-arubacloud/internal/provider/database_resource.go:70.29,72.3 1 0
terraform-provider-arubacloud/internal/provider/database_resource.go:73.2,74.9 2 0
terraform-provider-arubacloud/internal/provider/database_resource.go:74.9,80.3 2 0
terraform-provider-arubacloud/internal/provider/database_resource.go:81.2,81.19 1 0
terraform-provider-arubacloud/internal/provider/database_resource.go:84.115,87.33 3 0
terraform-provider-arubacloud/internal/provider/database_resource.go:87.33,89.3 1 0
terraform-provider-arubacloud/internal/provider/database_resource.go:91.2,94.38 3 0
terraform-provider-arubacloud/internal/provider/database_resource.go:94.38,100.3 2 0
terraform-provider-arubacloud/internal/provider/database_resource.go:103.2,109.16 3 0
terraform-provider-arubacloud/internal/provider/database_resource.go:109.16,115.3 2 0
terraform-provider-arubacloud/internal/provider/database_resource.go:117.2,117.68 1 0
terraform-provider-arubacloud/internal/provider/database_resource.go:117.68,119.34 2 0
terraform-provider-arubacloud/internal/provider/database_resource.go:119.34,121.4 1 0
terraform-provider-arubacloud/internal/provider/database_resource.go:122.3,122.35 1 0
terraform-provider-arubacloud/internal/provider/database_resource.go:122.35,124.4 1 0
terraform-provider-arubacloud/internal/provider/database_resource.go:125.3,126.9 2 0
terraform-provider-arubacloud/internal/provider/database_resource.go:129.2,129.45 1 0
terraform-provider-arubacloud/internal/provider/database_resource.go:129.45,134.3 2 0
terraform-provider-arubacloud/internal/provider/database_resource.go:134.8,140.3 2 0
terraform-provider-arubacloud/internal/provider/database_resource.go:144.2,145.55 2 0
terraform-provider-arubacloud/internal/provider/database_resource.go:145.55,147.17 2 0
terraform-provider-arubacloud/internal/provider/database_resource.go:147.17,149.4 1 0
terraform-provider-arubacloud/internal/provider/database_resource.go:151.3,151.44 1 0
terraform-provider-arubacloud/internal/provider/database_resource.go:151.44,153.4 1 0
terraform-provider-arubacloud/internal/provider/database_resource.go:154.3,154.24 1 0
terraform-provider-arubacloud/internal/provider/database_resource.go:158.2,158.112 1 0
terraform-provider-arubacloud/internal/provider/database_resource.go:158.112,164.3 2 0
terraform-provider-arubacloud/internal/provider/database_resource.go:166.2,171.56 2 0
terraform-provider-arubacloud/internal/provider/database_resource.go:174.109,177.33 3 0
terraform-provider-arubacloud/internal/provider/database_resource.go:177.33,179.3 1 0
terraform-provider-arubacloud/internal/provider/database_resource.go:181.2,185.60 4 0
terraform-provider-arubacloud/internal/provider/database_resource.go:185.60,191.3 2 0
terraform-provider-arubacloud/internal/provider/database_resource.go:194.2,195.16 2 0
terraform-provider-arubacloud/internal/provider/database_resource.go:195.16,201.3 2 0
terraform-provider-arubacloud/internal/provider/database_resource.go:203.2,203.68 1 0
terraform-provider-arubacloud/internal/provider/database_resource.go:203.68,204.33 1 0
terraform-provider-arubacloud/internal/provider/database_resource.go:204.33,207.4 2 0
terraform-provider-arubacloud/internal/provider/database_resource.go:208.3,209.34 2 0
terraform-provider-arubacloud/internal/provider/database_resource.go:209.34,211.4 1 0
terraform-provider-arubacloud/internal/provider/database_resource.go:212.3,212.35 1 0
terraform-provider-arubacloud/internal/provider/database_resource.go:212.35,214.4 1 0
terraform-provider-arubacloud/internal/provider/database_resource.go:215.3,216.9 2 0
terraform-provider-arubacloud/internal/provider/database_resource.go:219.2,219.45 1 0
terraform-provider-arubacloud/internal/provider/database_resource.go:219.45,225.3 4 0
terraform-provider-arubacloud/internal/provider/database_resource.go:225.8,228.3 2 0
terraform-provider-arubacloud/internal/provider/database_resource.go:230.2,230.56 1 0
terraform-provider-arubacloud/internal/provider/database_resource.go:233.115,238.33 4 0
terraform-provider-arubacloud/internal/provider/database_resource.go:238.33,240.3 1 0
terraform-provider-arubacloud/internal/provider/database_resource.go:242.2,243.33 2 0
terraform-provider-arubacloud/internal/provider/database_resource.go:243.33,245.3 1 0
terraform-provider-arubacloud/internal/provider/database_resource.go:248.2,252.63 4 0
terraform-provider-arubacloud/internal/provider/database_resource.go:252.63,258.3 2 0
terraform-provider-arubacloud/internal/provider/database_resource.go:261.2,267.16 3 0
terraform-provider-arubacloud/internal/provider/database_resource.go:267.16,273.3 2 0
terraform-provider-arubacloud/internal/provider/database_resource.go:275.2,275.68 1 0
terraform-provider-arubacloud/internal/provider/database_resource.go:275.68,277.34 2 0
terraform-provider-arubacloud/internal/provider/database_resource.go:277.34,279.4 1 0
terraform-provider-arubacloud/internal/provider/database_resource.go:280.3,280.35 1 0
terraform-provider-arubacloud/internal/provider/database_resource.go:280.35,282.4 1 0
terraform-provider-arubacloud/internal/provider/database_resource.go:283.3,284.9 2 0
terraform-provider-arubacloud/internal/provider/database_resource.go:287.2,287.45 1 0
terraform-provider-arubacloud/internal/provider/database_resource.go:287.45,292.3 2 0
terraform-provider-arubacloud/internal/provider/database_resource.go:295.2,299.45 4 0
terraform-provider-arubacloud/internal/provider/database_resource.go:299.45,302.3 1 0
terraform-provider-arubacloud/internal/provider/database_resource.go:304.2,304.56 1 0
terraform-provider-arubacloud/internal/provider/database_resource.go:307.115,310.33 3 0
terraform-provider-arubacloud/internal/provider/database_resource.go:310.33,312.3 1 0
terraform-provider-arubacloud/internal/provider/database_resource.go:314.2,318.60 4 0
terraform-provider-arubacloud/internal/provider/database_resource.go:318.60,324.3 2 0
terraform-provider-arubacloud/internal/provider/database_resource.go:328.2,330.31 1 0
terraform-provider-arubacloud/internal/provider/database_resource.go:330.31,332.4 1 0
terraform-provider-arubacloud/internal/provider/database_resource.go:339.2,339.16 1 0
terraform-provider-arubacloud/internal/provider/database_resource.go:339.16,345.3 2 0
terraform-provider-arubacloud/internal/provider/database_resource.go:347.2,349.4 1 0
terraform-provider-arubacloud/internal/provider/database_resource.go:352.130,354.2 1 0
terraform-provider-arubacloud/internal/provider/databasebackup_data_source.go:18.58,20.2 1 0
terraform-provider-arubacloud/internal/provider/databasebackup_data_source.go:37.133,39.2 1 0
terraform-provider-arubacloud/internal/provider/databasebackup_data_source.go:41.127,80.2 1 0
terraform-provider-arubacloud/internal/provider/databasebackup_data_source.go:82.136,83.29 1 0
terraform-provider-arubacloud/internal/provider/databasebackup_data_source.go:83.29,85.3 1 0
terraform-provider-arubacloud/internal/provider/databasebackup_data_source.go:86.2,87.9 2 0
terraform-provider-arubacloud/internal/provider/databasebackup_data_source.go:87.9,93.3 2 0
terraform-provider-arubacloud/internal/provider/databasebackup_data_source.go:94.2,94.19 1 0
terraform-provider-arubacloud/internal/provider/databasebackup_data_source.go:97.121,100.33 3 0
terraform-provider-arubacloud/internal/provider/databasebackup_data_source.go:100.33,102.3 1 0
terraform-provider-arubacloud/internal/provider/databasebackup_data_source.go:103.2,105.56 3 0
terraform-provider-arubacloud/internal/provider/databasebackup_resource.go:39.52,41.2 1 0
terraform-provider-arubacloud/internal/provider/databasebackup_resource.go:43.127,45.2 1 0
terraform-provider-arubacloud/internal/provider/databasebackup_resource.go:47.121,94.2 1 0
terraform-provider-arubacloud/internal/provider/databasebackup_resource.go:96.130,97.29 1 0
terraform-provider-arubacloud/internal/provider/databasebackup_resource.go:97.29,99.3 1 0
terraform-provider-arubacloud/internal/provider/databasebackup_resource.go:100.2,101.9 2 0
terraform-provider-arubacloud/internal/provider/databasebackup_resource.go:101.9,107.3 2 0
terraform-provider-arubacloud/internal/provider/databasebackup_resource.go:108.2,108.19 1 0
terraform-provider-arubacloud/internal/provider/databasebackup_resource.go:111.121,114.33 3 0
terraform-provider-arubacloud/internal/provider/databasebackup_resource.go:114.33,116.3 1 0
terraform-provider-arubacloud/internal/provider/databasebackup_resource.go:118.2,122.60 4 0
terraform-provider-arubacloud/internal/provider/databasebackup_resource.go:122.60,128.3 2 0
terraform-provider-arubacloud/internal/provider/databasebackup_resource.go:131.2,132.16 2 0
terraform-provider-arubacloud/internal/provider/databasebackup_resource.go:132.16,138.3 2 0
terraform-provider-arubacloud/internal/provider/databasebackup_resource.go:140.2,140.85 1 0
terraform-provider-arubacloud/internal/provider/databasebackup_resource.go:140.85,146.3 2 0
terraform-provider-arubacloud/internal/provider/databasebackup_resource.go:148.2,153.51 4 0
terraform-provider-arubacloud/internal/provider/databasebackup_resource.go:153.51,156.34 3 0
terraform-provider-arubacloud/internal/provider/databasebackup_resource.go:156.34,158.4 1 0
terraform-provider-arubacloud/internal/provider/databasebackup_resource.go:162.2,188.16 3 0
terraform-provider-arubacloud/internal/provider/databasebackup_resource.go:188.16,194.3 2 0
terraform-provider-arubacloud/internal/provider/databasebackup_resource.go:196.2,196.68 1 0
terraform-provider-arubacloud/internal/provider/databasebackup_resource.go:196.68,198.34 2 0
terraform-provider-arubacloud/internal/provider/databasebackup_resource.go:198.34,200.4 1 0
terraform-provider-arubacloud/internal/provider/databasebackup_resource.go:201.3,201.35 1 0
terraform-provider-arubacloud/internal/provider/databasebackup_resource.go:201.35,203.4 1 0
terraform-provider-arubacloud/internal/provider/databasebackup_resource.go:204.3,205.9 2 0
terraform-provider-arubacloud/internal/provider/databasebackup_resource.go:208.2,208.81 1 0
terraform-provider-arubacloud/internal/provider/databasebackup_resource.go:208.81,210.40 2 0
terraform-provider-arubacloud/internal/provider/databasebackup_resource.go:210.40,212.4 1 0
terraform-provider-arubacloud/internal/provider/databasebackup_resource.go:212.9,214.4 1 0
terraform-provider-arubacloud/internal/provider/databasebackup_resource.go:215.8,221.3 2 0
terraform-provider-arubacloud/internal/provider/databasebackup_resource.go:225.2,226.55 2 0
terraform-provider-arubacloud/internal/provider/databasebackup_resource.go:226.55,228.17 2 0
terraform-provider-arubacloud/internal/provider/databasebackup_resource.go:228.17,230.4 1 0
terraform-provider-arubacloud/internal/provider/databasebackup_resource.go:231.3,231.80 1 0
terraform-provider-arubacloud/internal/provider/databasebackup_resource.go:231.80,233.4 1 0
terraform-provider-arubacloud/internal/provider/databasebackup_resource.go:234.3,234.24 1 0
terraform-provider-arubacloud/internal/provider/databasebackup_resource.go:238.2,238.114 1 0
terraform-provider-arubacloud/internal/provider/databasebackup_resource.go:238.114,244.3 2 0
terraform-provider-arubacloud/internal/provider/databasebackup_resource.go:246.2,251.56 2 0
terraform-provider-arubacloud/internal/provider/databasebackup_resource.go:254.115,257.33 3 0
terraform-provider-arubacloud/internal/provider/databasebackup_resource.go:257.33,259.3 1 0
terraform-provider-arubacloud/internal/provider/databasebackup_resource.go:261.2,264.39 3 0
terraform-provider-arubacloud/internal/provider/databasebackup_resource.go:264.39,270.3 2 0
terraform-provider-arubacloud/internal/provider/databasebackup_resource.go:273.2,274.16 2 0
terraform-provider-arubacloud/internal/provider/databasebackup_resource.go:274.16,280.3 2 0
terraform-provider-arubacloud/internal/provider/databasebackup_resource.go:282.2,282.68 1 0
terraform-provider-arubacloud/internal/provider/databasebackup_resource.go:282.68,283.33 1 0
terraform-provider-arubacloud/internal/provider/databasebackup_resource.go:283.33,286.4 2 0
terraform-provider-arubacloud/internal/provider/databasebackup_resource.go:287.3,288.34 2 0
terraform-provider-arubacloud/internal/provider/databasebackup_resource.go:288.34,290.4 1 0
terraform-provider-arubacloud/internal/provider/databasebackup_resource.go:291.3,291.35 1 0
terraform-provider-arubacloud/internal/provider/databasebackup_resource.go:291.35,293.4 1 0
terraform-provider-arubacloud/internal/provider/databasebackup_resource.go:294.3,295.9 2 0
terraform-provider-arubacloud/internal/provider/databasebackup_resource.go:298.2,298.45 1 0
[...]
terraform-provider-arubacloud/internal/provider/vpntunnel_data_source.go:18.53,20.2 1 0
terraform-provider-arubacloud/internal/provider/vpntunnel_data_source.go:33.128,35.2 1 0
terraform-provider-arubacloud/internal/provider/vpntunnel_data_source.go:37.122,59.2 1 0
terraform-provider-arubacloud/internal/provider/vpntunnel_data_source.go:61.131,62.29 1 0
terraform-provider-arubacloud/internal/provider/vpntunnel_data_source.go:62.29,64.3 1 0
terraform-provider-arubacloud/internal/provider/vpntunnel_data_source.go:65.2,66.9 2 0
terraform-provider-arubacloud/internal/provider/vpntunnel_data_source.go:66.9,72.3 2 0
terraform-provider-arubacloud/internal/provider/vpntunnel_data_source.go:73.2,73.19 1 0
terraform-provider-arubacloud/internal/provider/vpntunnel_data_source.go:76.116,79.33 3 0
terraform-provider-arubacloud/internal/provider/vpntunnel_data_source.go:79.33,81.3 1 0
terraform-provider-arubacloud/internal/provider/vpntunnel_data_source.go:82.2,86.56 5 0
terraform-provider-arubacloud/internal/provider/vpntunnel_resource.go:23.47,25.2 1 0
terraform-provider-arubacloud/internal/provider/vpntunnel_resource.go:41.122,43.2 1 0
terraform-provider-arubacloud/internal/provider/vpntunnel_resource.go:45.116,214.2 1 0
terraform-provider-arubacloud/internal/provider/vpntunnel_resource.go:216.125,217.29 1 0
terraform-provider-arubacloud/internal/provider/vpntunnel_resource.go:217.29,219.3 1 0
terraform-provider-arubacloud/internal/provider/vpntunnel_resource.go:220.2,221.9 2 0
terraform-provider-arubacloud/internal/provider/vpntunnel_resource.go:221.9,227.3 2 0
terraform-provider-arubacloud/internal/provider/vpntunnel_resource.go:228.2,228.19 1 0
terraform-provider-arubacloud/internal/provider/vpntunnel_resource.go:231.116,234.33 3 0
terraform-provider-arubacloud/internal/provider/vpntunnel_resource.go:234.33,236.3 1 0
terraform-provider-arubacloud/internal/provider/vpntunnel_resource.go:238.2,239.21 2 0
terraform-provider-arubacloud/internal/provider/vpntunnel_resource.go:239.21,245.3 2 0
terraform-provider-arubacloud/internal/provider/vpntunnel_resource.go:248.2,249.51 2 0
terraform-provider-arubacloud/internal/provider/vpntunnel_resource.go:249.51,252.34 3 0
terraform-provider-arubacloud/internal/provider/vpntunnel_resource.go:252.34,254.4 1 0
terraform-provider-arubacloud/internal/provider/vpntunnel_resource.go:258.2,260.33 3 0
terraform-provider-arubacloud/internal/provider/vpntunnel_resource.go:260.33,262.3 1 0
terraform-provider-arubacloud/internal/provider/vpntunnel_resource.go:264.2,268.78 3 0
terraform-provider-arubacloud/internal/provider/vpntunnel_resource.go:268.78,269.79 1 0
terraform-provider-arubacloud/internal/provider/vpntunnel_resource.go:269.79,271.4 1 0
terraform-provider-arubacloud/internal/provider/vpntunnel_resource.go:274.2,275.91 2 0
terraform-provider-arubacloud/internal/provider/vpntunnel_resource.go:275.91,276.82 1 0
terraform-provider-arubacloud/internal/provider/vpntunnel_resource.go:276.82,278.4 1 0
terraform-provider-arubacloud/internal/provider/vpntunnel_resource.go:281.2,282.84 2 0
terraform-provider-arubacloud/internal/provider/vpntunnel_resource.go:282.84,283.79 1 0
terraform-provider-arubacloud/internal/provider/vpntunnel_resource.go:283.79,285.4 1 0
terraform-provider-arubacloud/internal/provider/vpntunnel_resource.go:289.2,290.89 2 0
terraform-provider-arubacloud/internal/provider/vpntunnel_resource.go:290.89,291.82 1 0
terraform-provider-arubacloud/internal/provider/vpntunnel_resource.go:291.82,294.36 3 0
terraform-provider-arubacloud/internal/provider/vpntunnel_resource.go:294.36,299.66 3 0
terraform-provider-arubacloud/internal/provider/vpntunnel_resource.go:299.66,300.70 1 0
terraform-provider-arubacloud/internal/provider/vpntunnel_resource.go:300.70,303.39 3 0
terraform-provider-arubacloud/internal/provider/vpntunnel_resource.go:303.39,305.67 2 0
terraform-provider-arubacloud/internal/provider/vpntunnel_resource.go:305.67,306.79 1 0
terraform-provider-arubacloud/internal/provider/vpntunnel_resource.go:306.79,308.44 2 0
terraform-provider-arubacloud/internal/provider/vpntunnel_resource.go:308.44,310.11 1 0
terraform-provider-arubacloud/internal/provider/vpntunnel_resource.go:311.10,311.64 1 0
terraform-provider-arubacloud/internal/provider/vpntunnel_resource.go:319.5,319.75 1 0
terraform-provider-arubacloud/internal/provider/vpntunnel_resource.go:319.75,320.79 1 0
terraform-provider-arubacloud/internal/provider/vpntunnel_resource.go:320.79,323.39 3 0
terraform-provider-arubacloud/internal/provider/vpntunnel_resource.go:323.39,325.76 2 0
terraform-provider-arubacloud/internal/provider/vpntunnel_resource.go:325.76,326.88 1 0
terraform-provider-arubacloud/internal/provider/vpntunnel_resource.go:326.88,328.47 2 0
terraform-provider-arubacloud/internal/provider/vpntunnel_resource.go:328.47,330.34 1 0
terraform-provider-arubacloud/internal/provider/vpntunnel_resource.go:330.34,334.30 3 0
terraform-provider-arubacloud/internal/provider/vpntunnel_resource.go:334.30,337.13 2 0
terraform-provider-arubacloud/internal/provider/vpntunnel_resource.go:342.10,343.45 2 0
terraform-provider-arubacloud/internal/provider/vpntunnel_resource.go:343.45,345.29 2 0
terraform-provider-arubacloud/internal/provider/vpntunnel_resource.go:345.29,347.12 1 0
terraform-provider-arubacloud/internal/provider/vpntunnel_resource.go:349.10,352.11 1 0
terraform-provider-arubacloud/internal/provider/vpntunnel_resource.go:360.5,360.82 1 0
terraform-provider-arubacloud/internal/provider/vpntunnel_resource.go:360.82,361.85 1 0
terraform-provider-arubacloud/internal/provider/vpntunnel_resource.go:361.85,364.39 3 0
terraform-provider-arubacloud/internal/provider/vpntunnel_resource.go:364.39,366.82 2 0
terraform-provider-arubacloud/internal/provider/vpntunnel_resource.go:366.82,367.94 1 0
terraform-provider-arubacloud/internal/provider/vpntunnel_resource.go:367.94,369.49 2 0
terraform-provider-arubacloud/internal/provider/vpntunnel_resource.go:369.49,371.11 1 0
terraform-provider-arubacloud/internal/provider/vpntunnel_resource.go:372.10,372.74 1 0
terraform-provider-arubacloud/internal/provider/vpntunnel_resource.go:383.2,384.93 2 0
terraform-provider-arubacloud/internal/provider/vpntunnel_resource.go:384.93,385.85 1 0
terraform-provider-arubacloud/internal/provider/vpntunnel_resource.go:385.85,388.36 3 0
terraform-provider-arubacloud/internal/provider/vpntunnel_resource.go:388.36,393.67 3 0
terraform-provider-arubacloud/internal/provider/vpntunnel_resource.go:393.67,394.70 1 0
terraform-provider-arubacloud/internal/provider/vpntunnel_resource.go:394.70,397.39 3 0
terraform-provider-arubacloud/internal/provider/vpntunnel_resource.go:397.39,401.79 3 0
terraform-provider-arubacloud/internal/provider/vpntunnel_resource.go:401.79,402.87 1 0
terraform-provider-arubacloud/internal/provider/vpntunnel_resource.go:402.87,406.10 2 0
terraform-provider-arubacloud/internal/provider/vpntunnel_resource.go:408.8,408.85 1 0
terraform-provider-arubacloud/internal/provider/vpntunnel_resource.go:408.85,409.94 1 0
terraform-provider-arubacloud/internal/provider/vpntunnel_resource.go:409.94,412.10 2 0
terraform-provider-arubacloud/internal/provider/vpntunnel_resource.go:414.8,414.67 1 0
terraform-provider-arubacloud/internal/provider/vpntunnel_resource.go:414.67,415.76 1 0
terraform-provider-arubacloud/internal/provider/vpntunnel_resource.go:415.76,418.10 2 0
terraform-provider-arubacloud/internal/provider/vpntunnel_resource.go:420.8,420.77 1 0
terraform-provider-arubacloud/internal/provider/vpntunnel_resource.go:420.77,421.85 1 0
terraform-provider-arubacloud/internal/provider/vpntunnel_resource.go:421.85,424.10 2 0
terraform-provider-arubacloud/internal/provider/vpntunnel_resource.go:426.8,426.83 1 0
terraform-provider-arubacloud/internal/provider/vpntunnel_resource.go:426.83,427.91 1 0
terraform-provider-arubacloud/internal/provider/vpntunnel_resource.go:427.91,430.10 2 0
terraform-provider-arubacloud/internal/provider/vpntunnel_resource.go:432.8,432.89 1 0
terraform-provider-arubacloud/internal/provider/vpntunnel_resource.go:432.89,433.96 1 0
terraform-provider-arubacloud/internal/provider/vpntunnel_resource.go:433.96,437.10 2 0
terraform-provider-arubacloud/internal/provider/vpntunnel_resource.go:439.8,439.86 1 0
terraform-provider-arubacloud/internal/provider/vpntunnel_resource.go:439.86,440.93 1 0
terraform-provider-arubacloud/internal/provider/vpntunnel_resource.go:440.93,444.10 2 0
terraform-provider-arubacloud/internal/provider/vpntunnel_resource.go:447.8,447.43 1 0
terraform-provider-arubacloud/internal/provider/vpntunnel_resource.go:453.5,453.67 1 0
terraform-provider-arubacloud/internal/provider/vpntunnel_resource.go:453.67,454.70 1 0
terraform-provider-arubacloud/internal/provider/vpntunnel_resource.go:454.70,457.39 3 0
terraform-provider-arubacloud/internal/provider/vpntunnel_resource.go:457.39,461.79 3 0
terraform-provider-arubacloud/internal/provider/vpntunnel_resource.go:461.79,462.87 1 0
terraform-provider-arubacloud/internal/provider/vpntunnel_resource.go:462.87,466.10 2 0
terraform-provider-arubacloud/internal/provider/vpntunnel_resource.go:468.8,468.85 1 0
terraform-provider-arubacloud/internal/provider/vpntunnel_resource.go:468.85,469.94 1 0
terraform-provider-arubacloud/internal/provider/vpntunnel_resource.go:469.94,472.10 2 0
terraform-provider-arubacloud/internal/provider/vpntunnel_resource.go:474.8,474.67 1 0
terraform-provider-arubacloud/internal/provider/vpntunnel_resource.go:474.67,475.76 1 0
terraform-provider-arubacloud/internal/provider/vpntunnel_resource.go:475.76,478.10 2 0
terraform-provider-arubacloud/internal/provider/vpntunnel_resource.go:480.8,480.64 1 0
terraform-provider-arubacloud/internal/provider/vpntunnel_resource.go:480.64,481.73 1 0
terraform-provider-arubacloud/internal/provider/vpntunnel_resource.go:481.73,484.10 2 0
terraform-provider-arubacloud/internal/provider/vpntunnel_resource.go:487.8,487.43 1 0
terraform-provider-arubacloud/internal/provider/vpntunnel_resource.go:493.5,493.67 1 0
terraform-provider-arubacloud/internal/provider/vpntunnel_resource.go:493.67,494.70 1 0
terraform-provider-arubacloud/internal/provider/vpntunnel_resource.go:494.70,497.39 3 0
terraform-provider-arubacloud/internal/provider/vpntunnel_resource.go:497.39,501.83 3 0
terraform-provider-arubacloud/internal/provider/vpntunnel_resource.go:501.83,502.91 1 0
terraform-provider-arubacloud/internal/provider/vpntunnel_resource.go:502.91,505.10 2 0
terraform-provider-arubacloud/internal/provider/vpntunnel_resource.go:507.8,507.87 1 0
terraform-provider-arubacloud/internal/provider/vpntunnel_resource.go:507.87,508.94 1 0
terraform-provider-arubacloud/internal/provider/vpntunnel_resource.go:508.94,511.10 2 0
terraform-provider-arubacloud/internal/provider/vpntunnel_resource.go:513.8,513.73 1 0
terraform-provider-arubacloud/internal/provider/vpntunnel_resource.go:513.73,514.82 1 0
terraform-provider-arubacloud/internal/provider/vpntunnel_resource.go:514.82,517.10 2 0
terraform-provider-arubacloud/internal/provider/vpntunnel_resource.go:520.8,520.43 1 0
terraform-provider-arubacloud/internal/provider/vpntunnel_resource.go:526.5,526.91 1 0
terraform-provider-arubacloud/internal/provider/vpntunnel_resource.go:526.91,527.79 1 0
terraform-provider-arubacloud/internal/provider/vpntunnel_resource.go:527.79,530.7 2 0
terraform-provider-arubacloud/internal/provider/vpntunnel_resource.go:537.2,560.16 3 0
terraform-provider-arubacloud/internal/provider/vpntunnel_resource.go:560.16,566.3 2 0
terraform-provider-arubacloud/internal/provider/vpntunnel_resource.go:568.2,568.68 1 0
terraform-provider-arubacloud/internal/provider/vpntunnel_resource.go:568.68,570.34 2 0
terraform-provider-arubacloud/internal/provider/vpntunnel_resource.go:570.34,572.4 1 0
terraform-provider-arubacloud/internal/provider/vpntunnel_resource.go:573.3,573.35 1 0
terraform-provider-arubacloud/internal/provider/vpntunnel_resource.go:573.35,575.4 1 0
terraform-provider-arubacloud/internal/provider/vpntunnel_resource.go:576.3,577.9 2 0
terraform-provider-arubacloud/internal/provider/vpntunnel_resource.go:580.2,580.45 1 0
terraform-provider-arubacloud/internal/provider/vpntunnel_resource.go:580.45,581.39 1 0
terraform-provider-arubacloud/internal/provider/vpntunnel_resource.go:581.39,583.4 1 0
terraform-provider-arubacloud/internal/provider/vpntunnel_resource.go:584.3,584.40 1 0
terraform-provider-arubacloud/internal/provider/vpntunnel_resource.go:584.40,586.4 1 0
terraform-provider-arubacloud/internal/provider/vpntunnel_resource.go:586.9,588.4 1 0
terraform-provider-arubacloud/internal/provider/vpntunnel_resource.go:589.8,595.3 2 0
terraform-provider-arubacloud/internal/provider/vpntunnel_resource.go:599.2,600.55 2 0
terraform-provider-arubacloud/internal/provider/vpntunnel_resource.go:600.55,602.17 2 0
terraform-provider-arubacloud/internal/provider/vpntunnel_resource.go:602.17,604.4 1 0
terraform-provider-arubacloud/internal/provider/vpntunnel_resource.go:605.3,605.80 1 0
terraform-provider-arubacloud/internal/provider/vpntunnel_resource.go:605.80,607.4 1 0
terraform-provider-arubacloud/internal/provider/vpntunnel_resource.go:608.3,608.24 1 0
terraform-provider-arubacloud/internal/provider/vpntunnel_resource.go:612.2,612.109 1 0
terraform-provider-arubacloud/internal/provider/vpntunnel_resource.go:612.109,618.3 2 0
terraform-provider-arubacloud/internal/provider/vpntunnel_resource.go:620.2,625.56 2 0
terraform-provider-arubacloud/internal/provider/vpntunnel_resource.go:628.110,631.33 3 0
terraform-provider-arubacloud/internal/provider/vpntunnel_resource.go:631.33,633.3 1 0
terraform-provider-arubacloud/internal/provider/vpntunnel_resource.go:635.2,638.39 3 0
terraform-provider-arubacloud/internal/provider/vpntunnel_resource.go:638.39,644.3 2 0
terraform-provider-arubacloud/internal/provider/vpntunnel_resource.go:647.2,648.16 2 0
terraform-provider-arubacloud/internal/provider/vpntunnel_resource.go:648.16,654.3 2 0
terraform-provider-arubacloud/internal/provider/vpntunnel_resource.go:656.2,656.68 1 0
terraform-provider-arubacloud/internal/provider/vpntunnel_resource.go:656.68,657.33 1 0
terraform-provider-arubacloud/internal/provider/vpntunnel_resource.go:657.33,660.4 2 0
terraform-provider-arubacloud/internal/provider/vpntunnel_resource.go:661.3,662.34 2 0
terraform-provider-arubacloud/internal/provider/vpntunnel_resource.go:662.34,664.4 1 0
terraform-provider-arubacloud/internal/provider/vpntunnel_resource.go:665.3,665.35 1 0
terraform-provider-arubacloud/internal/provider/vpntunnel_resource.go:665.35,667.4 1 0
terraform-provider-arubacloud/internal/provider/vpntunnel_resource.go:668.3,669.9 2 0
terraform-provider-arubacloud/internal/provider/vpntunnel_resource.go:672.2,672.45 1 0
terraform-provider-arubacloud/internal/provider/vpntunnel_resource.go:672.45,675.32 2 0
terraform-provider-arubacloud/internal/provider/vpntunnel_resource.go:675.32,677.4 1 0
terraform-provider-arubacloud/internal/provider/vpntunnel_resource.go:678.3,678.33 1 0
terraform-provider-arubacloud/internal/provider/vpntunnel_resource.go:678.33,680.4 1 0
terraform-provider-arubacloud/internal/provider/vpntunnel_resource.go:680.9,682.4 1 0
terraform-provider-arubacloud/internal/provider/vpntunnel_resource.go:683.3,683.34 1 0
terraform-provider-arubacloud/internal/provider/vpntunnel_resource.go:683.34,685.4 1 0
terraform-provider-arubacloud/internal/provider/vpntunnel_resource.go:686.3,686.46 1 0
terraform-provider-arubacloud/internal/provider/vpntunnel_resource.go:686.46,688.4 1 0
terraform-provider-arubacloud/internal/provider/vpntunnel_resource.go:691.3,691.36 1 0
terraform-provider-arubacloud/internal/provider/vpntunnel_resource.go:691.36,693.45 2 0
terraform-provider-arubacloud/internal/provider/vpntunnel_resource.go:693.45,695.5 1 0
terraform-provider-arubacloud/internal/provider/vpntunnel_resource.go:696.4,698.36 3 0
terraform-provider-arubacloud/internal/provider/vpntunnel_resource.go:698.36,700.5 1 0
terraform-provider-arubacloud/internal/provider/vpntunnel_resource.go:701.9,704.36 3 0
terraform-provider-arubacloud/internal/provider/vpntunnel_resource.go:704.36,706.5 1 0
terraform-provider-arubacloud/internal/provider/vpntunnel_resource.go:711.8,714.3 2 0
terraform-provider-arubacloud/internal/provider/vpntunnel_resource.go:716.2,716.56 1 0
terraform-provider-arubacloud/internal/provider/vpntunnel_resource.go:719.116,724.33 4 0
terraform-provider-arubacloud/internal/provider/vpntunnel_resource.go:724.33,726.3 1 0
terraform-provider-arubacloud/internal/provider/vpntunnel_resource.go:728.2,729.33 2 0
terraform-provider-arubacloud/internal/provider/vpntunnel_resource.go:729.33,731.3 1 0
terraform-provider-arubacloud/internal/provider/vpntunnel_resource.go:734.2,737.39 3 0
terraform-provider-arubacloud/internal/provider/vpntunnel_resource.go:737.39,743.3 2 0
terraform-provider-arubacloud/internal/provider/vpntunnel_resource.go:746.2,747.16 2 0
terraform-provider-arubacloud/internal/provider/vpntunnel_resource.go:747.16,753.3 2 0
terraform-provider-arubacloud/internal/provider/vpntunnel_resource.go:755.2,755.51 1 0
terraform-provider-arubacloud/internal/provider/vpntunnel_resource.go:755.51,761.3 2 0
terraform-provider-arubacloud/internal/provider/vpntunnel_resource.go:763.2,766.74 2 0
terraform-provider-arubacloud/internal/provider/vpntunnel_resource.go:766.74,772.3 2 0
terraform-provider-arubacloud/internal/provider/vpntunnel_resource.go:775.2,776.46 2 0
terraform-provider-arubacloud/internal/provider/vpntunnel_resource.go:776.46,778.3 1 0
terraform-provider-arubacloud/internal/provider/vpntunnel_resource.go:779.2,779.23 1 0
terraform-provider-arubacloud/internal/provider/vpntunnel_resource.go:779.23,785.3 2 0
terraform-provider-arubacloud/internal/provider/vpntunnel_resource.go:788.2,789.51 2 0
terraform-provider-arubacloud/internal/provider/vpntunnel_resource.go:789.51,792.34 3 0
terraform-provider-arubacloud/internal/provider/vpntunnel_resource.go:792.34,794.4 1 0
terraform-provider-arubacloud/internal/provider/vpntunnel_resource.go:795.8,797.3 1 0
terraform-provider-arubacloud/internal/provider/vpntunnel_resource.go:800.2,822.16 3 0
terraform-provider-arubacloud/internal/provider/vpntunnel_resource.go:822.16,828.3 2 0
terraform-provider-arubacloud/internal/provider/vpntunnel_resource.go:830.2,830.68 1 0
terraform-provider-arubacloud/internal/provider/vpntunnel_resource.go:830.68,832.34 2 0
terraform-provider-arubacloud/internal/provider/vpntunnel_resource.go:832.34,834.4 1 0
terraform-provider-arubacloud/internal/provider/vpntunnel_resource.go:835.3,835.35 1 0
terraform-provider-arubacloud/internal/provider/vpntunnel_resource.go:835.35,837.4 1 0
terraform-provider-arubacloud/internal/provider/vpntunnel_resource.go:838.3,839.9 2 0
terraform-provider-arubacloud/internal/provider/vpntunnel_resource.go:843.2,846.45 3 0
terraform-provider-arubacloud/internal/provider/vpntunnel_resource.go:846.45,848.39 1 0
terraform-provider-arubacloud/internal/provider/vpntunnel_resource.go:848.39,850.4 1 0
terraform-provider-arubacloud/internal/provider/vpntunnel_resource.go:853.2,853.56 1 0
terraform-provider-arubacloud/internal/provider/vpntunnel_resource.go:856.116,859.33 3 0
terraform-provider-arubacloud/internal/provider/vpntunnel_resource.go:859.33,861.3 1 0
terraform-provider-arubacloud/internal/provider/vpntunnel_resource.go:863.2,866.39 3 0
terraform-provider-arubacloud/internal/provider/vpntunnel_resource.go:866.39,872.3 2 0
terraform-provider-arubacloud/internal/provider/vpntunnel_resource.go:876.2,878.31 1 0
terraform-provider-arubacloud/internal/provider/vpntunnel_resource.go:878.31,880.4 1 0
terraform-provider-arubacloud/internal/provider/vpntunnel_resource.go:887.2,887.16 1 0
terraform-provider-arubacloud/internal/provider/vpntunnel_resource.go:887.16,893.3 2 0
terraform-provider-arubacloud/internal/provider/vpntunnel_resource.go:895.2,897.4 1 0
terraform-provider-arubacloud/internal/provider/vpntunnel_resource.go:900.131,902.2 1 0
