mode: set
terraform-provider-arubacloud/internal/provider/backup_data_source.go:18.50,20.2 1 1
terraform-provider-arubacloud/internal/provider/backup_data_source.go:38.125,40.2 1 1
terraform-provider-arubacloud/internal/provider/backup_data_source.go:42.119,85.2 1 1
terraform-provider-arubacloud/internal/provider/backup_data_source.go:87.128,88.29 1 0
terraform-provider-arubacloud/internal/provider/backup_data_source.go:88.29,90.3 1 0
terraform-provider-arubacloud/internal/provider/backup_data_source.go:91.2,92.9 2 0
terraform-provider-arubacloud/internal/provider/backup_data_source.go:92.9,98.3 2 0
terraform-provider-arubacloud/internal/provider/backup_data_source.go:99.2,99.19 1 0
terraform-provider-arubacloud/internal/provider/backup_data_source.go:102.113,105.33 3 0
terraform-provider-arubacloud/internal/provider/backup_data_source.go:105.33,107.3 1 0
terraform-provider-arubacloud/internal/provider/backup_data_source.go:108.2,110.56 3 0
terraform-provider-arubacloud/internal/provider/backup_resource.go:40.44,42.2 1 1
terraform-provider-arubacloud/internal/provider/backup_resource.go:44.119,46.2 1 1
terraform-provider-arubacloud/internal/provider/backup_resource.go:48.113,95.2 1 1
terraform-provider-arubacloud/internal/provider/backup_resource.go:97.122,98.29 1 0
terraform-provider-arubacloud/internal/provider/backup_resource.go:98.29,100.3 1 0
terraform-provider-arubacloud/internal/provider/backup_resource.go:101.2,102.9 2 0
terraform-provider-arubacloud/internal/provider/backup_resource.go:102.9,108.3 2 0
terraform-provider-arubacloud/internal/provider/backup_resource.go:109.2,109.19 1 0
terraform-provider-arubacloud/internal/provider/backup_resource.go:112.113,115.33 3 0
terraform-provider-arubacloud/internal/provider/backup_resource.go:115.33,117.3 1 0
terraform-provider-arubacloud/internal/provider/backup_resource.go:119.2,122.39 3 0
terraform-provider-arubacloud/internal/provider/backup_resource.go:122.39,128.3 2 0
terraform-provider-arubacloud/internal/provider/backup_resource.go:131.2,132.51 2 0
terraform-provider-arubacloud/internal/provider/backup_resource.go:132.51,135.34 3 0
terraform-provider-arubacloud/internal/provider/backup_resource.go:135.34,137.4 1 0
terraform-provider-arubacloud/internal/provider/backup_resource.go:141.2,142.16 2 0
terraform-provider-arubacloud/internal/provider/backup_resource.go:142.16,148.3 2 0
terraform-provider-arubacloud/internal/provider/backup_resource.go:150.2,150.57 1 0
terraform-provider-arubacloud/internal/provider/backup_resource.go:150.57,156.3 2 0
terraform-provider-arubacloud/internal/provider/backup_resource.go:158.2,159.45 2 0
terraform-provider-arubacloud/internal/provider/backup_resource.go:159.45,161.3 1 0
terraform-provider-arubacloud/internal/provider/backup_resource.go:161.8,167.3 2 0
terraform-provider-arubacloud/internal/provider/backup_resource.go:170.2,189.69 2 0
terraform-provider-arubacloud/internal/provider/backup_resource.go:189.69,192.3 2 0
terraform-provider-arubacloud/internal/provider/backup_resource.go:194.2,194.69 1 0
terraform-provider-arubacloud/internal/provider/backup_resource.go:194.69,197.3 2 0
terraform-provider-arubacloud/internal/provider/backup_resource.go:200.2,201.16 2 0
terraform-provider-arubacloud/internal/provider/backup_resource.go:201.16,207.3 2 0
terraform-provider-arubacloud/internal/provider/backup_resource.go:209.2,209.68 1 0
terraform-provider-arubacloud/internal/provider/backup_resource.go:209.68,216.3 4 0
terraform-provider-arubacloud/internal/provider/backup_resource.go:218.2,218.45 1 0
terraform-provider-arubacloud/internal/provider/backup_resource.go:218.45,219.39 1 0
terraform-provider-arubacloud/internal/provider/backup_resource.go:219.39,221.4 1 0
terraform-provider-arubacloud/internal/provider/backup_resource.go:222.3,222.40 1 0
terraform-provider-arubacloud/internal/provider/backup_resource.go:222.40,224.4 1 0
terraform-provider-arubacloud/internal/provider/backup_resource.go:224.9,226.4 1 0
terraform-provider-arubacloud/internal/provider/backup_resource.go:227.8,233.3 2 0
terraform-provider-arubacloud/internal/provider/backup_resource.go:237.2,238.55 2 0
terraform-provider-arubacloud/internal/provider/backup_resource.go:238.55,240.17 2 0
terraform-provider-arubacloud/internal/provider/backup_resource.go:240.17,242.4 1 0
terraform-provider-arubacloud/internal/provider/backup_resource.go:243.3,243.80 1 0
terraform-provider-arubacloud/internal/provider/backup_resource.go:243.80,245.4 1 0
terraform-provider-arubacloud/internal/provider/backup_resource.go:246.3,246.24 1 0
terraform-provider-arubacloud/internal/provider/backup_resource.go:250.2,250.106 1 0
terraform-provider-arubacloud/internal/provider/backup_resource.go:250.106,256.3 2 0
terraform-provider-arubacloud/internal/provider/backup_resource.go:258.2,263.56 2 0
terraform-provider-arubacloud/internal/provider/backup_resource.go:266.107,269.33 3 0
terraform-provider-arubacloud/internal/provider/backup_resource.go:269.33,271.3 1 0
terraform-provider-arubacloud/internal/provider/backup_resource.go:273.2,276.39 3 0
terraform-provider-arubacloud/internal/provider/backup_resource.go:276.39,282.3 2 0
terraform-provider-arubacloud/internal/provider/backup_resource.go:285.2,286.16 2 0
terraform-provider-arubacloud/internal/provider/backup_resource.go:286.16,292.3 2 0
terraform-provider-arubacloud/internal/provider/backup_resource.go:294.2,294.68 1 0
terraform-provider-arubacloud/internal/provider/backup_resource.go:294.68,295.33 1 0
terraform-provider-arubacloud/internal/provider/backup_resource.go:295.33,298.4 2 0
terraform-provider-arubacloud/internal/provider/backup_resource.go:299.3,305.9 4 0
terraform-provider-arubacloud/internal/provider/backup_resource.go:308.2,308.45 1 0
terraform-provider-arubacloud/internal/provider/backup_resource.go:308.45,311.32 2 0
terraform-provider-arubacloud/internal/provider/backup_resource.go:311.32,313.4 1 0
terraform-provider-arubacloud/internal/provider/backup_resource.go:314.3,314.33 1 0
terraform-provider-arubacloud/internal/provider/backup_resource.go:314.33,316.4 1 0
terraform-provider-arubacloud/internal/provider/backup_resource.go:316.9,318.4 1 0
terraform-provider-arubacloud/internal/provider/backup_resource.go:319.3,319.34 1 0
terraform-provider-arubacloud/internal/provider/backup_resource.go:319.34,321.4 1 0
terraform-provider-arubacloud/internal/provider/backup_resource.go:322.3,322.46 1 0
terraform-provider-arubacloud/internal/provider/backup_resource.go:322.46,324.4 1 0
terraform-provider-arubacloud/internal/provider/backup_resource.go:327.3,327.41 1 0
terraform-provider-arubacloud/internal/provider/backup_resource.go:327.41,330.22 2 0
terraform-provider-arubacloud/internal/provider/backup_resource.go:330.22,332.5 1 0
terraform-provider-arubacloud/internal/provider/backup_resource.go:334.3,334.45 1 0
terraform-provider-arubacloud/internal/provider/backup_resource.go:334.45,336.4 1 0
terraform-provider-arubacloud/internal/provider/backup_resource.go:337.3,337.45 1 0
terraform-provider-arubacloud/internal/provider/backup_resource.go:337.45,339.4 1 0
terraform-provider-arubacloud/internal/provider/backup_resource.go:342.3,342.36 1 0
terraform-provider-arubacloud/internal/provider/backup_resource.go:342.36,344.45 2 0
terraform-provider-arubacloud/internal/provider/backup_resource.go:344.45,346.5 1 0
terraform-provider-arubacloud/internal/provider/backup_resource.go:347.4,349.36 3 0
terraform-provider-arubacloud/internal/provider/backup_resource.go:349.36,351.5 1 0
terraform-provider-arubacloud/internal/provider/backup_resource.go:352.9,355.36 3 0
terraform-provider-arubacloud/internal/provider/backup_resource.go:355.36,357.5 1 0
terraform-provider-arubacloud/internal/provider/backup_resource.go:359.8,362.3 2 0
terraform-provider-arubacloud/internal/provider/backup_resource.go:364.2,364.56 1 0
terraform-provider-arubacloud/internal/provider/backup_resource.go:367.113,372.33 4 0
terraform-provider-arubacloud/internal/provider/backup_resource.go:372.33,374.3 1 0
terraform-provider-arubacloud/internal/provider/backup_resource.go:376.2,377.33 2 0
terraform-provider-arubacloud/internal/provider/backup_resource.go:377.33,379.3 1 0
terraform-provider-arubacloud/internal/provider/backup_resource.go:382.2,385.39 3 0
terraform-provider-arubacloud/internal/provider/backup_resource.go:385.39,391.3 2 0
terraform-provider-arubacloud/internal/provider/backup_resource.go:394.2,395.16 2 0
terraform-provider-arubacloud/internal/provider/backup_resource.go:395.16,401.3 2 0
terraform-provider-arubacloud/internal/provider/backup_resource.go:403.2,403.51 1 0
terraform-provider-arubacloud/internal/provider/backup_resource.go:403.51,409.3 2 0
terraform-provider-arubacloud/internal/provider/backup_resource.go:411.2,415.46 3 0
terraform-provider-arubacloud/internal/provider/backup_resource.go:415.46,417.3 1 0
terraform-provider-arubacloud/internal/provider/backup_resource.go:418.2,418.23 1 0
terraform-provider-arubacloud/internal/provider/backup_resource.go:418.23,424.3 2 0
terraform-provider-arubacloud/internal/provider/backup_resource.go:427.2,428.51 2 0
terraform-provider-arubacloud/internal/provider/backup_resource.go:428.51,431.34 3 0
terraform-provider-arubacloud/internal/provider/backup_resource.go:431.34,433.4 1 0
terraform-provider-arubacloud/internal/provider/backup_resource.go:434.8,436.3 1 0
terraform-provider-arubacloud/internal/provider/backup_resource.go:439.2,461.16 3 0
terraform-provider-arubacloud/internal/provider/backup_resource.go:461.16,467.3 2 0
terraform-provider-arubacloud/internal/provider/backup_resource.go:469.2,469.68 1 0
terraform-provider-arubacloud/internal/provider/backup_resource.go:469.68,477.3 4 0
terraform-provider-arubacloud/internal/provider/backup_resource.go:480.2,488.45 8 0
terraform-provider-arubacloud/internal/provider/backup_resource.go:488.45,490.39 1 0
terraform-provider-arubacloud/internal/provider/backup_resource.go:490.39,492.4 1 0
terraform-provider-arubacloud/internal/provider/backup_resource.go:493.3,493.40 1 0
terraform-provider-arubacloud/internal/provider/backup_resource.go:493.40,495.4 1 0
terraform-provider-arubacloud/internal/provider/backup_resource.go:496.8,499.58 2 0
terraform-provider-arubacloud/internal/provider/backup_resource.go:499.58,500.40 1 0
terraform-provider-arubacloud/internal/provider/backup_resource.go:500.40,502.5 1 0
terraform-provider-arubacloud/internal/provider/backup_resource.go:502.10,504.5 1 0
terraform-provider-arubacloud/internal/provider/backup_resource.go:505.9,508.4 1 0
terraform-provider-arubacloud/internal/provider/backup_resource.go:511.2,511.56 1 0
terraform-provider-arubacloud/internal/provider/backup_resource.go:514.113,517.33 3 0
terraform-provider-arubacloud/internal/provider/backup_resource.go:517.33,519.3 1 0
terraform-provider-arubacloud/internal/provider/backup_resource.go:521.2,524.39 3 0
terraform-provider-arubacloud/internal/provider/backup_resource.go:524.39,530.3 2 0
terraform-provider-arubacloud/internal/provider/backup_resource.go:534.2,536.31 1 0
terraform-provider-arubacloud/internal/provider/backup_resource.go:536.31,538.4 1 0
terraform-provider-arubacloud/internal/provider/backup_resource.go:545.2,545.16 1 0
terraform-provider-arubacloud/internal/provider/backup_resource.go:545.16,551.3 2 0
terraform-provider-arubacloud/internal/provider/backup_resource.go:553.2,555.4 1 0
terraform-provider-arubacloud/internal/provider/backup_resource.go:558.128,560.2 1 0
terraform-provider-arubacloud/internal/provider/blockstorage_data_source.go:19.56,21.2 1 1
terraform-provider-arubacloud/internal/provider/blockstorage_data_source.go:52.131,54.2 1 1
terraform-provider-arubacloud/internal/provider/blockstorage_data_source.go:56.125,111.2 1 1
terraform-provider-arubacloud/internal/provider/blockstorage_data_source.go:113.134,114.29 1 0
terraform-provider-arubacloud/internal/provider/blockstorage_data_source.go:114.29,116.3 1 0
terraform-provider-arubacloud/internal/provider/blockstorage_data_source.go:117.2,118.9 2 0
terraform-provider-arubacloud/internal/provider/blockstorage_data_source.go:118.9,124.3 2 0
terraform-provider-arubacloud/internal/provider/blockstorage_data_source.go:125.2,125.19 1 0
terraform-provider-arubacloud/internal/provider/blockstorage_data_source.go:128.119,131.33 3 0
terraform-provider-arubacloud/internal/provider/blockstorage_data_source.go:131.33,133.3 1 0
terraform-provider-arubacloud/internal/provider/blockstorage_data_source.go:136.2,153.56 13 0
terraform-provider-arubacloud/internal/provider/blockstorage_resource.go:24.50,26.2 1 1
terraform-provider-arubacloud/internal/provider/blockstorage_resource.go:47.125,49.2 1 1
terraform-provider-arubacloud/internal/provider/blockstorage_resource.go:51.119,109.2 1 1
terraform-provider-arubacloud/internal/provider/blockstorage_resource.go:111.128,112.29 1 0
terraform-provider-arubacloud/internal/provider/blockstorage_resource.go:112.29,114.3 1 0
terraform-provider-arubacloud/internal/provider/blockstorage_resource.go:115.2,116.9 2 0
terraform-provider-arubacloud/internal/provider/blockstorage_resource.go:116.9,122.3 2 0
terraform-provider-arubacloud/internal/provider/blockstorage_resource.go:123.2,123.19 1 0
terraform-provider-arubacloud/internal/provider/blockstorage_resource.go:126.119,129.33 3 0
terraform-provider-arubacloud/internal/provider/blockstorage_resource.go:129.33,131.3 1 0
terraform-provider-arubacloud/internal/provider/blockstorage_resource.go:133.2,134.21 2 0
terraform-provider-arubacloud/internal/provider/blockstorage_resource.go:134.21,140.3 2 0
terraform-provider-arubacloud/internal/provider/blockstorage_resource.go:143.2,143.88 1 0
terraform-provider-arubacloud/internal/provider/blockstorage_resource.go:143.88,144.86 1 0
terraform-provider-arubacloud/internal/provider/blockstorage_resource.go:144.86,150.4 2 0
terraform-provider-arubacloud/internal/provider/blockstorage_resource.go:154.2,155.51 2 0
terraform-provider-arubacloud/internal/provider/blockstorage_resource.go:155.51,158.34 3 0
terraform-provider-arubacloud/internal/provider/blockstorage_resource.go:158.34,160.4 1 0
terraform-provider-arubacloud/internal/provider/blockstorage_resource.go:164.2,182.51 2 0
terraform-provider-arubacloud/internal/provider/blockstorage_resource.go:182.51,185.3 2 0
terraform-provider-arubacloud/internal/provider/blockstorage_resource.go:188.2,188.59 1 0
terraform-provider-arubacloud/internal/provider/blockstorage_resource.go:188.59,191.3 2 0
terraform-provider-arubacloud/internal/provider/blockstorage_resource.go:192.2,192.53 1 0
terraform-provider-arubacloud/internal/provider/blockstorage_resource.go:192.53,195.3 2 0
terraform-provider-arubacloud/internal/provider/blockstorage_resource.go:198.2,199.16 2 0
terraform-provider-arubacloud/internal/provider/blockstorage_resource.go:199.16,205.3 2 0
terraform-provider-arubacloud/internal/provider/blockstorage_resource.go:207.2,207.68 1 0
terraform-provider-arubacloud/internal/provider/blockstorage_resource.go:207.68,214.3 4 0
terraform-provider-arubacloud/internal/provider/blockstorage_resource.go:216.2,216.45 1 0
terraform-provider-arubacloud/internal/provider/blockstorage_resource.go:216.45,217.39 1 0
terraform-provider-arubacloud/internal/provider/blockstorage_resource.go:217.39,219.4 1 0
terraform-provider-arubacloud/internal/provider/blockstorage_resource.go:220.3,220.40 1 0
terraform-provider-arubacloud/internal/provider/blockstorage_resource.go:220.40,222.4 1 0
terraform-provider-arubacloud/internal/provider/blockstorage_resource.go:222.9,224.4 1 0
terraform-provider-arubacloud/internal/provider/blockstorage_resource.go:225.3,225.42 1 0
terraform-provider-arubacloud/internal/provider/blockstorage_resource.go:225.42,227.4 1 0
terraform-provider-arubacloud/internal/provider/blockstorage_resource.go:227.9,229.4 1 0
terraform-provider-arubacloud/internal/provider/blockstorage_resource.go:232.3,232.47 1 0
terraform-provider-arubacloud/internal/provider/blockstorage_resource.go:232.47,234.4 1 0
terraform-provider-arubacloud/internal/provider/blockstorage_resource.go:234.9,237.4 1 0
terraform-provider-arubacloud/internal/provider/blockstorage_resource.go:238.3,238.44 1 0
terraform-provider-arubacloud/internal/provider/blockstorage_resource.go:238.44,240.4 1 0
terraform-provider-arubacloud/internal/provider/blockstorage_resource.go:240.9,242.4 1 0
terraform-provider-arubacloud/internal/provider/blockstorage_resource.go:243.8,249.3 2 0
terraform-provider-arubacloud/internal/provider/blockstorage_resource.go:253.2,254.55 2 0
terraform-provider-arubacloud/internal/provider/blockstorage_resource.go:254.55,256.17 2 0
terraform-provider-arubacloud/internal/provider/blockstorage_resource.go:256.17,258.4 1 0
terraform-provider-arubacloud/internal/provider/blockstorage_resource.go:259.3,259.80 1 0
terraform-provider-arubacloud/internal/provider/blockstorage_resource.go:259.80,261.4 1 0
terraform-provider-arubacloud/internal/provider/blockstorage_resource.go:262.3,262.24 1 0
terraform-provider-arubacloud/internal/provider/blockstorage_resource.go:266.2,266.112 1 0
terraform-provider-arubacloud/internal/provider/blockstorage_resource.go:266.112,272.3 2 0
terraform-provider-arubacloud/internal/provider/blockstorage_resource.go:275.2,276.57 2 0
terraform-provider-arubacloud/internal/provider/blockstorage_resource.go:276.57,278.38 1 0
terraform-provider-arubacloud/internal/provider/blockstorage_resource.go:278.38,280.4 1 0
terraform-provider-arubacloud/internal/provider/blockstorage_resource.go:281.3,281.39 1 0
terraform-provider-arubacloud/internal/provider/blockstorage_resource.go:281.39,283.4 1 0
terraform-provider-arubacloud/internal/provider/blockstorage_resource.go:283.9,285.4 1 0
terraform-provider-arubacloud/internal/provider/blockstorage_resource.go:287.3,287.40 1 0
terraform-provider-arubacloud/internal/provider/blockstorage_resource.go:287.40,289.4 1 0
terraform-provider-arubacloud/internal/provider/blockstorage_resource.go:290.3,290.52 1 0
terraform-provider-arubacloud/internal/provider/blockstorage_resource.go:290.52,292.4 1 0
terraform-provider-arubacloud/internal/provider/blockstorage_resource.go:293.3,293.41 1 0
terraform-provider-arubacloud/internal/provider/blockstorage_resource.go:293.41,295.4 1 0
terraform-provider-arubacloud/internal/provider/blockstorage_resource.go:295.9,297.4 1 0
terraform-provider-arubacloud/internal/provider/blockstorage_resource.go:299.3,299.46 1 0
terraform-provider-arubacloud/internal/provider/blockstorage_resource.go:299.46,301.4 1 0
terraform-provider-arubacloud/internal/provider/blockstorage_resource.go:301.9,303.4 1 0
terraform-provider-arubacloud/internal/provider/blockstorage_resource.go:304.3,304.43 1 0
terraform-provider-arubacloud/internal/provider/blockstorage_resource.go:304.43,306.4 1 0
terraform-provider-arubacloud/internal/provider/blockstorage_resource.go:306.9,308.4 1 0
terraform-provider-arubacloud/internal/provider/blockstorage_resource.go:309.8,309.23 1 0
terraform-provider-arubacloud/internal/provider/blockstorage_resource.go:309.23,312.3 1 0
terraform-provider-arubacloud/internal/provider/blockstorage_resource.go:314.2,319.56 2 0
terraform-provider-arubacloud/internal/provider/blockstorage_resource.go:322.113,325.33 3 0
terraform-provider-arubacloud/internal/provider/blockstorage_resource.go:325.33,327.3 1 0
terraform-provider-arubacloud/internal/provider/blockstorage_resource.go:329.2,335.63 3 0
terraform-provider-arubacloud/internal/provider/blockstorage_resource.go:335.63,338.85 1 0
terraform-provider-arubacloud/internal/provider/blockstorage_resource.go:338.85,345.4 3 0
terraform-provider-arubacloud/internal/provider/blockstorage_resource.go:347.3,348.9 2 0
terraform-provider-arubacloud/internal/provider/blockstorage_resource.go:351.2,351.21 1 0
terraform-provider-arubacloud/internal/provider/blockstorage_resource.go:351.21,353.60 1 0
terraform-provider-arubacloud/internal/provider/blockstorage_resource.go:353.60,356.4 2 0
terraform-provider-arubacloud/internal/provider/blockstorage_resource.go:357.3,361.9 2 0
terraform-provider-arubacloud/internal/provider/blockstorage_resource.go:365.2,366.16 2 0
terraform-provider-arubacloud/internal/provider/blockstorage_resource.go:366.16,372.3 2 0
terraform-provider-arubacloud/internal/provider/blockstorage_resource.go:374.2,374.68 1 0
terraform-provider-arubacloud/internal/provider/blockstorage_resource.go:374.68,375.33 1 0
terraform-provider-arubacloud/internal/provider/blockstorage_resource.go:375.33,378.4 2 0
terraform-provider-arubacloud/internal/provider/blockstorage_resource.go:379.3,385.9 4 0
terraform-provider-arubacloud/internal/provider/blockstorage_resource.go:388.2,388.45 1 0
terraform-provider-arubacloud/internal/provider/blockstorage_resource.go:388.45,391.32 2 0
terraform-provider-arubacloud/internal/provider/blockstorage_resource.go:391.32,393.4 1 0
terraform-provider-arubacloud/internal/provider/blockstorage_resource.go:394.3,394.33 1 0
terraform-provider-arubacloud/internal/provider/blockstorage_resource.go:394.33,396.4 1 0
terraform-provider-arubacloud/internal/provider/blockstorage_resource.go:396.9,398.51 1 0
terraform-provider-arubacloud/internal/provider/blockstorage_resource.go:398.52,401.5 0 0
terraform-provider-arubacloud/internal/provider/blockstorage_resource.go:401.10,401.40 1 0
terraform-provider-arubacloud/internal/provider/blockstorage_resource.go:401.40,405.5 2 0
terraform-provider-arubacloud/internal/provider/blockstorage_resource.go:405.10,407.5 1 0
terraform-provider-arubacloud/internal/provider/blockstorage_resource.go:409.3,409.34 1 0
terraform-provider-arubacloud/internal/provider/blockstorage_resource.go:409.34,411.4 1 0
terraform-provider-arubacloud/internal/provider/blockstorage_resource.go:412.3,412.46 1 0
terraform-provider-arubacloud/internal/provider/blockstorage_resource.go:412.46,414.4 1 0
terraform-provider-arubacloud/internal/provider/blockstorage_resource.go:415.3,418.35 3 0
terraform-provider-arubacloud/internal/provider/blockstorage_resource.go:418.35,420.4 1 0
terraform-provider-arubacloud/internal/provider/blockstorage_resource.go:420.9,423.4 1 0
terraform-provider-arubacloud/internal/provider/blockstorage_resource.go:427.3,427.40 1 0
terraform-provider-arubacloud/internal/provider/blockstorage_resource.go:427.40,429.4 1 0
terraform-provider-arubacloud/internal/provider/blockstorage_resource.go:429.9,432.4 1 0
terraform-provider-arubacloud/internal/provider/blockstorage_resource.go:433.3,433.37 1 0
terraform-provider-arubacloud/internal/provider/blockstorage_resource.go:433.37,435.4 1 0
terraform-provider-arubacloud/internal/provider/blockstorage_resource.go:435.9,437.4 1 0
terraform-provider-arubacloud/internal/provider/blockstorage_resource.go:440.3,440.36 1 0
terraform-provider-arubacloud/internal/provider/blockstorage_resource.go:440.36,442.45 2 0
terraform-provider-arubacloud/internal/provider/blockstorage_resource.go:442.45,444.5 1 0
terraform-provider-arubacloud/internal/provider/blockstorage_resource.go:445.4,447.36 3 0
terraform-provider-arubacloud/internal/provider/blockstorage_resource.go:447.36,449.5 1 0
terraform-provider-arubacloud/internal/provider/blockstorage_resource.go:450.9,453.36 3 0
terraform-provider-arubacloud/internal/provider/blockstorage_resource.go:453.36,455.5 1 0
terraform-provider-arubacloud/internal/provider/blockstorage_resource.go:457.8,460.3 2 0
terraform-provider-arubacloud/internal/provider/blockstorage_resource.go:462.2,462.56 1 0
terraform-provider-arubacloud/internal/provider/blockstorage_resource.go:465.119,470.33 4 0
terraform-provider-arubacloud/internal/provider/blockstorage_resource.go:470.33,472.3 1 0
terraform-provider-arubacloud/internal/provider/blockstorage_resource.go:474.2,475.33 2 0
terraform-provider-arubacloud/internal/provider/blockstorage_resource.go:475.33,477.3 1 0
terraform-provider-arubacloud/internal/provider/blockstorage_resource.go:480.2,483.39 3 0
terraform-provider-arubacloud/internal/provider/blockstorage_resource.go:483.39,489.3 2 0
terraform-provider-arubacloud/internal/provider/blockstorage_resource.go:492.2,493.16 2 0
terraform-provider-arubacloud/internal/provider/blockstorage_resource.go:493.16,499.3 2 0
terraform-provider-arubacloud/internal/provider/blockstorage_resource.go:501.2,501.51 1 0
terraform-provider-arubacloud/internal/provider/blockstorage_resource.go:501.51,507.3 2 0
terraform-provider-arubacloud/internal/provider/blockstorage_resource.go:509.2,512.33 2 0
terraform-provider-arubacloud/internal/provider/blockstorage_resource.go:512.33,514.46 2 0
terraform-provider-arubacloud/internal/provider/blockstorage_resource.go:514.46,520.4 2 0
terraform-provider-arubacloud/internal/provider/blockstorage_resource.go:524.2,525.46 2 0
terraform-provider-arubacloud/internal/provider/blockstorage_resource.go:525.46,527.3 1 0
terraform-provider-arubacloud/internal/provider/blockstorage_resource.go:528.2,528.23 1 0
terraform-provider-arubacloud/internal/provider/blockstorage_resource.go:528.23,534.3 2 0
terraform-provider-arubacloud/internal/provider/blockstorage_resource.go:537.2,538.51 2 0
terraform-provider-arubacloud/internal/provider/blockstorage_resource.go:538.51,541.34 3 0
terraform-provider-arubacloud/internal/provider/blockstorage_resource.go:541.34,543.4 1 0
terraform-provider-arubacloud/internal/provider/blockstorage_resource.go:544.8,546.3 1 0
terraform-provider-arubacloud/internal/provider/blockstorage_resource.go:549.2,550.35 2 0
terraform-provider-arubacloud/internal/provider/blockstorage_resource.go:550.35,552.3 1 0
terraform-provider-arubacloud/internal/provider/blockstorage_resource.go:556.2,557.55 2 0
terraform-provider-arubacloud/internal/provider/blockstorage_resource.go:557.55,559.3 1 0
terraform-provider-arubacloud/internal/provider/blockstorage_resource.go:562.2,563.69 2 0
terraform-provider-arubacloud/internal/provider/blockstorage_resource.go:563.69,565.3 1 0
terraform-provider-arubacloud/internal/provider/blockstorage_resource.go:567.2,587.16 3 0
terraform-provider-arubacloud/internal/provider/blockstorage_resource.go:587.16,593.3 2 0
terraform-provider-arubacloud/internal/provider/blockstorage_resource.go:595.2,595.68 1 0
terraform-provider-arubacloud/internal/provider/blockstorage_resource.go:595.68,603.3 4 0
terraform-provider-arubacloud/internal/provider/blockstorage_resource.go:607.2,607.55 1 0
terraform-provider-arubacloud/internal/provider/blockstorage_resource.go:607.55,609.17 2 0
terraform-provider-arubacloud/internal/provider/blockstorage_resource.go:609.17,611.4 1 0
terraform-provider-arubacloud/internal/provider/blockstorage_resource.go:612.3,612.80 1 0
terraform-provider-arubacloud/internal/provider/blockstorage_resource.go:612.80,614.4 1 0
terraform-provider-arubacloud/internal/provider/blockstorage_resource.go:615.3,615.24 1 0
terraform-provider-arubacloud/internal/provider/blockstorage_resource.go:619.2,619.112 1 0
terraform-provider-arubacloud/internal/provider/blockstorage_resource.go:619.112,625.3 2 0
terraform-provider-arubacloud/internal/provider/blockstorage_resource.go:628.2,633.45 5 0
terraform-provider-arubacloud/internal/provider/blockstorage_resource.go:633.45,635.39 1 0
terraform-provider-arubacloud/internal/provider/blockstorage_resource.go:635.39,637.4 1 0
terraform-provider-arubacloud/internal/provider/blockstorage_resource.go:638.3,638.40 1 0
terraform-provider-arubacloud/internal/provider/blockstorage_resource.go:638.40,640.4 1 0
terraform-provider-arubacloud/internal/provider/blockstorage_resource.go:640.9,642.4 1 0
terraform-provider-arubacloud/internal/provider/blockstorage_resource.go:644.3,644.42 1 0
terraform-provider-arubacloud/internal/provider/blockstorage_resource.go:644.42,646.4 1 0
terraform-provider-arubacloud/internal/provider/blockstorage_resource.go:646.9,648.4 1 0
terraform-provider-arubacloud/internal/provider/blockstorage_resource.go:650.3,652.51 2 0
terraform-provider-arubacloud/internal/provider/blockstorage_resource.go:652.51,654.4 1 0
terraform-provider-arubacloud/internal/provider/blockstorage_resource.go:655.8,658.58 2 0
terraform-provider-arubacloud/internal/provider/blockstorage_resource.go:658.58,660.40 1 0
terraform-provider-arubacloud/internal/provider/blockstorage_resource.go:660.40,662.5 1 0
terraform-provider-arubacloud/internal/provider/blockstorage_resource.go:662.10,664.5 1 0
terraform-provider-arubacloud/internal/provider/blockstorage_resource.go:665.4,665.42 1 0
terraform-provider-arubacloud/internal/provider/blockstorage_resource.go:665.42,667.5 1 0
terraform-provider-arubacloud/internal/provider/blockstorage_resource.go:667.10,669.5 1 0
terraform-provider-arubacloud/internal/provider/blockstorage_resource.go:670.4,671.51 2 0
terraform-provider-arubacloud/internal/provider/blockstorage_resource.go:671.51,673.5 1 0
terraform-provider-arubacloud/internal/provider/blockstorage_resource.go:673.10,675.5 1 0
terraform-provider-arubacloud/internal/provider/blockstorage_resource.go:676.9,682.4 4 0
terraform-provider-arubacloud/internal/provider/blockstorage_resource.go:685.2,685.56 1 0
terraform-provider-arubacloud/internal/provider/blockstorage_resource.go:688.119,691.33 3 0
terraform-provider-arubacloud/internal/provider/blockstorage_resource.go:691.33,693.3 1 0
terraform-provider-arubacloud/internal/provider/blockstorage_resource.go:695.2,698.39 3 0
terraform-provider-arubacloud/internal/provider/blockstorage_resource.go:698.39,704.3 2 0
terraform-provider-arubacloud/internal/provider/blockstorage_resource.go:708.2,710.31 1 0
terraform-provider-arubacloud/internal/provider/blockstorage_resource.go:710.31,712.4 1 0
terraform-provider-arubacloud/internal/provider/blockstorage_resource.go:719.2,719.16 1 0
terraform-provider-arubacloud/internal/provider/blockstorage_resource.go:719.16,725.3 2 0
terraform-provider-arubacloud/internal/provider/blockstorage_resource.go:727.2,729.4 1 0
terraform-provider-arubacloud/internal/provider/blockstorage_resource.go:732.134,734.2 1 0
terraform-provider-arubacloud/internal/provider/cloudserver_data_source.go:44.55,46.2 1 1
terraform-provider-arubacloud/internal/provider/cloudserver_data_source.go:48.130,50.2 1 1
terraform-provider-arubacloud/internal/provider/cloudserver_data_source.go:52.124,121.2 1 1
terraform-provider-arubacloud/internal/provider/cloudserver_data_source.go:123.133,124.29 1 0
terraform-provider-arubacloud/internal/provider/cloudserver_data_source.go:124.29,126.3 1 0
terraform-provider-arubacloud/internal/provider/cloudserver_data_source.go:127.2,128.9 2 0
terraform-provider-arubacloud/internal/provider/cloudserver_data_source.go:128.9,134.3 2 0
terraform-provider-arubacloud/internal/provider/cloudserver_data_source.go:135.2,135.19 1 0
terraform-provider-arubacloud/internal/provider/cloudserver_data_source.go:138.118,141.33 3 0
terraform-provider-arubacloud/internal/provider/cloudserver_data_source.go:141.33,143.3 1 0
terraform-provider-arubacloud/internal/provider/cloudserver_data_source.go:146.2,174.56 16 0
terraform-provider-arubacloud/internal/provider/cloudserver_resource.go:59.49,61.2 1 1
terraform-provider-arubacloud/internal/provider/cloudserver_resource.go:63.124,65.2 1 1
terraform-provider-arubacloud/internal/provider/cloudserver_resource.go:67.118,173.2 1 1
terraform-provider-arubacloud/internal/provider/cloudserver_resource.go:175.127,176.29 1 0
terraform-provider-arubacloud/internal/provider/cloudserver_resource.go:176.29,178.3 1 0
terraform-provider-arubacloud/internal/provider/cloudserver_resource.go:179.2,180.9 2 0
terraform-provider-arubacloud/internal/provider/cloudserver_resource.go:180.9,186.3 2 0
terraform-provider-arubacloud/internal/provider/cloudserver_resource.go:187.2,187.19 1 0
terraform-provider-arubacloud/internal/provider/cloudserver_resource.go:190.118,193.33 3 0
terraform-provider-arubacloud/internal/provider/cloudserver_resource.go:193.33,195.3 1 0
terraform-provider-arubacloud/internal/provider/cloudserver_resource.go:197.2,198.21 2 0
terraform-provider-arubacloud/internal/provider/cloudserver_resource.go:198.21,204.3 2 0
terraform-provider-arubacloud/internal/provider/cloudserver_resource.go:207.2,210.33 4 0
terraform-provider-arubacloud/internal/provider/cloudserver_resource.go:210.33,212.3 1 0
terraform-provider-arubacloud/internal/provider/cloudserver_resource.go:215.2,218.33 4 0
terraform-provider-arubacloud/internal/provider/cloudserver_resource.go:218.33,220.3 1 0
terraform-provider-arubacloud/internal/provider/cloudserver_resource.go:223.2,226.33 4 0
terraform-provider-arubacloud/internal/provider/cloudserver_resource.go:226.33,228.3 1 0
terraform-provider-arubacloud/internal/provider/cloudserver_resource.go:231.2,232.85 2 0
terraform-provider-arubacloud/internal/provider/cloudserver_resource.go:232.85,236.34 4 0
terraform-provider-arubacloud/internal/provider/cloudserver_resource.go:236.34,238.4 1 0
terraform-provider-arubacloud/internal/provider/cloudserver_resource.go:239.3,239.40 1 0
terraform-provider-arubacloud/internal/provider/cloudserver_resource.go:239.40,243.4 1 0
terraform-provider-arubacloud/internal/provider/cloudserver_resource.go:247.2,248.99 2 0
terraform-provider-arubacloud/internal/provider/cloudserver_resource.go:248.99,252.34 4 0
terraform-provider-arubacloud/internal/provider/cloudserver_resource.go:252.34,254.4 1 0
terraform-provider-arubacloud/internal/provider/cloudserver_resource.go:255.3,255.32 1 0
terraform-provider-arubacloud/internal/provider/cloudserver_resource.go:255.32,259.4 1 0
terraform-provider-arubacloud/internal/provider/cloudserver_resource.go:263.2,264.51 2 0
terraform-provider-arubacloud/internal/provider/cloudserver_resource.go:264.51,267.34 3 0
terraform-provider-arubacloud/internal/provider/cloudserver_resource.go:267.34,269.4 1 0
terraform-provider-arubacloud/internal/provider/cloudserver_resource.go:273.2,300.87 4 0
terraform-provider-arubacloud/internal/provider/cloudserver_resource.go:300.87,304.3 1 0
terraform-provider-arubacloud/internal/provider/cloudserver_resource.go:307.2,307.89 1 0
terraform-provider-arubacloud/internal/provider/cloudserver_resource.go:307.89,311.3 1 0
terraform-provider-arubacloud/internal/provider/cloudserver_resource.go:314.2,314.77 1 0
terraform-provider-arubacloud/internal/provider/cloudserver_resource.go:314.77,317.3 2 0
terraform-provider-arubacloud/internal/provider/cloudserver_resource.go:320.2,322.16 2 0
terraform-provider-arubacloud/internal/provider/cloudserver_resource.go:322.16,328.3 2 0
terraform-provider-arubacloud/internal/provider/cloudserver_resource.go:330.2,330.68 1 0
terraform-provider-arubacloud/internal/provider/cloudserver_resource.go:330.68,337.3 4 0
terraform-provider-arubacloud/internal/provider/cloudserver_resource.go:340.2,340.45 1 0
terraform-provider-arubacloud/internal/provider/cloudserver_resource.go:340.45,346.3 2 0
terraform-provider-arubacloud/internal/provider/cloudserver_resource.go:349.2,350.38 2 0
terraform-provider-arubacloud/internal/provider/cloudserver_resource.go:350.38,352.3 1 0
terraform-provider-arubacloud/internal/provider/cloudserver_resource.go:352.8,358.3 2 0
terraform-provider-arubacloud/internal/provider/cloudserver_resource.go:360.2,363.39 2 0
terraform-provider-arubacloud/internal/provider/cloudserver_resource.go:363.39,365.3 1 0
terraform-provider-arubacloud/internal/provider/cloudserver_resource.go:365.8,367.3 1 0
terraform-provider-arubacloud/internal/provider/cloudserver_resource.go:371.2,371.55 1 0
terraform-provider-arubacloud/internal/provider/cloudserver_resource.go:371.55,373.17 2 0
terraform-provider-arubacloud/internal/provider/cloudserver_resource.go:373.17,375.4 1 0
terraform-provider-arubacloud/internal/provider/cloudserver_resource.go:377.3,377.42 1 0
terraform-provider-arubacloud/internal/provider/cloudserver_resource.go:377.42,378.28 1 0
terraform-provider-arubacloud/internal/provider/cloudserver_resource.go:378.28,380.35 2 0
terraform-provider-arubacloud/internal/provider/cloudserver_resource.go:380.35,382.6 1 0
terraform-provider-arubacloud/internal/provider/cloudserver_resource.go:383.5,383.36 1 0
terraform-provider-arubacloud/internal/provider/cloudserver_resource.go:383.36,385.6 1 0
terraform-provider-arubacloud/internal/provider/cloudserver_resource.go:386.5,386.69 1 0
terraform-provider-arubacloud/internal/provider/cloudserver_resource.go:388.4,388.69 1 0
terraform-provider-arubacloud/internal/provider/cloudserver_resource.go:391.3,391.44 1 0
terraform-provider-arubacloud/internal/provider/cloudserver_resource.go:391.44,392.40 1 0
terraform-provider-arubacloud/internal/provider/cloudserver_resource.go:392.40,395.5 2 0
terraform-provider-arubacloud/internal/provider/cloudserver_resource.go:398.3,398.27 1 0
terraform-provider-arubacloud/internal/provider/cloudserver_resource.go:402.2,402.111 1 0
terraform-provider-arubacloud/internal/provider/cloudserver_resource.go:402.111,408.3 2 0
terraform-provider-arubacloud/internal/provider/cloudserver_resource.go:411.2,412.57 2 0
terraform-provider-arubacloud/internal/provider/cloudserver_resource.go:412.57,414.38 1 0
terraform-provider-arubacloud/internal/provider/cloudserver_resource.go:414.38,416.4 1 0
terraform-provider-arubacloud/internal/provider/cloudserver_resource.go:417.3,417.40 1 0
terraform-provider-arubacloud/internal/provider/cloudserver_resource.go:417.40,419.4 1 0
terraform-provider-arubacloud/internal/provider/cloudserver_resource.go:420.3,420.39 1 0
terraform-provider-arubacloud/internal/provider/cloudserver_resource.go:420.39,422.4 1 0
terraform-provider-arubacloud/internal/provider/cloudserver_resource.go:422.9,424.4 1 0
terraform-provider-arubacloud/internal/provider/cloudserver_resource.go:425.8,425.23 1 0
terraform-provider-arubacloud/internal/provider/cloudserver_resource.go:425.23,428.3 1 0
terraform-provider-arubacloud/internal/provider/cloudserver_resource.go:430.2,435.56 2 0
terraform-provider-arubacloud/internal/provider/cloudserver_resource.go:438.112,442.33 4 0
terraform-provider-arubacloud/internal/provider/cloudserver_resource.go:442.33,444.3 1 0
terraform-provider-arubacloud/internal/provider/cloudserver_resource.go:446.2,449.39 3 0
terraform-provider-arubacloud/internal/provider/cloudserver_resource.go:449.39,455.3 2 0
terraform-provider-arubacloud/internal/provider/cloudserver_resource.go:458.2,459.16 2 0
terraform-provider-arubacloud/internal/provider/cloudserver_resource.go:459.16,465.3 2 0
terraform-provider-arubacloud/internal/provider/cloudserver_resource.go:467.2,467.68 1 0
terraform-provider-arubacloud/internal/provider/cloudserver_resource.go:467.68,469.33 1 0
terraform-provider-arubacloud/internal/provider/cloudserver_resource.go:469.33,472.4 2 0
terraform-provider-arubacloud/internal/provider/cloudserver_resource.go:473.3,479.9 4 0
terraform-provider-arubacloud/internal/provider/cloudserver_resource.go:482.2,482.45 1 0
terraform-provider-arubacloud/internal/provider/cloudserver_resource.go:482.45,485.3 2 0
terraform-provider-arubacloud/internal/provider/cloudserver_resource.go:487.2,493.33 5 0
terraform-provider-arubacloud/internal/provider/cloudserver_resource.go:493.33,495.3 1 0
terraform-provider-arubacloud/internal/provider/cloudserver_resource.go:497.2,500.33 4 0
terraform-provider-arubacloud/internal/provider/cloudserver_resource.go:500.33,502.3 1 0
terraform-provider-arubacloud/internal/provider/cloudserver_resource.go:504.2,507.33 4 0
terraform-provider-arubacloud/internal/provider/cloudserver_resource.go:507.33,509.3 1 0
terraform-provider-arubacloud/internal/provider/cloudserver_resource.go:512.2,512.31 1 0
terraform-provider-arubacloud/internal/provider/cloudserver_resource.go:512.31,514.3 1 0
terraform-provider-arubacloud/internal/provider/cloudserver_resource.go:516.2,516.32 1 0
terraform-provider-arubacloud/internal/provider/cloudserver_resource.go:516.32,518.3 1 0
terraform-provider-arubacloud/internal/provider/cloudserver_resource.go:518.8,520.3 1 0
terraform-provider-arubacloud/internal/provider/cloudserver_resource.go:522.2,522.33 1 0
terraform-provider-arubacloud/internal/provider/cloudserver_resource.go:522.33,524.3 1 0
terraform-provider-arubacloud/internal/provider/cloudserver_resource.go:526.2,526.93 1 0
terraform-provider-arubacloud/internal/provider/cloudserver_resource.go:526.93,528.3 1 0
terraform-provider-arubacloud/internal/provider/cloudserver_resource.go:530.2,534.35 3 0
terraform-provider-arubacloud/internal/provider/cloudserver_resource.go:534.35,536.44 2 0
terraform-provider-arubacloud/internal/provider/cloudserver_resource.go:536.44,538.4 1 0
terraform-provider-arubacloud/internal/provider/cloudserver_resource.go:539.3,541.35 3 0
terraform-provider-arubacloud/internal/provider/cloudserver_resource.go:541.35,543.4 1 0
terraform-provider-arubacloud/internal/provider/cloudserver_resource.go:544.8,547.35 3 0
terraform-provider-arubacloud/internal/provider/cloudserver_resource.go:547.35,549.4 1 0
terraform-provider-arubacloud/internal/provider/cloudserver_resource.go:553.2,569.33 4 0
terraform-provider-arubacloud/internal/provider/cloudserver_resource.go:569.33,571.3 1 0
terraform-provider-arubacloud/internal/provider/cloudserver_resource.go:572.2,589.33 5 0
terraform-provider-arubacloud/internal/provider/cloudserver_resource.go:589.33,591.3 1 0
terraform-provider-arubacloud/internal/provider/cloudserver_resource.go:592.2,605.33 5 0
terraform-provider-arubacloud/internal/provider/cloudserver_resource.go:605.33,607.3 1 0
terraform-provider-arubacloud/internal/provider/cloudserver_resource.go:608.2,610.56 2 0
terraform-provider-arubacloud/internal/provider/cloudserver_resource.go:613.118,618.33 4 0
terraform-provider-arubacloud/internal/provider/cloudserver_resource.go:618.33,620.3 1 0
terraform-provider-arubacloud/internal/provider/cloudserver_resource.go:623.2,624.33 2 0
terraform-provider-arubacloud/internal/provider/cloudserver_resource.go:624.33,626.3 1 0
terraform-provider-arubacloud/internal/provider/cloudserver_resource.go:629.2,632.33 4 0
terraform-provider-arubacloud/internal/provider/cloudserver_resource.go:632.33,634.3 1 0
terraform-provider-arubacloud/internal/provider/cloudserver_resource.go:636.2,639.33 4 0
terraform-provider-arubacloud/internal/provider/cloudserver_resource.go:639.33,641.3 1 0
terraform-provider-arubacloud/internal/provider/cloudserver_resource.go:643.2,646.33 4 0
terraform-provider-arubacloud/internal/provider/cloudserver_resource.go:646.33,648.3 1 0
terraform-provider-arubacloud/internal/provider/cloudserver_resource.go:651.2,654.39 3 0
terraform-provider-arubacloud/internal/provider/cloudserver_resource.go:654.39,660.3 2 0
terraform-provider-arubacloud/internal/provider/cloudserver_resource.go:663.2,664.16 2 0
terraform-provider-arubacloud/internal/provider/cloudserver_resource.go:664.16,670.3 2 0
terraform-provider-arubacloud/internal/provider/cloudserver_resource.go:672.2,672.51 1 0
terraform-provider-arubacloud/internal/provider/cloudserver_resource.go:672.51,678.3 2 0
terraform-provider-arubacloud/internal/provider/cloudserver_resource.go:680.2,684.51 3 0
terraform-provider-arubacloud/internal/provider/cloudserver_resource.go:684.51,687.34 3 0
terraform-provider-arubacloud/internal/provider/cloudserver_resource.go:687.34,689.4 1 0
terraform-provider-arubacloud/internal/provider/cloudserver_resource.go:690.8,693.3 1 0
terraform-provider-arubacloud/internal/provider/cloudserver_resource.go:696.2,714.42 3 0
terraform-provider-arubacloud/internal/provider/cloudserver_resource.go:714.42,716.3 1 0
terraform-provider-arubacloud/internal/provider/cloudserver_resource.go:719.2,720.16 2 0
terraform-provider-arubacloud/internal/provider/cloudserver_resource.go:720.16,726.3 2 0
terraform-provider-arubacloud/internal/provider/cloudserver_resource.go:728.2,728.68 1 0
terraform-provider-arubacloud/internal/provider/cloudserver_resource.go:728.68,736.3 4 0
terraform-provider-arubacloud/internal/provider/cloudserver_resource.go:739.2,739.45 1 0
terraform-provider-arubacloud/internal/provider/cloudserver_resource.go:739.45,740.79 1 0
terraform-provider-arubacloud/internal/provider/cloudserver_resource.go:740.79,742.4 1 0
terraform-provider-arubacloud/internal/provider/cloudserver_resource.go:744.3,744.43 1 0
terraform-provider-arubacloud/internal/provider/cloudserver_resource.go:744.43,746.52 2 0
terraform-provider-arubacloud/internal/provider/cloudserver_resource.go:746.52,748.5 1 0
terraform-provider-arubacloud/internal/provider/cloudserver_resource.go:749.4,751.36 3 0
terraform-provider-arubacloud/internal/provider/cloudserver_resource.go:751.36,753.5 1 0
terraform-provider-arubacloud/internal/provider/cloudserver_resource.go:754.9,757.36 3 0
terraform-provider-arubacloud/internal/provider/cloudserver_resource.go:757.36,759.5 1 0
terraform-provider-arubacloud/internal/provider/cloudserver_resource.go:764.2,786.33 7 0
terraform-provider-arubacloud/internal/provider/cloudserver_resource.go:786.33,788.3 1 0
terraform-provider-arubacloud/internal/provider/cloudserver_resource.go:789.2,806.33 5 0
terraform-provider-arubacloud/internal/provider/cloudserver_resource.go:806.33,808.3 1 0
terraform-provider-arubacloud/internal/provider/cloudserver_resource.go:809.2,822.33 5 0
terraform-provider-arubacloud/internal/provider/cloudserver_resource.go:822.33,824.3 1 0
terraform-provider-arubacloud/internal/provider/cloudserver_resource.go:825.2,827.56 2 0
terraform-provider-arubacloud/internal/provider/cloudserver_resource.go:830.118,833.33 3 0
terraform-provider-arubacloud/internal/provider/cloudserver_resource.go:833.33,835.3 1 0
terraform-provider-arubacloud/internal/provider/cloudserver_resource.go:837.2,840.39 3 0
terraform-provider-arubacloud/internal/provider/cloudserver_resource.go:840.39,846.3 2 0
terraform-provider-arubacloud/internal/provider/cloudserver_resource.go:850.2,852.31 1 0
terraform-provider-arubacloud/internal/provider/cloudserver_resource.go:852.31,854.4 1 0
terraform-provider-arubacloud/internal/provider/cloudserver_resource.go:861.2,861.16 1 0
terraform-provider-arubacloud/internal/provider/cloudserver_resource.go:861.16,867.3 2 0
terraform-provider-arubacloud/internal/provider/cloudserver_resource.go:869.2,871.4 1 0
terraform-provider-arubacloud/internal/provider/cloudserver_resource.go:874.133,876.2 1 0
terraform-provider-arubacloud/internal/provider/containerregistry_data_source.go:19.61,21.2 1 1
terraform-provider-arubacloud/internal/provider/containerregistry_data_source.go:47.136,49.2 1 1
terraform-provider-arubacloud/internal/provider/containerregistry_data_source.go:51.130,114.2 1 1
terraform-provider-arubacloud/internal/provider/containerregistry_data_source.go:116.139,117.29 1 0
terraform-provider-arubacloud/internal/provider/containerregistry_data_source.go:117.29,119.3 1 0
terraform-provider-arubacloud/internal/provider/containerregistry_data_source.go:120.2,121.9 2 0
terraform-provider-arubacloud/internal/provider/containerregistry_data_source.go:121.9,127.3 2 0
terraform-provider-arubacloud/internal/provider/containerregistry_data_source.go:128.2,128.19 1 0
terraform-provider-arubacloud/internal/provider/containerregistry_data_source.go:131.124,134.33 3 0
terraform-provider-arubacloud/internal/provider/containerregistry_data_source.go:134.33,136.3 1 0
terraform-provider-arubacloud/internal/provider/containerregistry_data_source.go:138.2,158.56 15 0
terraform-provider-arubacloud/internal/provider/containerregistry_resource.go:59.55,61.2 1 1
terraform-provider-arubacloud/internal/provider/containerregistry_resource.go:63.130,65.2 1 1
terraform-provider-arubacloud/internal/provider/containerregistry_resource.go:67.124,166.2 1 1
terraform-provider-arubacloud/internal/provider/containerregistry_resource.go:168.133,169.29 1 0
terraform-provider-arubacloud/internal/provider/containerregistry_resource.go:169.29,171.3 1 0
terraform-provider-arubacloud/internal/provider/containerregistry_resource.go:172.2,173.9 2 0
terraform-provider-arubacloud/internal/provider/containerregistry_resource.go:173.9,179.3 2 0
terraform-provider-arubacloud/internal/provider/containerregistry_resource.go:180.2,180.19 1 0
terraform-provider-arubacloud/internal/provider/containerregistry_resource.go:183.124,186.33 3 0
terraform-provider-arubacloud/internal/provider/containerregistry_resource.go:186.33,188.3 1 0
terraform-provider-arubacloud/internal/provider/containerregistry_resource.go:190.2,191.21 2 0
terraform-provider-arubacloud/internal/provider/containerregistry_resource.go:191.21,197.3 2 0
terraform-provider-arubacloud/internal/provider/containerregistry_resource.go:200.2,201.51 2 0
terraform-provider-arubacloud/internal/provider/containerregistry_resource.go:201.51,204.34 3 0
terraform-provider-arubacloud/internal/provider/containerregistry_resource.go:204.34,206.4 1 0
terraform-provider-arubacloud/internal/provider/containerregistry_resource.go:210.2,213.33 4 0
terraform-provider-arubacloud/internal/provider/containerregistry_resource.go:213.33,215.3 1 0
terraform-provider-arubacloud/internal/provider/containerregistry_resource.go:218.2,221.33 4 0
terraform-provider-arubacloud/internal/provider/containerregistry_resource.go:221.33,223.3 1 0
terraform-provider-arubacloud/internal/provider/containerregistry_resource.go:226.2,256.69 2 0
terraform-provider-arubacloud/internal/provider/containerregistry_resource.go:256.69,260.3 1 0
terraform-provider-arubacloud/internal/provider/containerregistry_resource.go:263.2,263.59 1 0
terraform-provider-arubacloud/internal/provider/containerregistry_resource.go:263.59,267.34 4 0
terraform-provider-arubacloud/internal/provider/containerregistry_resource.go:267.34,269.4 1 0
terraform-provider-arubacloud/internal/provider/containerregistry_resource.go:271.3,271.80 1 0
terraform-provider-arubacloud/internal/provider/containerregistry_resource.go:271.80,275.4 1 0
terraform-provider-arubacloud/internal/provider/containerregistry_resource.go:277.3,277.104 1 0
terraform-provider-arubacloud/internal/provider/containerregistry_resource.go:277.104,280.4 2 0
terraform-provider-arubacloud/internal/provider/containerregistry_resource.go:284.2,285.28 2 0
terraform-provider-arubacloud/internal/provider/containerregistry_resource.go:285.28,291.3 2 0
terraform-provider-arubacloud/internal/provider/containerregistry_resource.go:293.2,294.27 2 0
terraform-provider-arubacloud/internal/provider/containerregistry_resource.go:294.27,300.3 2 0
terraform-provider-arubacloud/internal/provider/containerregistry_resource.go:302.2,303.16 2 0
terraform-provider-arubacloud/internal/provider/containerregistry_resource.go:303.16,309.3 2 0
terraform-provider-arubacloud/internal/provider/containerregistry_resource.go:311.2,311.68 1 0
terraform-provider-arubacloud/internal/provider/containerregistry_resource.go:311.68,318.3 4 0
terraform-provider-arubacloud/internal/provider/containerregistry_resource.go:320.2,320.45 1 0
terraform-provider-arubacloud/internal/provider/containerregistry_resource.go:320.45,321.39 1 0
terraform-provider-arubacloud/internal/provider/containerregistry_resource.go:321.39,323.4 1 0
terraform-provider-arubacloud/internal/provider/containerregistry_resource.go:324.3,324.40 1 0
terraform-provider-arubacloud/internal/provider/containerregistry_resource.go:324.40,326.4 1 0
terraform-provider-arubacloud/internal/provider/containerregistry_resource.go:326.9,328.4 1 0
terraform-provider-arubacloud/internal/provider/containerregistry_resource.go:329.8,335.3 2 0
terraform-provider-arubacloud/internal/provider/containerregistry_resource.go:339.2,340.55 2 0
terraform-provider-arubacloud/internal/provider/containerregistry_resource.go:340.55,342.17 2 0
terraform-provider-arubacloud/internal/provider/containerregistry_resource.go:342.17,344.4 1 0
terraform-provider-arubacloud/internal/provider/containerregistry_resource.go:345.3,345.80 1 0
terraform-provider-arubacloud/internal/provider/containerregistry_resource.go:345.80,347.4 1 0
terraform-provider-arubacloud/internal/provider/containerregistry_resource.go:348.3,348.24 1 0
terraform-provider-arubacloud/internal/provider/containerregistry_resource.go:352.2,352.119 1 0
terraform-provider-arubacloud/internal/provider/containerregistry_resource.go:352.119,358.3 2 0
terraform-provider-arubacloud/internal/provider/containerregistry_resource.go:360.2,365.56 2 0
terraform-provider-arubacloud/internal/provider/containerregistry_resource.go:368.118,371.33 3 0
terraform-provider-arubacloud/internal/provider/containerregistry_resource.go:371.33,373.3 1 0
terraform-provider-arubacloud/internal/provider/containerregistry_resource.go:375.2,378.41 3 0
terraform-provider-arubacloud/internal/provider/containerregistry_resource.go:378.41,384.3 2 0
terraform-provider-arubacloud/internal/provider/containerregistry_resource.go:386.2,387.28 2 0
terraform-provider-arubacloud/internal/provider/containerregistry_resource.go:387.28,393.3 2 0
terraform-provider-arubacloud/internal/provider/containerregistry_resource.go:395.2,396.27 2 0
terraform-provider-arubacloud/internal/provider/containerregistry_resource.go:396.27,402.3 2 0
terraform-provider-arubacloud/internal/provider/containerregistry_resource.go:405.2,406.16 2 0
terraform-provider-arubacloud/internal/provider/containerregistry_resource.go:406.16,412.3 2 0
terraform-provider-arubacloud/internal/provider/containerregistry_resource.go:414.2,414.68 1 0
terraform-provider-arubacloud/internal/provider/containerregistry_resource.go:414.68,415.33 1 0
terraform-provider-arubacloud/internal/provider/containerregistry_resource.go:415.33,418.4 2 0
terraform-provider-arubacloud/internal/provider/containerregistry_resource.go:419.3,425.9 4 0
terraform-provider-arubacloud/internal/provider/containerregistry_resource.go:428.2,428.45 1 0
terraform-provider-arubacloud/internal/provider/containerregistry_resource.go:428.45,431.34 2 0
terraform-provider-arubacloud/internal/provider/containerregistry_resource.go:431.34,433.4 1 0
terraform-provider-arubacloud/internal/provider/containerregistry_resource.go:434.3,434.35 1 0
terraform-provider-arubacloud/internal/provider/containerregistry_resource.go:434.35,436.4 1 0
terraform-provider-arubacloud/internal/provider/containerregistry_resource.go:436.9,438.4 1 0
terraform-provider-arubacloud/internal/provider/containerregistry_resource.go:439.3,439.36 1 0
terraform-provider-arubacloud/internal/provider/containerregistry_resource.go:439.36,441.4 1 0
terraform-provider-arubacloud/internal/provider/containerregistry_resource.go:442.3,442.48 1 0
terraform-provider-arubacloud/internal/provider/containerregistry_resource.go:442.48,444.4 1 0
terraform-provider-arubacloud/internal/provider/containerregistry_resource.go:447.3,463.35 4 0
terraform-provider-arubacloud/internal/provider/containerregistry_resource.go:463.35,465.4 1 0
terraform-provider-arubacloud/internal/provider/containerregistry_resource.go:468.3,478.35 4 0
terraform-provider-arubacloud/internal/provider/containerregistry_resource.go:478.35,480.4 1 0
terraform-provider-arubacloud/internal/provider/containerregistry_resource.go:483.3,486.51 3 0
terraform-provider-arubacloud/internal/provider/containerregistry_resource.go:486.51,488.4 1 0
terraform-provider-arubacloud/internal/provider/containerregistry_resource.go:488.9,490.4 1 0
terraform-provider-arubacloud/internal/provider/containerregistry_resource.go:492.3,492.95 1 0
terraform-provider-arubacloud/internal/provider/containerregistry_resource.go:492.95,494.4 1 0
terraform-provider-arubacloud/internal/provider/containerregistry_resource.go:494.9,496.4 1 0
terraform-provider-arubacloud/internal/provider/containerregistry_resource.go:498.3,510.35 4 0
terraform-provider-arubacloud/internal/provider/containerregistry_resource.go:510.35,512.4 1 0
terraform-provider-arubacloud/internal/provider/containerregistry_resource.go:514.3,514.58 1 0
terraform-provider-arubacloud/internal/provider/containerregistry_resource.go:514.58,516.4 1 0
terraform-provider-arubacloud/internal/provider/containerregistry_resource.go:516.9,518.4 1 0
terraform-provider-arubacloud/internal/provider/containerregistry_resource.go:521.3,521.38 1 0
terraform-provider-arubacloud/internal/provider/containerregistry_resource.go:521.38,523.47 2 0
terraform-provider-arubacloud/internal/provider/containerregistry_resource.go:523.47,525.5 1 0
terraform-provider-arubacloud/internal/provider/containerregistry_resource.go:526.4,528.36 3 0
terraform-provider-arubacloud/internal/provider/containerregistry_resource.go:528.36,530.5 1 0
terraform-provider-arubacloud/internal/provider/containerregistry_resource.go:531.9,534.36 3 0
terraform-provider-arubacloud/internal/provider/containerregistry_resource.go:534.36,536.5 1 0
terraform-provider-arubacloud/internal/provider/containerregistry_resource.go:538.8,541.3 2 0
terraform-provider-arubacloud/internal/provider/containerregistry_resource.go:543.2,543.56 1 0
terraform-provider-arubacloud/internal/provider/containerregistry_resource.go:546.124,551.33 4 0
terraform-provider-arubacloud/internal/provider/containerregistry_resource.go:551.33,553.3 1 0
terraform-provider-arubacloud/internal/provider/containerregistry_resource.go:555.2,556.33 2 0
terraform-provider-arubacloud/internal/provider/containerregistry_resource.go:556.33,558.3 1 0
terraform-provider-arubacloud/internal/provider/containerregistry_resource.go:561.2,564.41 3 0
terraform-provider-arubacloud/internal/provider/containerregistry_resource.go:564.41,570.3 2 0
terraform-provider-arubacloud/internal/provider/containerregistry_resource.go:572.2,573.28 2 0
terraform-provider-arubacloud/internal/provider/containerregistry_resource.go:573.28,579.3 2 0
terraform-provider-arubacloud/internal/provider/containerregistry_resource.go:581.2,582.27 2 0
terraform-provider-arubacloud/internal/provider/containerregistry_resource.go:582.27,588.3 2 0
terraform-provider-arubacloud/internal/provider/containerregistry_resource.go:591.2,592.16 2 0
terraform-provider-arubacloud/internal/provider/containerregistry_resource.go:592.16,598.3 2 0
terraform-provider-arubacloud/internal/provider/containerregistry_resource.go:600.2,600.51 1 0
terraform-provider-arubacloud/internal/provider/containerregistry_resource.go:600.51,606.3 2 0
terraform-provider-arubacloud/internal/provider/containerregistry_resource.go:608.2,612.46 3 0
terraform-provider-arubacloud/internal/provider/containerregistry_resource.go:612.46,614.3 1 0
terraform-provider-arubacloud/internal/provider/containerregistry_resource.go:615.2,615.23 1 0
terraform-provider-arubacloud/internal/provider/containerregistry_resource.go:615.23,621.3 2 0
terraform-provider-arubacloud/internal/provider/containerregistry_resource.go:624.2,625.51 2 0
terraform-provider-arubacloud/internal/provider/containerregistry_resource.go:625.51,628.34 3 0
terraform-provider-arubacloud/internal/provider/containerregistry_resource.go:628.34,630.4 1 0
terraform-provider-arubacloud/internal/provider/containerregistry_resource.go:631.8,633.3 1 0
terraform-provider-arubacloud/internal/provider/containerregistry_resource.go:636.2,640.33 5 0
terraform-provider-arubacloud/internal/provider/containerregistry_resource.go:640.33,642.3 1 0
terraform-provider-arubacloud/internal/provider/containerregistry_resource.go:645.2,648.33 4 0
terraform-provider-arubacloud/internal/provider/containerregistry_resource.go:648.33,650.3 1 0
terraform-provider-arubacloud/internal/provider/containerregistry_resource.go:653.2,684.69 2 0
terraform-provider-arubacloud/internal/provider/containerregistry_resource.go:684.69,688.3 1 0
terraform-provider-arubacloud/internal/provider/containerregistry_resource.go:688.8,688.63 1 0
terraform-provider-arubacloud/internal/provider/containerregistry_resource.go:688.63,692.3 1 0
terraform-provider-arubacloud/internal/provider/containerregistry_resource.go:695.2,695.59 1 0
terraform-provider-arubacloud/internal/provider/containerregistry_resource.go:695.59,699.34 4 0
terraform-provider-arubacloud/internal/provider/containerregistry_resource.go:699.34,701.4 1 0
terraform-provider-arubacloud/internal/provider/containerregistry_resource.go:703.3,703.80 1 0
terraform-provider-arubacloud/internal/provider/containerregistry_resource.go:703.80,707.4 1 0
terraform-provider-arubacloud/internal/provider/containerregistry_resource.go:707.9,707.57 1 0
terraform-provider-arubacloud/internal/provider/containerregistry_resource.go:707.57,711.4 1 0
terraform-provider-arubacloud/internal/provider/containerregistry_resource.go:713.3,713.104 1 0
terraform-provider-arubacloud/internal/provider/containerregistry_resource.go:713.104,716.4 2 0
terraform-provider-arubacloud/internal/provider/containerregistry_resource.go:716.9,716.55 1 0
terraform-provider-arubacloud/internal/provider/containerregistry_resource.go:716.55,718.4 1 0
terraform-provider-arubacloud/internal/provider/containerregistry_resource.go:719.8,721.50 1 0
terraform-provider-arubacloud/internal/provider/containerregistry_resource.go:721.50,725.4 1 0
terraform-provider-arubacloud/internal/provider/containerregistry_resource.go:726.3,726.48 1 0
terraform-provider-arubacloud/internal/provider/containerregistry_resource.go:726.48,728.4 1 0
terraform-provider-arubacloud/internal/provider/containerregistry_resource.go:732.2,733.16 2 0
terraform-provider-arubacloud/internal/provider/containerregistry_resource.go:733.16,739.3 2 0
terraform-provider-arubacloud/internal/provider/containerregistry_resource.go:741.2,741.68 1 0
terraform-provider-arubacloud/internal/provider/containerregistry_resource.go:741.68,749.3 4 0
terraform-provider-arubacloud/internal/provider/containerregistry_resource.go:752.2,759.45 7 0
terraform-provider-arubacloud/internal/provider/containerregistry_resource.go:759.45,761.39 1 0
terraform-provider-arubacloud/internal/provider/containerregistry_resource.go:761.39,763.4 1 0
terraform-provider-arubacloud/internal/provider/containerregistry_resource.go:764.3,764.40 1 0
terraform-provider-arubacloud/internal/provider/containerregistry_resource.go:764.40,766.4 1 0
terraform-provider-arubacloud/internal/provider/containerregistry_resource.go:767.8,770.58 2 0
terraform-provider-arubacloud/internal/provider/containerregistry_resource.go:770.58,771.40 1 0
terraform-provider-arubacloud/internal/provider/containerregistry_resource.go:771.40,773.5 1 0
terraform-provider-arubacloud/internal/provider/containerregistry_resource.go:773.10,775.5 1 0
terraform-provider-arubacloud/internal/provider/containerregistry_resource.go:776.9,779.4 1 0
terraform-provider-arubacloud/internal/provider/containerregistry_resource.go:783.2,784.57 2 0
terraform-provider-arubacloud/internal/provider/containerregistry_resource.go:784.57,787.35 2 0
terraform-provider-arubacloud/internal/provider/containerregistry_resource.go:787.35,789.4 1 0
terraform-provider-arubacloud/internal/provider/containerregistry_resource.go:789.9,791.4 1 0
terraform-provider-arubacloud/internal/provider/containerregistry_resource.go:794.3,810.35 4 0
terraform-provider-arubacloud/internal/provider/containerregistry_resource.go:810.35,812.4 1 0
terraform-provider-arubacloud/internal/provider/containerregistry_resource.go:815.3,825.35 4 0
terraform-provider-arubacloud/internal/provider/containerregistry_resource.go:825.35,827.4 1 0
terraform-provider-arubacloud/internal/provider/containerregistry_resource.go:830.3,833.91 3 0
terraform-provider-arubacloud/internal/provider/containerregistry_resource.go:833.91,835.4 1 0
terraform-provider-arubacloud/internal/provider/containerregistry_resource.go:835.9,837.4 1 0
terraform-provider-arubacloud/internal/provider/containerregistry_resource.go:839.3,839.95 1 0
terraform-provider-arubacloud/internal/provider/containerregistry_resource.go:839.95,841.4 1 0
terraform-provider-arubacloud/internal/provider/containerregistry_resource.go:841.9,843.4 1 0
terraform-provider-arubacloud/internal/provider/containerregistry_resource.go:845.3,857.35 4 0
terraform-provider-arubacloud/internal/provider/containerregistry_resource.go:857.35,859.4 1 0
terraform-provider-arubacloud/internal/provider/containerregistry_resource.go:862.3,862.36 1 0
terraform-provider-arubacloud/internal/provider/containerregistry_resource.go:862.36,864.4 1 0
terraform-provider-arubacloud/internal/provider/containerregistry_resource.go:865.3,865.48 1 0
terraform-provider-arubacloud/internal/provider/containerregistry_resource.go:865.48,867.4 1 0
terraform-provider-arubacloud/internal/provider/containerregistry_resource.go:868.3,868.100 1 0
terraform-provider-arubacloud/internal/provider/containerregistry_resource.go:868.100,870.4 1 0
terraform-provider-arubacloud/internal/provider/containerregistry_resource.go:870.9,872.4 1 0
terraform-provider-arubacloud/internal/provider/containerregistry_resource.go:875.3,875.38 1 0
terraform-provider-arubacloud/internal/provider/containerregistry_resource.go:875.38,877.47 2 0
terraform-provider-arubacloud/internal/provider/containerregistry_resource.go:877.47,879.5 1 0
terraform-provider-arubacloud/internal/provider/containerregistry_resource.go:880.4,882.36 3 0
terraform-provider-arubacloud/internal/provider/containerregistry_resource.go:882.36,884.5 1 0
terraform-provider-arubacloud/internal/provider/containerregistry_resource.go:885.9,888.36 3 0
terraform-provider-arubacloud/internal/provider/containerregistry_resource.go:888.36,890.5 1 0
terraform-provider-arubacloud/internal/provider/containerregistry_resource.go:892.8,898.3 4 0
terraform-provider-arubacloud/internal/provider/containerregistry_resource.go:900.2,900.56 1 0
terraform-provider-arubacloud/internal/provider/containerregistry_resource.go:903.124,906.33 3 0
terraform-provider-arubacloud/internal/provider/containerregistry_resource.go:906.33,908.3 1 0
terraform-provider-arubacloud/internal/provider/containerregistry_resource.go:910.2,913.41 3 0
terraform-provider-arubacloud/internal/provider/containerregistry_resource.go:913.41,919.3 2 0
terraform-provider-arubacloud/internal/provider/containerregistry_resource.go:921.2,922.28 2 0
terraform-provider-arubacloud/internal/provider/containerregistry_resource.go:922.28,928.3 2 0
terraform-provider-arubacloud/internal/provider/containerregistry_resource.go:930.2,931.27 2 0
terraform-provider-arubacloud/internal/provider/containerregistry_resource.go:931.27,937.3 2 0
terraform-provider-arubacloud/internal/provider/containerregistry_resource.go:941.2,943.31 1 0
terraform-provider-arubacloud/internal/provider/containerregistry_resource.go:943.31,945.4 1 0
terraform-provider-arubacloud/internal/provider/containerregistry_resource.go:952.2,952.16 1 0
terraform-provider-arubacloud/internal/provider/containerregistry_resource.go:952.16,958.3 2 0
terraform-provider-arubacloud/internal/provider/containerregistry_resource.go:960.2,962.4 1 0
terraform-provider-arubacloud/internal/provider/containerregistry_resource.go:965.139,967.2 1 0
terraform-provider-arubacloud/internal/provider/database_data_source.go:18.52,20.2 1 1
terraform-provider-arubacloud/internal/provider/database_data_source.go:33.127,35.2 1 1
terraform-provider-arubacloud/internal/provider/database_data_source.go:37.121,59.2 1 1
terraform-provider-arubacloud/internal/provider/database_data_source.go:61.130,62.29 1 0
terraform-provider-arubacloud/internal/provider/database_data_source.go:62.29,64.3 1 0
terraform-provider-arubacloud/internal/provider/database_data_source.go:65.2,66.9 2 0
terraform-provider-arubacloud/internal/provider/database_data_source.go:66.9,72.3 2 0
terraform-provider-arubacloud/internal/provider/database_data_source.go:73.2,73.19 1 0
terraform-provider-arubacloud/internal/provider/database_data_source.go:76.115,79.33 3 0
terraform-provider-arubacloud/internal/provider/database_data_source.go:79.33,81.3 1 0
terraform-provider-arubacloud/internal/provider/database_data_source.go:84.2,89.56 5 0
terraform-provider-arubacloud/internal/provider/database_resource.go:33.46,35.2 1 1
terraform-provider-arubacloud/internal/provider/database_resource.go:37.121,39.2 1 1
terraform-provider-arubacloud/internal/provider/database_resource.go:41.115,67.2 1 1
terraform-provider-arubacloud/internal/provider/database_resource.go:69.124,70.29 1 0
terraform-provider-arubacloud/internal/provider/database_resource.go:70.29,72.3 1 0
terraform-provider-arubacloud/internal/provider/database_resource.go:73.2,74.9 2 0
terraform-provider-arubacloud/internal/provider/database_resource.go:74.9,80.3 2 0
terraform-provider-arubacloud/internal/provider/database_resource.go:81.2,81.19 1 0
terraform-provider-arubacloud/internal/provider/database_resource.go:84.115,87.33 3 0
terraform-provider-arubacloud/internal/provider/database_resource.go:87.33,89.3 1 0
terraform-provider-arubacloud/internal/provider/database_resource.go:91.2,94.38 3 0
terraform-provider-arubacloud/internal/provider/database_resource.go:94.38,100.3 2 0
terraform-provider-arubacloud/internal/provider/database_resource.go:103.2,109.16 3 0
terraform-provider-arubacloud/internal/provider/database_resource.go:109.16,115.3 2 0
terraform-provider-arubacloud/internal/provider/database_resource.go:117.2,117.68 1 0
terraform-provider-arubacloud/internal/provider/database_resource.go:117.68,125.3 4 0
terraform-provider-arubacloud/internal/provider/database_resource.go:127.2,127.45 1 0
terraform-provider-arubacloud/internal/provider/database_resource.go:127.45,132.3 2 0
terraform-provider-arubacloud/internal/provider/database_resource.go:132.8,138.3 2 0
terraform-provider-arubacloud/internal/provider/database_resource.go:142.2,143.55 2 0
terraform-provider-arubacloud/internal/provider/database_resource.go:143.55,145.17 2 0
terraform-provider-arubacloud/internal/provider/database_resource.go:145.17,147.4 1 0
terraform-provider-arubacloud/internal/provider/database_resource.go:149.3,149.44 1 0
terraform-provider-arubacloud/internal/provider/database_resource.go:149.44,151.4 1 0
terraform-provider-arubacloud/internal/provider/database_resource.go:152.3,152.24 1 0
terraform-provider-arubacloud/internal/provider/database_resource.go:156.2,156.112 1 0
terraform-provider-arubacloud/internal/provider/database_resource.go:156.112,162.3 2 0
terraform-provider-arubacloud/internal/provider/database_resource.go:164.2,169.56 2 0
terraform-provider-arubacloud/internal/provider/database_resource.go:172.109,175.33 3 0
terraform-provider-arubacloud/internal/provider/database_resource.go:175.33,177.3 1 0
terraform-provider-arubacloud/internal/provider/database_resource.go:179.2,183.60 4 0
terraform-provider-arubacloud/internal/provider/database_resource.go:183.60,189.3 2 0
terraform-provider-arubacloud/internal/provider/database_resource.go:192.2,193.16 2 0
terraform-provider-arubacloud/internal/provider/database_resource.go:193.16,199.3 2 0
terraform-provider-arubacloud/internal/provider/database_resource.go:201.2,201.68 1 0
terraform-provider-arubacloud/internal/provider/database_resource.go:201.68,202.33 1 0
terraform-provider-arubacloud/internal/provider/database_resource.go:202.33,205.4 2 0
terraform-provider-arubacloud/internal/provider/database_resource.go:206.3,213.9 4 0
terraform-provider-arubacloud/internal/provider/database_resource.go:216.2,216.45 1 0
terraform-provider-arubacloud/internal/provider/database_resource.go:216.45,222.3 4 0
terraform-provider-arubacloud/internal/provider/database_resource.go:222.8,225.3 2 0
terraform-provider-arubacloud/internal/provider/database_resource.go:227.2,227.56 1 0
terraform-provider-arubacloud/internal/provider/database_resource.go:230.115,235.33 4 0
terraform-provider-arubacloud/internal/provider/database_resource.go:235.33,237.3 1 0
terraform-provider-arubacloud/internal/provider/database_resource.go:239.2,240.33 2 0
terraform-provider-arubacloud/internal/provider/database_resource.go:240.33,242.3 1 0
terraform-provider-arubacloud/internal/provider/database_resource.go:245.2,249.63 4 0
terraform-provider-arubacloud/internal/provider/database_resource.go:249.63,255.3 2 0
terraform-provider-arubacloud/internal/provider/database_resource.go:258.2,264.16 3 0
terraform-provider-arubacloud/internal/provider/database_resource.go:264.16,270.3 2 0
terraform-provider-arubacloud/internal/provider/database_resource.go:272.2,272.68 1 0
terraform-provider-arubacloud/internal/provider/database_resource.go:272.68,281.3 4 0
terraform-provider-arubacloud/internal/provider/database_resource.go:283.2,283.45 1 0
terraform-provider-arubacloud/internal/provider/database_resource.go:283.45,288.3 2 0
terraform-provider-arubacloud/internal/provider/database_resource.go:291.2,295.45 4 0
terraform-provider-arubacloud/internal/provider/database_resource.go:295.45,298.3 1 0
terraform-provider-arubacloud/internal/provider/database_resource.go:300.2,300.56 1 0
terraform-provider-arubacloud/internal/provider/database_resource.go:303.115,306.33 3 0
terraform-provider-arubacloud/internal/provider/database_resource.go:306.33,308.3 1 0
terraform-provider-arubacloud/internal/provider/database_resource.go:310.2,314.60 4 0
terraform-provider-arubacloud/internal/provider/database_resource.go:314.60,320.3 2 0
terraform-provider-arubacloud/internal/provider/database_resource.go:324.2,326.31 1 0
terraform-provider-arubacloud/internal/provider/database_resource.go:326.31,328.4 1 0
terraform-provider-arubacloud/internal/provider/database_resource.go:335.2,335.16 1 0
terraform-provider-arubacloud/internal/provider/database_resource.go:335.16,341.3 2 0
terraform-provider-arubacloud/internal/provider/database_resource.go:343.2,345.4 1 0
terraform-provider-arubacloud/internal/provider/database_resource.go:348.130,350.2 1 0
terraform-provider-arubacloud/internal/provider/databasebackup_data_source.go:18.58,20.2 1 1
terraform-provider-arubacloud/internal/provider/databasebackup_data_source.go:37.133,39.2 1 1
terraform-provider-arubacloud/internal/provider/databasebackup_data_source.go:41.127,80.2 1 1
terraform-provider-arubacloud/internal/provider/databasebackup_data_source.go:82.136,83.29 1 0
terraform-provider-arubacloud/internal/provider/databasebackup_data_source.go:83.29,85.3 1 0
terraform-provider-arubacloud/internal/provider/databasebackup_data_source.go:86.2,87.9 2 0
terraform-provider-arubacloud/internal/provider/databasebackup_data_source.go:87.9,93.3 2 0
terraform-provider-arubacloud/internal/provider/databasebackup_data_source.go:94.2,94.19 1 0
terraform-provider-arubacloud/internal/provider/databasebackup_data_source.go:97.121,100.33 3 0
terraform-provider-arubacloud/internal/provider/databasebackup_data_source.go:100.33,102.3 1 0
terraform-provider-arubacloud/internal/provider/databasebackup_data_source.go:103.2,105.56 3 0
terraform-provider-arubacloud/internal/provider/databasebackup_resource.go:39.52,41.2 1 1
terraform-provider-arubacloud/internal/provider/databasebackup_resource.go:43.127,45.2 1 1
terraform-provider-arubacloud/internal/provider/databasebackup_resource.go:47.121,94.2 1 1
terraform-provider-arubacloud/internal/provider/databasebackup_resource.go:96.130,97.29 1 0
terraform-provider-arubacloud/internal/provider/databasebackup_resource.go:97.29,99.3 1 0
terraform-provider-arubacloud/internal/provider/databasebackup_resource.go:100.2,101.9 2 0
terraform-provider-arubacloud/internal/provider/databasebackup_resource.go:101.9,107.3 2 0
terraform-provider-arubacloud/internal/provider/databasebackup_resource.go:108.2,108.19 1 0
terraform-provider-arubacloud/internal/provider/databasebackup_resource.go:111.121,114.33 3 0
terraform-provider-arubacloud/internal/provider/databasebackup_resource.go:114.33,116.3 1 0
terraform-provider-arubacloud/internal/provider/databasebackup_resource.go:118.2,122.60 4 0
terraform-provider-arubacloud/internal/provider/databasebackup_resource.go:122.60,128.3 2 0
terraform-provider-arubacloud/internal/provider/databasebackup_resource.go:131.2,132.16 2 0
terraform-provider-arubacloud/internal/provider/databasebackup_resource.go:132.16,138.3 2 0
terraform-provider-arubacloud/internal/provider/databasebackup_resource.go:140.2,140.85 1 0
terraform-provider-arubacloud/internal/provider/databasebackup_resource.go:140.85,146.3 2 0
terraform-provider-arubacloud/internal/provider/databasebackup_resource.go:148.2,153.51 4 0
terraform-provider-arubacloud/internal/provider/databasebackup_resource.go:153.51,156.34 3 0
terraform-provider-arubacloud/internal/provider/databasebackup_resource.go:156.34,158.4 1 0
terraform-provider-arubacloud/internal/provider/databasebackup_resource.go:162.2,188.16 3 0
terraform-provider-arubacloud/internal/provider/databasebackup_resource.go:188.16,194.3 2 0
terraform-provider-arubacloud/internal/provider/databasebackup_resource.go:196.2,196.68 1 0
terraform-provider-arubacloud/internal/provider/databasebackup_resource.go:196.68,204.3 4 0
terraform-provider-arubacloud/internal/provider/databasebackup_resource.go:206.2,206.81 1 0
terraform-provider-arubacloud/internal/provider/databasebackup_resource.go:206.81,208.40 2 0
terraform-provider-arubacloud/internal/provider/databasebackup_resource.go:208.40,210.4 1 0
terraform-provider-arubacloud/internal/provider/databasebackup_resource.go:210.9,212.4 1 0
terraform-provider-arubacloud/internal/provider/databasebackup_resource.go:213.8,219.3 2 0
terraform-provider-arubacloud/internal/provider/databasebackup_resource.go:223.2,224.55 2 0
terraform-provider-arubacloud/internal/provider/databasebackup_resource.go:224.55,226.17 2 0
terraform-provider-arubacloud/internal/provider/databasebackup_resource.go:226.17,228.4 1 0
terraform-provider-arubacloud/internal/provider/databasebackup_resource.go:229.3,229.80 1 0
terraform-provider-arubacloud/internal/provider/databasebackup_resource.go:229.80,231.4 1 0
terraform-provider-arubacloud/internal/provider/databasebackup_resource.go:232.3,232.24 1 0
terraform-provider-arubacloud/internal/provider/databasebackup_resource.go:236.2,236.114 1 0
terraform-provider-arubacloud/internal/provider/databasebackup_resource.go:236.114,242.3 2 0
terraform-provider-arubacloud/internal/provider/databasebackup_resource.go:244.2,249.56 2 0
terraform-provider-arubacloud/internal/provider/databasebackup_resource.go:252.115,255.33 3 0
terraform-provider-arubacloud/internal/provider/databasebackup_resource.go:255.33,257.3 1 0
terraform-provider-arubacloud/internal/provider/databasebackup_resource.go:259.2,262.39 3 0
terraform-provider-arubacloud/internal/provider/databasebackup_resource.go:262.39,268.3 2 0
terraform-provider-arubacloud/internal/provider/databasebackup_resource.go:271.2,272.16 2 0
terraform-provider-arubacloud/internal/provider/databasebackup_resource.go:272.16,278.3 2 0
terraform-provider-arubacloud/internal/provider/databasebackup_resource.go:280.2,280.68 1 0
terraform-provider-arubacloud/internal/provider/databasebackup_resource.go:280.68,281.33 1 0
terraform-provider-arubacloud/internal/provider/databasebackup_resource.go:281.33,284.4 2 0
terraform-provider-arubacloud/internal/provider/databasebackup_resource.go:285.3,291.9 4 0
terraform-provider-arubacloud/internal/provider/databasebackup_resource.go:294.2,294.45 1 0
terraform-provider-arubacloud/internal/provider/databasebackup_resource.go:294.45,296.32 2 0
terraform-provider-arubacloud/internal/provider/databasebackup_resource.go:296.32,298.4 1 0
terraform-provider-arubacloud/internal/provider/databasebackup_resource.go:299.3,299.33 1 0
terraform-provider-arubacloud/internal/provider/databasebackup_resource.go:299.33,301.4 1 0
terraform-provider-arubacloud/internal/provider/databasebackup_resource.go:301.9,303.4 1 0
terraform-provider-arubacloud/internal/provider/databasebackup_resource.go:304.3,304.34 1 0
terraform-provider-arubacloud/internal/provider/databasebackup_resource.go:304.34,306.4 1 0
terraform-provider-arubacloud/internal/provider/databasebackup_resource.go:307.3,307.46 1 0
terraform-provider-arubacloud/internal/provider/databasebackup_resource.go:307.46,309.4 1 0
terraform-provider-arubacloud/internal/provider/databasebackup_resource.go:310.3,310.34 1 0
terraform-provider-arubacloud/internal/provider/databasebackup_resource.go:310.34,312.45 2 0
[...]
terraform-provider-arubacloud/internal/provider/vpnroute_resource.go:489.39,491.4 1 0
terraform-provider-arubacloud/internal/provider/vpnroute_resource.go:494.2,494.56 1 0
terraform-provider-arubacloud/internal/provider/vpnroute_resource.go:497.115,500.33 3 0
terraform-provider-arubacloud/internal/provider/vpnroute_resource.go:500.33,502.3 1 0
terraform-provider-arubacloud/internal/provider/vpnroute_resource.go:504.2,508.59 4 0
terraform-provider-arubacloud/internal/provider/vpnroute_resource.go:508.59,514.3 2 0
terraform-provider-arubacloud/internal/provider/vpnroute_resource.go:518.2,520.31 1 0
terraform-provider-arubacloud/internal/provider/vpnroute_resource.go:520.31,522.4 1 0
terraform-provider-arubacloud/internal/provider/vpnroute_resource.go:529.2,529.16 1 0
terraform-provider-arubacloud/internal/provider/vpnroute_resource.go:529.16,535.3 2 0
terraform-provider-arubacloud/internal/provider/vpnroute_resource.go:537.2,539.4 1 0
terraform-provider-arubacloud/internal/provider/vpnroute_resource.go:542.130,544.2 1 0
terraform-provider-arubacloud/internal/provider/vpntunnel_data_source.go:18.53,20.2 1 1
terraform-provider-arubacloud/internal/provider/vpntunnel_data_source.go:33.128,35.2 1 1
terraform-provider-arubacloud/internal/provider/vpntunnel_data_source.go:37.122,59.2 1 1
terraform-provider-arubacloud/internal/provider/vpntunnel_data_source.go:61.131,62.29 1 0
terraform-provider-arubacloud/internal/provider/vpntunnel_data_source.go:62.29,64.3 1 0
terraform-provider-arubacloud/internal/provider/vpntunnel_data_source.go:65.2,66.9 2 0
terraform-provider-arubacloud/internal/provider/vpntunnel_data_source.go:66.9,72.3 2 0
terraform-provider-arubacloud/internal/provider/vpntunnel_data_source.go:73.2,73.19 1 0
terraform-provider-arubacloud/internal/provider/vpntunnel_data_source.go:76.116,79.33 3 0
terraform-provider-arubacloud/internal/provider/vpntunnel_data_source.go:79.33,81.3 1 0
terraform-provider-arubacloud/internal/provider/vpntunnel_data_source.go:82.2,86.56 5 0
terraform-provider-arubacloud/internal/provider/vpntunnel_resource.go:23.47,25.2 1 1
terraform-provider-arubacloud/internal/provider/vpntunnel_resource.go:41.122,43.2 1 1
terraform-provider-arubacloud/internal/provider/vpntunnel_resource.go:45.116,214.2 1 1
terraform-provider-arubacloud/internal/provider/vpntunnel_resource.go:216.125,217.29 1 0
terraform-provider-arubacloud/internal/provider/vpntunnel_resource.go:217.29,219.3 1 0
terraform-provider-arubacloud/internal/provider/vpntunnel_resource.go:220.2,221.9 2 0
terraform-provider-arubacloud/internal/provider/vpntunnel_resource.go:221.9,227.3 2 0
terraform-provider-arubacloud/internal/provider/vpntunnel_resource.go:228.2,228.19 1 0
terraform-provider-arubacloud/internal/provider/vpntunnel_resource.go:231.116,234.33 3 0
terraform-provider-arubacloud/internal/provider/vpntunnel_resource.go:234.33,236.3 1 0
terraform-provider-arubacloud/internal/provider/vpntunnel_resource.go:238.2,239.21 2 0
terraform-provider-arubacloud/internal/provider/vpntunnel_resource.go:239.21,245.3 2 0
terraform-provider-arubacloud/internal/provider/vpntunnel_resource.go:248.2,249.51 2 0
terraform-provider-arubacloud/internal/provider/vpntunnel_resource.go:249.51,252.34 3 0
terraform-provider-arubacloud/internal/provider/vpntunnel_resource.go:252.34,254.4 1 0
terraform-provider-arubacloud/internal/provider/vpntunnel_resource.go:258.2,260.33 3 0
terraform-provider-arubacloud/internal/provider/vpntunnel_resource.go:260.33,262.3 1 0
terraform-provider-arubacloud/internal/provider/vpntunnel_resource.go:264.2,268.78 3 0
terraform-provider-arubacloud/internal/provider/vpntunnel_resource.go:268.78,269.79 1 0
terraform-provider-arubacloud/internal/provider/vpntunnel_resource.go:269.79,271.4 1 0
terraform-provider-arubacloud/internal/provider/vpntunnel_resource.go:274.2,275.91 2 0
terraform-provider-arubacloud/internal/provider/vpntunnel_resource.go:275.91,276.82 1 0
terraform-provider-arubacloud/internal/provider/vpntunnel_resource.go:276.82,278.4 1 0
terraform-provider-arubacloud/internal/provider/vpntunnel_resource.go:281.2,282.84 2 0
terraform-provider-arubacloud/internal/provider/vpntunnel_resource.go:282.84,283.79 1 0
terraform-provider-arubacloud/internal/provider/vpntunnel_resource.go:283.79,285.4 1 0
terraform-provider-arubacloud/internal/provider/vpntunnel_resource.go:289.2,290.89 2 0
terraform-provider-arubacloud/internal/provider/vpntunnel_resource.go:290.89,291.82 1 0
terraform-provider-arubacloud/internal/provider/vpntunnel_resource.go:291.82,294.36 3 0
terraform-provider-arubacloud/internal/provider/vpntunnel_resource.go:294.36,299.66 3 0
terraform-provider-arubacloud/internal/provider/vpntunnel_resource.go:299.66,300.70 1 0
terraform-provider-arubacloud/internal/provider/vpntunnel_resource.go:300.70,303.39 3 0
terraform-provider-arubacloud/internal/provider/vpntunnel_resource.go:303.39,305.67 2 0
terraform-provider-arubacloud/internal/provider/vpntunnel_resource.go:305.67,306.79 1 0
terraform-provider-arubacloud/internal/provider/vpntunnel_resource.go:306.79,308.44 2 0
terraform-provider-arubacloud/internal/provider/vpntunnel_resource.go:308.44,310.11 1 0
terraform-provider-arubacloud/internal/provider/vpntunnel_resource.go:311.10,311.64 1 0
terraform-provider-arubacloud/internal/provider/vpntunnel_resource.go:319.5,319.75 1 0
terraform-provider-arubacloud/internal/provider/vpntunnel_resource.go:319.75,320.79 1 0
terraform-provider-arubacloud/internal/provider/vpntunnel_resource.go:320.79,323.39 3 0
terraform-provider-arubacloud/internal/provider/vpntunnel_resource.go:323.39,325.76 2 0
terraform-provider-arubacloud/internal/provider/vpntunnel_resource.go:325.76,326.88 1 0
terraform-provider-arubacloud/internal/provider/vpntunnel_resource.go:326.88,328.47 2 0
terraform-provider-arubacloud/internal/provider/vpntunnel_resource.go:328.47,330.34 1 0
terraform-provider-arubacloud/internal/provider/vpntunnel_resource.go:330.34,334.30 3 0
terraform-provider-arubacloud/internal/provider/vpntunnel_resource.go:334.30,337.13 2 0
terraform-provider-arubacloud/internal/provider/vpntunnel_resource.go:342.10,343.45 2 0
terraform-provider-arubacloud/internal/provider/vpntunnel_resource.go:343.45,345.29 2 0
terraform-provider-arubacloud/internal/provider/vpntunnel_resource.go:345.29,347.12 1 0
terraform-provider-arubacloud/internal/provider/vpntunnel_resource.go:349.10,352.11 1 0
terraform-provider-arubacloud/internal/provider/vpntunnel_resource.go:360.5,360.82 1 0
terraform-provider-arubacloud/internal/provider/vpntunnel_resource.go:360.82,361.85 1 0
terraform-provider-arubacloud/internal/provider/vpntunnel_resource.go:361.85,364.39 3 0
terraform-provider-arubacloud/internal/provider/vpntunnel_resource.go:364.39,366.82 2 0
terraform-provider-arubacloud/internal/provider/vpntunnel_resource.go:366.82,367.94 1 0
terraform-provider-arubacloud/internal/provider/vpntunnel_resource.go:367.94,369.49 2 0
terraform-provider-arubacloud/internal/provider/vpntunnel_resource.go:369.49,371.11 1 0
terraform-provider-arubacloud/internal/provider/vpntunnel_resource.go:372.10,372.74 1 0
terraform-provider-arubacloud/internal/provider/vpntunnel_resource.go:383.2,384.93 2 0
terraform-provider-arubacloud/internal/provider/vpntunnel_resource.go:384.93,385.85 1 0
terraform-provider-arubacloud/internal/provider/vpntunnel_resource.go:385.85,388.36 3 0
terraform-provider-arubacloud/internal/provider/vpntunnel_resource.go:388.36,393.67 3 0
terraform-provider-arubacloud/internal/provider/vpntunnel_resource.go:393.67,394.70 1 0
terraform-provider-arubacloud/internal/provider/vpntunnel_resource.go:394.70,397.39 3 0
terraform-provider-arubacloud/internal/provider/vpntunnel_resource.go:397.39,401.79 3 0
terraform-provider-arubacloud/internal/provider/vpntunnel_resource.go:401.79,402.87 1 0
terraform-provider-arubacloud/internal/provider/vpntunnel_resource.go:402.87,406.10 2 0
terraform-provider-arubacloud/internal/provider/vpntunnel_resource.go:408.8,408.85 1 0
terraform-provider-arubacloud/internal/provider/vpntunnel_resource.go:408.85,409.94 1 0
terraform-provider-arubacloud/internal/provider/vpntunnel_resource.go:409.94,412.10 2 0
terraform-provider-arubacloud/internal/provider/vpntunnel_resource.go:414.8,414.67 1 0
terraform-provider-arubacloud/internal/provider/vpntunnel_resource.go:414.67,415.76 1 0
terraform-provider-arubacloud/internal/provider/vpntunnel_resource.go:415.76,418.10 2 0
terraform-provider-arubacloud/internal/provider/vpntunnel_resource.go:420.8,420.77 1 0
terraform-provider-arubacloud/internal/provider/vpntunnel_resource.go:420.77,421.85 1 0
terraform-provider-arubacloud/internal/provider/vpntunnel_resource.go:421.85,424.10 2 0
terraform-provider-arubacloud/internal/provider/vpntunnel_resource.go:426.8,426.83 1 0
terraform-provider-arubacloud/internal/provider/vpntunnel_resource.go:426.83,427.91 1 0
terraform-provider-arubacloud/internal/provider/vpntunnel_resource.go:427.91,430.10 2 0
terraform-provider-arubacloud/internal/provider/vpntunnel_resource.go:432.8,432.89 1 0
terraform-provider-arubacloud/internal/provider/vpntunnel_resource.go:432.89,433.96 1 0
terraform-provider-arubacloud/internal/provider/vpntunnel_resource.go:433.96,437.10 2 0
terraform-provider-arubacloud/internal/provider/vpntunnel_resource.go:439.8,439.86 1 0
terraform-provider-arubacloud/internal/provider/vpntunnel_resource.go:439.86,440.93 1 0
terraform-provider-arubacloud/internal/provider/vpntunnel_resource.go:440.93,444.10 2 0
terraform-provider-arubacloud/internal/provider/vpntunnel_resource.go:447.8,447.43 1 0
terraform-provider-arubacloud/internal/provider/vpntunnel_resource.go:453.5,453.67 1 0
terraform-provider-arubacloud/internal/provider/vpntunnel_resource.go:453.67,454.70 1 0
terraform-provider-arubacloud/internal/provider/vpntunnel_resource.go:454.70,457.39 3 0
terraform-provider-arubacloud/internal/provider/vpntunnel_resource.go:457.39,461.79 3 0
terraform-provider-arubacloud/internal/provider/vpntunnel_resource.go:461.79,462.87 1 0
terraform-provider-arubacloud/internal/provider/vpntunnel_resource.go:462.87,466.10 2 0
terraform-provider-arubacloud/internal/provider/vpntunnel_resource.go:468.8,468.85 1 0
terraform-provider-arubacloud/internal/provider/vpntunnel_resource.go:468.85,469.94 1 0
terraform-provider-arubacloud/internal/provider/vpntunnel_resource.go:469.94,472.10 2 0
terraform-provider-arubacloud/internal/provider/vpntunnel_resource.go:474.8,474.67 1 0
terraform-provider-arubacloud/internal/provider/vpntunnel_resource.go:474.67,475.76 1 0
terraform-provider-arubacloud/internal/provider/vpntunnel_resource.go:475.76,478.10 2 0
terraform-provider-arubacloud/internal/provider/vpntunnel_resource.go:480.8,480.64 1 0
terraform-provider-arubacloud/internal/provider/vpntunnel_resource.go:480.64,481.73 1 0
terraform-provider-arubacloud/internal/provider/vpntunnel_resource.go:481.73,484.10 2 0
terraform-provider-arubacloud/internal/provider/vpntunnel_resource.go:487.8,487.43 1 0
terraform-provider-arubacloud/internal/provider/vpntunnel_resource.go:493.5,493.67 1 0
terraform-provider-arubacloud/internal/provider/vpntunnel_resource.go:493.67,494.70 1 0
terraform-provider-arubacloud/internal/provider/vpntunnel_resource.go:494.70,497.39 3 0
terraform-provider-arubacloud/internal/provider/vpntunnel_resource.go:497.39,501.83 3 0
terraform-provider-arubacloud/internal/provider/vpntunnel_resource.go:501.83,502.91 1 0
terraform-provider-arubacloud/internal/provider/vpntunnel_resource.go:502.91,505.10 2 0
terraform-provider-arubacloud/internal/provider/vpntunnel_resource.go:507.8,507.87 1 0
terraform-provider-arubacloud/internal/provider/vpntunnel_resource.go:507.87,508.94 1 0
terraform-provider-arubacloud/internal/provider/vpntunnel_resource.go:508.94,511.10 2 0
terraform-provider-arubacloud/internal/provider/vpntunnel_resource.go:513.8,513.73 1 0
terraform-provider-arubacloud/internal/provider/vpntunnel_resource.go:513.73,514.82 1 0
terraform-provider-arubacloud/internal/provider/vpntunnel_resource.go:514.82,517.10 2 0
terraform-provider-arubacloud/internal/provider/vpntunnel_resource.go:520.8,520.43 1 0
terraform-provider-arubacloud/internal/provider/vpntunnel_resource.go:526.5,526.91 1 0
terraform-provider-arubacloud/internal/provider/vpntunnel_resource.go:526.91,527.79 1 0
terraform-provider-arubacloud/internal/provider/vpntunnel_resource.go:527.79,530.7 2 0
terraform-provider-arubacloud/internal/provider/vpntunnel_resource.go:537.2,560.16 3 0
terraform-provider-arubacloud/internal/provider/vpntunnel_resource.go:560.16,566.3 2 0
terraform-provider-arubacloud/internal/provider/vpntunnel_resource.go:568.2,568.68 1 0
terraform-provider-arubacloud/internal/provider/vpntunnel_resource.go:568.68,573.3 4 0
terraform-provider-arubacloud/internal/provider/vpntunnel_resource.go:575.2,575.45 1 0
terraform-provider-arubacloud/internal/provider/vpntunnel_resource.go:575.45,576.39 1 0
terraform-provider-arubacloud/internal/provider/vpntunnel_resource.go:576.39,578.4 1 0
terraform-provider-arubacloud/internal/provider/vpntunnel_resource.go:579.3,579.40 1 0
terraform-provider-arubacloud/internal/provider/vpntunnel_resource.go:579.40,581.4 1 0
terraform-provider-arubacloud/internal/provider/vpntunnel_resource.go:581.9,583.4 1 0
terraform-provider-arubacloud/internal/provider/vpntunnel_resource.go:584.8,590.3 2 0
terraform-provider-arubacloud/internal/provider/vpntunnel_resource.go:594.2,595.55 2 0
terraform-provider-arubacloud/internal/provider/vpntunnel_resource.go:595.55,597.17 2 0
terraform-provider-arubacloud/internal/provider/vpntunnel_resource.go:597.17,599.4 1 0
terraform-provider-arubacloud/internal/provider/vpntunnel_resource.go:600.3,600.80 1 0
terraform-provider-arubacloud/internal/provider/vpntunnel_resource.go:600.80,602.4 1 0
terraform-provider-arubacloud/internal/provider/vpntunnel_resource.go:603.3,603.24 1 0
terraform-provider-arubacloud/internal/provider/vpntunnel_resource.go:607.2,607.109 1 0
terraform-provider-arubacloud/internal/provider/vpntunnel_resource.go:607.109,613.3 2 0
terraform-provider-arubacloud/internal/provider/vpntunnel_resource.go:615.2,620.56 2 0
terraform-provider-arubacloud/internal/provider/vpntunnel_resource.go:623.110,626.33 3 0
terraform-provider-arubacloud/internal/provider/vpntunnel_resource.go:626.33,628.3 1 0
terraform-provider-arubacloud/internal/provider/vpntunnel_resource.go:630.2,633.39 3 0
terraform-provider-arubacloud/internal/provider/vpntunnel_resource.go:633.39,639.3 2 0
terraform-provider-arubacloud/internal/provider/vpntunnel_resource.go:642.2,643.16 2 0
terraform-provider-arubacloud/internal/provider/vpntunnel_resource.go:643.16,649.3 2 0
terraform-provider-arubacloud/internal/provider/vpntunnel_resource.go:651.2,651.68 1 0
terraform-provider-arubacloud/internal/provider/vpntunnel_resource.go:651.68,652.33 1 0
terraform-provider-arubacloud/internal/provider/vpntunnel_resource.go:652.33,655.4 2 0
terraform-provider-arubacloud/internal/provider/vpntunnel_resource.go:656.3,662.9 4 0
terraform-provider-arubacloud/internal/provider/vpntunnel_resource.go:665.2,665.45 1 0
terraform-provider-arubacloud/internal/provider/vpntunnel_resource.go:665.45,668.32 2 0
terraform-provider-arubacloud/internal/provider/vpntunnel_resource.go:668.32,670.4 1 0
terraform-provider-arubacloud/internal/provider/vpntunnel_resource.go:671.3,671.33 1 0
terraform-provider-arubacloud/internal/provider/vpntunnel_resource.go:671.33,673.4 1 0
terraform-provider-arubacloud/internal/provider/vpntunnel_resource.go:673.9,675.4 1 0
terraform-provider-arubacloud/internal/provider/vpntunnel_resource.go:676.3,676.34 1 0
terraform-provider-arubacloud/internal/provider/vpntunnel_resource.go:676.34,678.4 1 0
terraform-provider-arubacloud/internal/provider/vpntunnel_resource.go:679.3,679.46 1 0
terraform-provider-arubacloud/internal/provider/vpntunnel_resource.go:679.46,681.4 1 0
terraform-provider-arubacloud/internal/provider/vpntunnel_resource.go:684.3,684.36 1 0
terraform-provider-arubacloud/internal/provider/vpntunnel_resource.go:684.36,686.45 2 0
terraform-provider-arubacloud/internal/provider/vpntunnel_resource.go:686.45,688.5 1 0
terraform-provider-arubacloud/internal/provider/vpntunnel_resource.go:689.4,691.36 3 0
terraform-provider-arubacloud/internal/provider/vpntunnel_resource.go:691.36,693.5 1 0
terraform-provider-arubacloud/internal/provider/vpntunnel_resource.go:694.9,697.36 3 0
terraform-provider-arubacloud/internal/provider/vpntunnel_resource.go:697.36,699.5 1 0
terraform-provider-arubacloud/internal/provider/vpntunnel_resource.go:704.8,707.3 2 0
terraform-provider-arubacloud/internal/provider/vpntunnel_resource.go:709.2,709.56 1 0
terraform-provider-arubacloud/internal/provider/vpntunnel_resource.go:712.116,717.33 4 0
terraform-provider-arubacloud/internal/provider/vpntunnel_resource.go:717.33,719.3 1 0
terraform-provider-arubacloud/internal/provider/vpntunnel_resource.go:721.2,722.33 2 0
terraform-provider-arubacloud/internal/provider/vpntunnel_resource.go:722.33,724.3 1 0
terraform-provider-arubacloud/internal/provider/vpntunnel_resource.go:727.2,730.39 3 0
terraform-provider-arubacloud/internal/provider/vpntunnel_resource.go:730.39,736.3 2 0
terraform-provider-arubacloud/internal/provider/vpntunnel_resource.go:739.2,740.16 2 0
terraform-provider-arubacloud/internal/provider/vpntunnel_resource.go:740.16,746.3 2 0
terraform-provider-arubacloud/internal/provider/vpntunnel_resource.go:748.2,748.51 1 0
terraform-provider-arubacloud/internal/provider/vpntunnel_resource.go:748.51,754.3 2 0
terraform-provider-arubacloud/internal/provider/vpntunnel_resource.go:756.2,759.74 2 0
terraform-provider-arubacloud/internal/provider/vpntunnel_resource.go:759.74,765.3 2 0
terraform-provider-arubacloud/internal/provider/vpntunnel_resource.go:768.2,769.46 2 0
terraform-provider-arubacloud/internal/provider/vpntunnel_resource.go:769.46,771.3 1 0
terraform-provider-arubacloud/internal/provider/vpntunnel_resource.go:772.2,772.23 1 0
terraform-provider-arubacloud/internal/provider/vpntunnel_resource.go:772.23,778.3 2 0
terraform-provider-arubacloud/internal/provider/vpntunnel_resource.go:781.2,782.51 2 0
terraform-provider-arubacloud/internal/provider/vpntunnel_resource.go:782.51,785.34 3 0
terraform-provider-arubacloud/internal/provider/vpntunnel_resource.go:785.34,787.4 1 0
terraform-provider-arubacloud/internal/provider/vpntunnel_resource.go:788.8,790.3 1 0
terraform-provider-arubacloud/internal/provider/vpntunnel_resource.go:793.2,815.16 3 0
terraform-provider-arubacloud/internal/provider/vpntunnel_resource.go:815.16,821.3 2 0
terraform-provider-arubacloud/internal/provider/vpntunnel_resource.go:823.2,823.68 1 0
terraform-provider-arubacloud/internal/provider/vpntunnel_resource.go:823.68,828.3 4 0
terraform-provider-arubacloud/internal/provider/vpntunnel_resource.go:831.2,834.45 3 0
terraform-provider-arubacloud/internal/provider/vpntunnel_resource.go:834.45,836.39 1 0
terraform-provider-arubacloud/internal/provider/vpntunnel_resource.go:836.39,838.4 1 0
terraform-provider-arubacloud/internal/provider/vpntunnel_resource.go:841.2,841.56 1 0
terraform-provider-arubacloud/internal/provider/vpntunnel_resource.go:844.116,847.33 3 0
terraform-provider-arubacloud/internal/provider/vpntunnel_resource.go:847.33,849.3 1 0
terraform-provider-arubacloud/internal/provider/vpntunnel_resource.go:851.2,854.39 3 0
terraform-provider-arubacloud/internal/provider/vpntunnel_resource.go:854.39,860.3 2 0
terraform-provider-arubacloud/internal/provider/vpntunnel_resource.go:864.2,866.31 1 0
terraform-provider-arubacloud/internal/provider/vpntunnel_resource.go:866.31,868.4 1 0
terraform-provider-arubacloud/internal/provider/vpntunnel_resource.go:875.2,875.16 1 0
terraform-provider-arubacloud/internal/provider/vpntunnel_resource.go:875.16,881.3 2 0
terraform-provider-arubacloud/internal/provider/vpntunnel_resource.go:883.2,885.4 1 0
terraform-provider-arubacloud/internal/provider/vpntunnel_resource.go:888.131,890.2 1 0
